2025-10-30T18:51:52.549+01:00  INFO 31404 --- [marketing-service] [main] c.e.marketing.MarketingApplication       : Starting MarketingApplication using Java 22.0.2 with PID 31404 (C:\Users\domen\Desktop\programowanie\SportShop-microservice\backend\marketing\target\classes started by domen in C:\Users\domen\Desktop\programowanie\SportShop-microservice\backend)
2025-10-30T18:51:52.563+01:00  INFO 31404 --- [marketing-service] [main] c.e.marketing.MarketingApplication       : No active profile set, falling back to 1 default profile: "default"
2025-10-30T18:51:52.711+01:00  INFO 31404 --- [marketing-service] [main] o.s.c.c.c.ConfigServerConfigDataLoader   : Fetching config from server at : http://localhost:8888
2025-10-30T18:51:52.711+01:00  INFO 31404 --- [marketing-service] [main] o.s.c.c.c.ConfigServerConfigDataLoader   : Located environment: name=marketing-service, profiles=[default], label=null, version=null, state=null
2025-10-30T18:51:52.712+01:00 DEBUG 31404 --- [marketing-service] [main] o.s.c.c.c.ConfigServerConfigDataLoader   : Environment marketing-service has 1 property sources with 90 properties.
2025-10-30T18:51:52.979+01:00 DEBUG 31404 --- [marketing-service] [main] o.s.c.a.ClassPathBeanDefinitionScanner   : Identified candidate component class: file [C:\Users\domen\Desktop\programowanie\SportShop-microservice\backend\marketing\target\classes\com\ecommerce\marketing\clients\UserCallerService.class]
2025-10-30T18:51:53.024+01:00 DEBUG 31404 --- [marketing-service] [main] o.s.c.a.ClassPathBeanDefinitionScanner   : Identified candidate component class: file [C:\Users\domen\Desktop\programowanie\SportShop-microservice\backend\marketing\target\classes\com\ecommerce\marketing\config\NewsletterConsumer.class]
2025-10-30T18:51:53.028+01:00 DEBUG 31404 --- [marketing-service] [main] o.s.c.a.ClassPathBeanDefinitionScanner   : Identified candidate component class: file [C:\Users\domen\Desktop\programowanie\SportShop-microservice\backend\marketing\target\classes\com\ecommerce\marketing\config\NewsletterProducer.class]
2025-10-30T18:51:53.030+01:00 DEBUG 31404 --- [marketing-service] [main] o.s.c.a.ClassPathBeanDefinitionScanner   : Identified candidate component class: file [C:\Users\domen\Desktop\programowanie\SportShop-microservice\backend\marketing\target\classes\com\ecommerce\marketing\config\OrderEmailEventConsumer.class]
2025-10-30T18:51:53.036+01:00 DEBUG 31404 --- [marketing-service] [main] o.s.c.a.ClassPathBeanDefinitionScanner   : Identified candidate component class: file [C:\Users\domen\Desktop\programowanie\SportShop-microservice\backend\marketing\target\classes\com\ecommerce\marketing\email\EmailService.class]
2025-10-30T18:51:53.053+01:00 DEBUG 31404 --- [marketing-service] [main] o.s.c.a.ClassPathBeanDefinitionScanner   : Identified candidate component class: file [C:\Users\domen\Desktop\programowanie\SportShop-microservice\backend\marketing\target\classes\com\ecommerce\marketing\exceptions\GlobalExceptionHandler.class]
2025-10-30T18:51:53.095+01:00 DEBUG 31404 --- [marketing-service] [main] o.s.c.a.ClassPathBeanDefinitionScanner   : Identified candidate component class: file [C:\Users\domen\Desktop\programowanie\SportShop-microservice\backend\marketing\target\classes\com\ecommerce\marketing\mainImages\ImagesController.class]
2025-10-30T18:51:53.101+01:00 DEBUG 31404 --- [marketing-service] [main] o.s.c.a.ClassPathBeanDefinitionScanner   : Ignored because not a concrete top-level class: file [C:\Users\domen\Desktop\programowanie\SportShop-microservice\backend\marketing\target\classes\com\ecommerce\marketing\mainImages\ImagesRepository.class]
2025-10-30T18:51:53.113+01:00 DEBUG 31404 --- [marketing-service] [main] o.s.c.a.ClassPathBeanDefinitionScanner   : Identified candidate component class: file [C:\Users\domen\Desktop\programowanie\SportShop-microservice\backend\marketing\target\classes\com\ecommerce\marketing\mainImages\ImagesService.class]
2025-10-30T18:51:53.123+01:00 DEBUG 31404 --- [marketing-service] [main] o.s.c.a.ClassPathBeanDefinitionScanner   : Identified candidate component class: file [C:\Users\domen\Desktop\programowanie\SportShop-microservice\backend\marketing\target\classes\com\ecommerce\marketing\newsletter\NewsletterController.class]
2025-10-30T18:51:53.130+01:00 DEBUG 31404 --- [marketing-service] [main] o.s.c.a.ClassPathBeanDefinitionScanner   : Ignored because not a concrete top-level class: file [C:\Users\domen\Desktop\programowanie\SportShop-microservice\backend\marketing\target\classes\com\ecommerce\marketing\newsletter\NewsletterRepository.class]
2025-10-30T18:51:53.144+01:00 DEBUG 31404 --- [marketing-service] [main] o.s.c.a.ClassPathBeanDefinitionScanner   : Identified candidate component class: file [C:\Users\domen\Desktop\programowanie\SportShop-microservice\backend\marketing\target\classes\com\ecommerce\marketing\newsletter\NewsletterService.class]
2025-10-30T18:51:53.176+01:00 DEBUG 31404 --- [marketing-service] [main] o.s.c.a.ClassPathBeanDefinitionScanner   : Identified candidate component class: file [C:\Users\domen\Desktop\programowanie\SportShop-microservice\backend\marketing\target\classes\com\ecommerce\marketing\security\SecurityConfig.class]
2025-10-30T18:51:54.763+01:00 DEBUG 31404 --- [marketing-service] [main] o.s.c.openfeign.FeignClientsRegistrar$1  : Identified candidate component class: file [C:\Users\domen\Desktop\programowanie\SportShop-microservice\backend\marketing\target\classes\com\ecommerce\marketing\clients\UserClient.class]
2025-10-30T18:51:56.591+01:00  INFO 31404 --- [marketing-service] [main] .s.d.r.c.RepositoryConfigurationDelegate : Bootstrapping Spring Data JPA repositories in DEFAULT mode.
2025-10-30T18:51:56.950+01:00  INFO 31404 --- [marketing-service] [main] .s.d.r.c.RepositoryConfigurationDelegate : Finished Spring Data repository scanning in 339 ms. Found 2 JPA repository interfaces.
2025-10-30T18:51:57.595+01:00  INFO 31404 --- [marketing-service] [main] faultConfiguringBeanFactoryPostProcessor : No bean named 'errorChannel' has been explicitly defined. Therefore, a default PublishSubscribeChannel will be created.
2025-10-30T18:51:57.626+01:00  INFO 31404 --- [marketing-service] [main] faultConfiguringBeanFactoryPostProcessor : No bean named 'integrationHeaderChannelRegistry' has been explicitly defined. Therefore, a default DefaultHeaderChannelRegistry will be created.
2025-10-30T18:51:58.077+01:00  INFO 31404 --- [marketing-service] [main] o.s.cloud.context.scope.GenericScope     : BeanFactory id=181988a4-e523-3df1-98ab-9b7e51a9beb9
2025-10-30T18:52:01.249+01:00  INFO 31404 --- [marketing-service] [main] o.s.b.w.embedded.tomcat.TomcatWebServer  : Tomcat initialized with port 8086 (http)
2025-10-30T18:52:01.295+01:00  INFO 31404 --- [marketing-service] [main] o.apache.catalina.core.StandardService   : Starting service [Tomcat]
2025-10-30T18:52:01.295+01:00  INFO 31404 --- [marketing-service] [main] o.apache.catalina.core.StandardEngine    : Starting Servlet engine: [Apache Tomcat/10.1.43]
2025-10-30T18:52:01.489+01:00  INFO 31404 --- [marketing-service] [main] o.a.c.c.C.[.[localhost].[/api/v1]        : Initializing Spring embedded WebApplicationContext
2025-10-30T18:52:01.490+01:00  INFO 31404 --- [marketing-service] [main] w.s.c.ServletWebServerApplicationContext : Root WebApplicationContext: initialization completed in 8753 ms
2025-10-30T18:52:03.165+01:00  INFO 31404 --- [marketing-service] [main] o.hibernate.jpa.internal.util.LogHelper  : HHH000204: Processing PersistenceUnitInfo [name: default]
2025-10-30T18:52:03.331+01:00  INFO 31404 --- [marketing-service] [main] org.hibernate.Version                    : HHH000412: Hibernate ORM core version 6.6.22.Final
2025-10-30T18:52:03.425+01:00  INFO 31404 --- [marketing-service] [main] o.h.c.internal.RegionFactoryInitiator    : HHH000026: Second-level cache disabled
2025-10-30T18:52:04.120+01:00  INFO 31404 --- [marketing-service] [main] o.s.o.j.p.SpringPersistenceUnitInfo      : No LoadTimeWeaver setup: ignoring JPA class transformer
2025-10-30T18:52:04.181+01:00  INFO 31404 --- [marketing-service] [main] com.zaxxer.hikari.HikariDataSource       : HikariPool-1 - Starting...
2025-10-30T18:52:04.662+01:00  INFO 31404 --- [marketing-service] [main] com.zaxxer.hikari.pool.HikariPool        : HikariPool-1 - Added connection org.postgresql.jdbc.PgConnection@5d8de155
2025-10-30T18:52:04.665+01:00  INFO 31404 --- [marketing-service] [main] com.zaxxer.hikari.HikariDataSource       : HikariPool-1 - Start completed.
2025-10-30T18:52:04.940+01:00  INFO 31404 --- [marketing-service] [main] org.hibernate.orm.connections.pooling    : HHH10001005: Database info:
	Database JDBC URL [Connecting through datasource 'HikariDataSource (HikariPool-1)']
	Database driver: undefined/unknown
	Database version: 15.14
	Autocommit mode: undefined/unknown
	Isolation level: undefined/unknown
	Minimum pool size: undefined/unknown
	Maximum pool size: undefined/unknown
2025-10-30T18:52:06.905+01:00  INFO 31404 --- [marketing-service] [main] o.h.e.t.j.p.i.JtaPlatformInitiator       : HHH000489: No JTA platform available (set 'hibernate.transaction.jta.platform' to enable JTA platform integration)
2025-10-30T18:52:07.075+01:00  INFO 31404 --- [marketing-service] [main] j.LocalContainerEntityManagerFactoryBean : Initialized JPA EntityManagerFactory for persistence unit 'default'
2025-10-30T18:52:07.121+01:00 DEBUG 31404 --- [marketing-service] [main] o.s.c.openfeign.FeignClientFactoryBean   : Creating a FeignClientFactoryBean.
2025-10-30T18:52:07.222+01:00 DEBUG 31404 --- [marketing-service] [main] s.c.a.AnnotationConfigApplicationContext : Refreshing FeignClientFactory-user-service
2025-10-30T18:52:07.655+01:00  WARN 31404 --- [marketing-service] [main] JpaBaseConfiguration$JpaWebConfiguration : spring.jpa.open-in-view is enabled by default. Therefore, database queries may be performed during view rendering. Explicitly configure spring.jpa.open-in-view to disable this warning
2025-10-30T18:52:08.039+01:00 DEBUG 31404 --- [marketing-service] [main] ssPathScanningCandidateComponentProvider : Identified candidate component class: URL [jar:file:/C:/Users/domen/.m2/repository/org/springframework/cloud/spring-cloud-bus/4.3.0-RC1/spring-cloud-bus-4.3.0-RC1.jar!/org/springframework/cloud/bus/event/AckRemoteApplicationEvent.class]
2025-10-30T18:52:08.040+01:00 DEBUG 31404 --- [marketing-service] [main] ssPathScanningCandidateComponentProvider : Identified candidate component class: URL [jar:file:/C:/Users/domen/.m2/repository/org/springframework/cloud/spring-cloud-bus/4.3.0-RC1/spring-cloud-bus-4.3.0-RC1.jar!/org/springframework/cloud/bus/event/EnvironmentChangeRemoteApplicationEvent.class]
2025-10-30T18:52:08.041+01:00 DEBUG 31404 --- [marketing-service] [main] ssPathScanningCandidateComponentProvider : Identified candidate component class: URL [jar:file:/C:/Users/domen/.m2/repository/org/springframework/cloud/spring-cloud-bus/4.3.0-RC1/spring-cloud-bus-4.3.0-RC1.jar!/org/springframework/cloud/bus/event/RefreshRemoteApplicationEvent.class]
2025-10-30T18:52:08.043+01:00 DEBUG 31404 --- [marketing-service] [main] ssPathScanningCandidateComponentProvider : Ignored because not a concrete top-level class: URL [jar:file:/C:/Users/domen/.m2/repository/org/springframework/cloud/spring-cloud-bus/4.3.0-RC1/spring-cloud-bus-4.3.0-RC1.jar!/org/springframework/cloud/bus/event/RemoteApplicationEvent.class]
2025-10-30T18:52:08.045+01:00 DEBUG 31404 --- [marketing-service] [main] ssPathScanningCandidateComponentProvider : Identified candidate component class: URL [jar:file:/C:/Users/domen/.m2/repository/org/springframework/cloud/spring-cloud-bus/4.3.0-RC1/spring-cloud-bus-4.3.0-RC1.jar!/org/springframework/cloud/bus/event/ShutdownRemoteApplicationEvent.class]
2025-10-30T18:52:08.046+01:00 DEBUG 31404 --- [marketing-service] [main] ssPathScanningCandidateComponentProvider : Identified candidate component class: URL [jar:file:/C:/Users/domen/.m2/repository/org/springframework/cloud/spring-cloud-bus/4.3.0-RC1/spring-cloud-bus-4.3.0-RC1.jar!/org/springframework/cloud/bus/event/UnknownRemoteApplicationEvent.class]
2025-10-30T18:52:12.438+01:00  INFO 31404 --- [marketing-service] [main] o.s.b.a.e.web.EndpointLinksResolver      : Exposing 35 endpoints beneath base path '/actuator'
2025-10-30T18:52:13.721+01:00  WARN 31404 --- [marketing-service] [main] c.f.c.c.BeanFactoryAwareFunctionRegistry : Failed to locate function 'newsletterEmail' for function definition 'newsletterEmail'. Returning null.
2025-10-30T18:52:13.730+01:00  WARN 31404 --- [marketing-service] [main] c.f.c.c.BeanFactoryAwareFunctionRegistry : Failed to locate function 'orderEmail' for function definition 'orderEmail'. Returning null.
2025-10-30T18:52:13.732+01:00  WARN 31404 --- [marketing-service] [main] c.f.c.c.BeanFactoryAwareFunctionRegistry : Failed to locate function 'busConsumer' for function definition 'busConsumer'. Returning null.
2025-10-30T18:52:13.823+01:00  INFO 31404 --- [marketing-service] [main] o.s.c.s.m.DirectWithAttributesChannel    : Channel 'marketing-service.newsletterEmail-in-0' has 1 subscriber(s).
2025-10-30T18:52:13.828+01:00  INFO 31404 --- [marketing-service] [main] o.s.c.s.m.DirectWithAttributesChannel    : Channel 'marketing-service.orderEmail-in-0' has 1 subscriber(s).
2025-10-30T18:52:13.834+01:00  INFO 31404 --- [marketing-service] [main] o.s.c.s.m.DirectWithAttributesChannel    : Channel 'marketing-service.springCloudBusInput' has 1 subscriber(s).
2025-10-30T18:52:14.488+01:00  INFO 31404 --- [marketing-service] [main] DiscoveryClientOptionalArgsConfiguration : Eureka HTTP Client uses RestTemplate.
2025-10-30T18:52:14.591+01:00  WARN 31404 --- [marketing-service] [main] iguration$LoadBalancerCaffeineWarnLogger : Spring Cloud LoadBalancer is currently working with the default cache. While this cache implementation is useful for development and tests, it's recommended to use Caffeine cache in production.You can switch to using Caffeine cache, by adding it and org.springframework.cache.caffeine.CaffeineCacheManager to the classpath.
2025-10-30T18:52:14.812+01:00 DEBUG 31404 --- [marketing-service] [main] o.s.c.support.DefaultLifecycleProcessor  : Starting beans in phase -2147483648
2025-10-30T18:52:14.812+01:00 DEBUG 31404 --- [marketing-service] [main] o.s.c.support.DefaultLifecycleProcessor  : Successfully started bean 'rabbitConnectionFactory'
2025-10-30T18:52:14.812+01:00 DEBUG 31404 --- [marketing-service] [main] o.s.c.support.DefaultLifecycleProcessor  : Successfully started bean 'kafkaProducerFactory'
2025-10-30T18:52:14.812+01:00  INFO 31404 --- [marketing-service] [main] o.s.i.endpoint.EventDrivenConsumer       : Adding {logging-channel-adapter:_org.springframework.integration.errorLogger} as a subscriber to the 'errorChannel' channel
2025-10-30T18:52:14.813+01:00  INFO 31404 --- [marketing-service] [main] o.s.i.channel.PublishSubscribeChannel    : Channel 'marketing-service.errorChannel' has 1 subscriber(s).
2025-10-30T18:52:14.813+01:00  INFO 31404 --- [marketing-service] [main] o.s.i.endpoint.EventDrivenConsumer       : started bean '_org.springframework.integration.errorLogger'
2025-10-30T18:52:14.813+01:00 DEBUG 31404 --- [marketing-service] [main] o.s.c.support.DefaultLifecycleProcessor  : Successfully started bean '_org.springframework.integration.errorLogger'
2025-10-30T18:52:14.813+01:00 DEBUG 31404 --- [marketing-service] [main] o.s.c.support.DefaultLifecycleProcessor  : Successfully started bean 'applicationRunningController'
2025-10-30T18:52:14.814+01:00 DEBUG 31404 --- [marketing-service] [main] o.s.c.support.DefaultLifecycleProcessor  : Starting beans in phase -2147483647
2025-10-30T18:52:14.814+01:00 DEBUG 31404 --- [marketing-service] [main] o.s.c.support.DefaultLifecycleProcessor  : Successfully started bean 'springBootLoggingLifecycle'
2025-10-30T18:52:14.815+01:00 DEBUG 31404 --- [marketing-service] [main] o.s.c.support.DefaultLifecycleProcessor  : Starting beans in phase -2147482648
2025-10-30T18:52:14.817+01:00 DEBUG 31404 --- [marketing-service] [main] o.s.c.support.DefaultLifecycleProcessor  : Successfully started bean 'outputBindingLifecycle'
2025-10-30T18:52:14.817+01:00 DEBUG 31404 --- [marketing-service] [main] o.s.c.support.DefaultLifecycleProcessor  : Starting beans in phase 0
2025-10-30T18:52:14.946+01:00 DEBUG 31404 --- [marketing-service] [main] o.s.c.support.DefaultLifecycleProcessor  : Successfully started bean 'reactorResourceFactory'
2025-10-30T18:52:14.980+01:00  INFO 31404 --- [marketing-service] [main] o.s.c.n.eureka.InstanceInfoFactory       : Setting initial instance status as: STARTING
2025-10-30T18:52:15.026+01:00  INFO 31404 --- [marketing-service] [main] com.netflix.discovery.DiscoveryClient    : Initializing Eureka in region us-east-1
2025-10-30T18:52:15.032+01:00  INFO 31404 --- [marketing-service] [main] c.n.d.s.r.aws.ConfigClusterResolver      : Resolving eureka endpoints via configuration
2025-10-30T18:52:15.046+01:00  INFO 31404 --- [marketing-service] [main] com.netflix.discovery.DiscoveryClient    : Disable delta property : false
2025-10-30T18:52:15.046+01:00  INFO 31404 --- [marketing-service] [main] com.netflix.discovery.DiscoveryClient    : Single vip registry refresh property : null
2025-10-30T18:52:15.046+01:00  INFO 31404 --- [marketing-service] [main] com.netflix.discovery.DiscoveryClient    : Force full registry fetch : false
2025-10-30T18:52:15.046+01:00  INFO 31404 --- [marketing-service] [main] com.netflix.discovery.DiscoveryClient    : Application is null : false
2025-10-30T18:52:15.047+01:00  INFO 31404 --- [marketing-service] [main] com.netflix.discovery.DiscoveryClient    : Registered Applications size is zero : true
2025-10-30T18:52:15.047+01:00  INFO 31404 --- [marketing-service] [main] com.netflix.discovery.DiscoveryClient    : Application version is -1: true
2025-10-30T18:52:15.047+01:00  INFO 31404 --- [marketing-service] [main] com.netflix.discovery.DiscoveryClient    : Getting all instance registry info from the eureka server
2025-10-30T18:52:15.378+01:00  INFO 31404 --- [marketing-service] [main] com.netflix.discovery.DiscoveryClient    : The response status is 200
2025-10-30T18:52:15.388+01:00  INFO 31404 --- [marketing-service] [main] com.netflix.discovery.DiscoveryClient    : Starting heartbeat executor: renew interval is: 30
2025-10-30T18:52:15.391+01:00  INFO 31404 --- [marketing-service] [main] c.n.discovery.InstanceInfoReplicator     : InstanceInfoReplicator onDemand update allowed rate per min is 4
2025-10-30T18:52:15.393+01:00  INFO 31404 --- [marketing-service] [main] com.netflix.discovery.DiscoveryClient    : Discovery Client initialized at timestamp 1761846735393 with initial instances count: 3
2025-10-30T18:52:15.408+01:00  INFO 31404 --- [marketing-service] [main] o.s.c.n.e.s.EurekaServiceRegistry        : Registering application MARKETING-SERVICE with eureka with status UP
2025-10-30T18:52:15.411+01:00  INFO 31404 --- [marketing-service] [main] com.netflix.discovery.DiscoveryClient    : Saw local status change event StatusChangeEvent [timestamp=1761846735411, current=UP, previous=STARTING]
2025-10-30T18:52:15.413+01:00  INFO 31404 --- [marketing-service] [DiscoveryClient-InstanceInfoReplicator-%d] com.netflix.discovery.DiscoveryClient    : DiscoveryClient_MARKETING-SERVICE/dominikPC:marketing-service:8086: registering service...
2025-10-30T18:52:15.413+01:00 DEBUG 31404 --- [marketing-service] [main] o.s.c.support.DefaultLifecycleProcessor  : Successfully started bean 'eurekaAutoServiceRegistration'
2025-10-30T18:52:15.413+01:00 DEBUG 31404 --- [marketing-service] [main] o.s.c.support.DefaultLifecycleProcessor  : Starting beans in phase 1073741823
2025-10-30T18:52:15.414+01:00 DEBUG 31404 --- [marketing-service] [main] o.s.c.support.DefaultLifecycleProcessor  : Starting beans in phase 2147480647
2025-10-30T18:52:15.415+01:00  INFO 31404 --- [marketing-service] [main] o.s.c.s.binder.DefaultBinderFactory      : Creating binder: rabbit
2025-10-30T18:52:15.415+01:00  INFO 31404 --- [marketing-service] [main] o.s.c.s.binder.DefaultBinderFactory      : Constructing binder child context for rabbit
2025-10-30T18:52:15.423+01:00 DEBUG 31404 --- [marketing-service] [main] o.s.c.s.binder.DefaultBinderFactory      : Attempt to load org.springframework.cloud.stream.binder.kafka.support.ConsumerConfigCustomizer failed.

java.lang.ClassNotFoundException: org.springframework.cloud.stream.binder.kafka.support.ConsumerConfigCustomizer
	at java.base/jdk.internal.loader.BuiltinClassLoader.loadClass(BuiltinClassLoader.java:641) ~[na:na]
	at java.base/jdk.internal.loader.ClassLoaders$AppClassLoader.loadClass(ClassLoaders.java:188) ~[na:na]
	at java.base/java.lang.ClassLoader.loadClass(ClassLoader.java:525) ~[na:na]
	at org.springframework.cloud.stream.binder.DefaultBinderFactory.loadClass(DefaultBinderFactory.java:577) ~[spring-cloud-stream-4.3.0-RC1.jar:4.3.0-RC1]
	at org.springframework.cloud.stream.binder.DefaultBinderFactory.propagateSharedBeans(DefaultBinderFactory.java:553) ~[spring-cloud-stream-4.3.0-RC1.jar:4.3.0-RC1]
	at org.springframework.cloud.stream.binder.DefaultBinderFactory.initializeBinderContextSimple(DefaultBinderFactory.java:532) ~[spring-cloud-stream-4.3.0-RC1.jar:4.3.0-RC1]
	at org.springframework.cloud.stream.binder.DefaultBinderFactory.getBinderInstance(DefaultBinderFactory.java:384) ~[spring-cloud-stream-4.3.0-RC1.jar:4.3.0-RC1]
	at org.springframework.cloud.stream.binder.DefaultBinderFactory.doGetBinderConventional(DefaultBinderFactory.java:325) ~[spring-cloud-stream-4.3.0-RC1.jar:4.3.0-RC1]
	at org.springframework.cloud.stream.binder.DefaultBinderFactory.doGetBinder(DefaultBinderFactory.java:214) ~[spring-cloud-stream-4.3.0-RC1.jar:4.3.0-RC1]
	at org.springframework.cloud.stream.binder.DefaultBinderFactory.getBinder(DefaultBinderFactory.java:197) ~[spring-cloud-stream-4.3.0-RC1.jar:4.3.0-RC1]
	at org.springframework.cloud.stream.binding.BindingService.getBinder(BindingService.java:422) ~[spring-cloud-stream-4.3.0-RC1.jar:4.3.0-RC1]
	at org.springframework.cloud.stream.binding.BindingService.bindConsumer(BindingService.java:110) ~[spring-cloud-stream-4.3.0-RC1.jar:4.3.0-RC1]
	at org.springframework.cloud.stream.binding.AbstractBindableProxyFactory.createAndBindInputs(AbstractBindableProxyFactory.java:99) ~[spring-cloud-stream-4.3.0-RC1.jar:4.3.0-RC1]
	at org.springframework.cloud.stream.binding.InputBindingLifecycle.doStartWithBindable(InputBindingLifecycle.java:59) ~[spring-cloud-stream-4.3.0-RC1.jar:4.3.0-RC1]
	at java.base/java.util.LinkedHashMap$LinkedValues.forEach(LinkedHashMap.java:833) ~[na:na]
	at org.springframework.cloud.stream.binding.AbstractBindingLifecycle.start(AbstractBindingLifecycle.java:60) ~[spring-cloud-stream-4.3.0-RC1.jar:4.3.0-RC1]
	at org.springframework.context.support.DefaultLifecycleProcessor.doStart(DefaultLifecycleProcessor.java:405) ~[spring-context-6.2.9.jar:6.2.9]
	at org.springframework.context.support.DefaultLifecycleProcessor.doStart(DefaultLifecycleProcessor.java:394) ~[spring-context-6.2.9.jar:6.2.9]
	at org.springframework.context.support.DefaultLifecycleProcessor$LifecycleGroup.start(DefaultLifecycleProcessor.java:586) ~[spring-context-6.2.9.jar:6.2.9]
	at java.base/java.lang.Iterable.forEach(Iterable.java:75) ~[na:na]
	at org.springframework.context.support.DefaultLifecycleProcessor.startBeans(DefaultLifecycleProcessor.java:364) ~[spring-context-6.2.9.jar:6.2.9]
	at org.springframework.context.support.DefaultLifecycleProcessor.onRefresh(DefaultLifecycleProcessor.java:310) ~[spring-context-6.2.9.jar:6.2.9]
	at org.springframework.context.support.AbstractApplicationContext.finishRefresh(AbstractApplicationContext.java:1006) ~[spring-context-6.2.9.jar:6.2.9]
	at org.springframework.context.support.AbstractApplicationContext.refresh(AbstractApplicationContext.java:630) ~[spring-context-6.2.9.jar:6.2.9]
	at org.springframework.boot.web.servlet.context.ServletWebServerApplicationContext.refresh(ServletWebServerApplicationContext.java:146) ~[spring-boot-3.5.4.jar:3.5.4]
	at org.springframework.boot.SpringApplication.refresh(SpringApplication.java:752) ~[spring-boot-3.5.4.jar:3.5.4]
	at org.springframework.boot.SpringApplication.refreshContext(SpringApplication.java:439) ~[spring-boot-3.5.4.jar:3.5.4]
	at org.springframework.boot.SpringApplication.run(SpringApplication.java:318) ~[spring-boot-3.5.4.jar:3.5.4]
	at org.springframework.boot.SpringApplication.run(SpringApplication.java:1361) ~[spring-boot-3.5.4.jar:3.5.4]
	at org.springframework.boot.SpringApplication.run(SpringApplication.java:1350) ~[spring-boot-3.5.4.jar:3.5.4]
	at com.ecommerce.marketing.MarketingApplication.main(MarketingApplication.java:16) ~[classes/:na]

2025-10-30T18:52:15.430+01:00 DEBUG 31404 --- [marketing-service] [main] o.s.c.s.binder.DefaultBinderFactory      : Attempt to load org.springframework.cloud.stream.binder.kafka.provisioning.AdminClientConfigCustomizer failed.

java.lang.ClassNotFoundException: org.springframework.cloud.stream.binder.kafka.provisioning.AdminClientConfigCustomizer
	at java.base/jdk.internal.loader.BuiltinClassLoader.loadClass(BuiltinClassLoader.java:641) ~[na:na]
	at java.base/jdk.internal.loader.ClassLoaders$AppClassLoader.loadClass(ClassLoaders.java:188) ~[na:na]
	at java.base/java.lang.ClassLoader.loadClass(ClassLoader.java:525) ~[na:na]
	at org.springframework.cloud.stream.binder.DefaultBinderFactory.loadClass(DefaultBinderFactory.java:577) ~[spring-cloud-stream-4.3.0-RC1.jar:4.3.0-RC1]
	at org.springframework.cloud.stream.binder.DefaultBinderFactory.propagateSharedBeans(DefaultBinderFactory.java:553) ~[spring-cloud-stream-4.3.0-RC1.jar:4.3.0-RC1]
	at org.springframework.cloud.stream.binder.DefaultBinderFactory.initializeBinderContextSimple(DefaultBinderFactory.java:532) ~[spring-cloud-stream-4.3.0-RC1.jar:4.3.0-RC1]
	at org.springframework.cloud.stream.binder.DefaultBinderFactory.getBinderInstance(DefaultBinderFactory.java:384) ~[spring-cloud-stream-4.3.0-RC1.jar:4.3.0-RC1]
	at org.springframework.cloud.stream.binder.DefaultBinderFactory.doGetBinderConventional(DefaultBinderFactory.java:325) ~[spring-cloud-stream-4.3.0-RC1.jar:4.3.0-RC1]
	at org.springframework.cloud.stream.binder.DefaultBinderFactory.doGetBinder(DefaultBinderFactory.java:214) ~[spring-cloud-stream-4.3.0-RC1.jar:4.3.0-RC1]
	at org.springframework.cloud.stream.binder.DefaultBinderFactory.getBinder(DefaultBinderFactory.java:197) ~[spring-cloud-stream-4.3.0-RC1.jar:4.3.0-RC1]
	at org.springframework.cloud.stream.binding.BindingService.getBinder(BindingService.java:422) ~[spring-cloud-stream-4.3.0-RC1.jar:4.3.0-RC1]
	at org.springframework.cloud.stream.binding.BindingService.bindConsumer(BindingService.java:110) ~[spring-cloud-stream-4.3.0-RC1.jar:4.3.0-RC1]
	at org.springframework.cloud.stream.binding.AbstractBindableProxyFactory.createAndBindInputs(AbstractBindableProxyFactory.java:99) ~[spring-cloud-stream-4.3.0-RC1.jar:4.3.0-RC1]
	at org.springframework.cloud.stream.binding.InputBindingLifecycle.doStartWithBindable(InputBindingLifecycle.java:59) ~[spring-cloud-stream-4.3.0-RC1.jar:4.3.0-RC1]
	at java.base/java.util.LinkedHashMap$LinkedValues.forEach(LinkedHashMap.java:833) ~[na:na]
	at org.springframework.cloud.stream.binding.AbstractBindingLifecycle.start(AbstractBindingLifecycle.java:60) ~[spring-cloud-stream-4.3.0-RC1.jar:4.3.0-RC1]
	at org.springframework.context.support.DefaultLifecycleProcessor.doStart(DefaultLifecycleProcessor.java:405) ~[spring-context-6.2.9.jar:6.2.9]
	at org.springframework.context.support.DefaultLifecycleProcessor.doStart(DefaultLifecycleProcessor.java:394) ~[spring-context-6.2.9.jar:6.2.9]
	at org.springframework.context.support.DefaultLifecycleProcessor$LifecycleGroup.start(DefaultLifecycleProcessor.java:586) ~[spring-context-6.2.9.jar:6.2.9]
	at java.base/java.lang.Iterable.forEach(Iterable.java:75) ~[na:na]
	at org.springframework.context.support.DefaultLifecycleProcessor.startBeans(DefaultLifecycleProcessor.java:364) ~[spring-context-6.2.9.jar:6.2.9]
	at org.springframework.context.support.DefaultLifecycleProcessor.onRefresh(DefaultLifecycleProcessor.java:310) ~[spring-context-6.2.9.jar:6.2.9]
	at org.springframework.context.support.AbstractApplicationContext.finishRefresh(AbstractApplicationContext.java:1006) ~[spring-context-6.2.9.jar:6.2.9]
	at org.springframework.context.support.AbstractApplicationContext.refresh(AbstractApplicationContext.java:630) ~[spring-context-6.2.9.jar:6.2.9]
	at org.springframework.boot.web.servlet.context.ServletWebServerApplicationContext.refresh(ServletWebServerApplicationContext.java:146) ~[spring-boot-3.5.4.jar:3.5.4]
	at org.springframework.boot.SpringApplication.refresh(SpringApplication.java:752) ~[spring-boot-3.5.4.jar:3.5.4]
	at org.springframework.boot.SpringApplication.refreshContext(SpringApplication.java:439) ~[spring-boot-3.5.4.jar:3.5.4]
	at org.springframework.boot.SpringApplication.run(SpringApplication.java:318) ~[spring-boot-3.5.4.jar:3.5.4]
	at org.springframework.boot.SpringApplication.run(SpringApplication.java:1361) ~[spring-boot-3.5.4.jar:3.5.4]
	at org.springframework.boot.SpringApplication.run(SpringApplication.java:1350) ~[spring-boot-3.5.4.jar:3.5.4]
	at com.ecommerce.marketing.MarketingApplication.main(MarketingApplication.java:16) ~[classes/:na]

2025-10-30T18:52:15.433+01:00 DEBUG 31404 --- [marketing-service] [main] o.s.c.s.binder.DefaultBinderFactory      : Attempt to load org.springframework.cloud.stream.binder.kafka.ListenerContainerWithDlqAndRetryCustomizer failed.

java.lang.ClassNotFoundException: org.springframework.cloud.stream.binder.kafka.ListenerContainerWithDlqAndRetryCustomizer
	at java.base/jdk.internal.loader.BuiltinClassLoader.loadClass(BuiltinClassLoader.java:641) ~[na:na]
	at java.base/jdk.internal.loader.ClassLoaders$AppClassLoader.loadClass(ClassLoaders.java:188) ~[na:na]
	at java.base/java.lang.ClassLoader.loadClass(ClassLoader.java:525) ~[na:na]
	at org.springframework.cloud.stream.binder.DefaultBinderFactory.loadClass(DefaultBinderFactory.java:577) ~[spring-cloud-stream-4.3.0-RC1.jar:4.3.0-RC1]
	at org.springframework.cloud.stream.binder.DefaultBinderFactory.propagateSharedBeans(DefaultBinderFactory.java:553) ~[spring-cloud-stream-4.3.0-RC1.jar:4.3.0-RC1]
	at org.springframework.cloud.stream.binder.DefaultBinderFactory.initializeBinderContextSimple(DefaultBinderFactory.java:532) ~[spring-cloud-stream-4.3.0-RC1.jar:4.3.0-RC1]
	at org.springframework.cloud.stream.binder.DefaultBinderFactory.getBinderInstance(DefaultBinderFactory.java:384) ~[spring-cloud-stream-4.3.0-RC1.jar:4.3.0-RC1]
	at org.springframework.cloud.stream.binder.DefaultBinderFactory.doGetBinderConventional(DefaultBinderFactory.java:325) ~[spring-cloud-stream-4.3.0-RC1.jar:4.3.0-RC1]
	at org.springframework.cloud.stream.binder.DefaultBinderFactory.doGetBinder(DefaultBinderFactory.java:214) ~[spring-cloud-stream-4.3.0-RC1.jar:4.3.0-RC1]
	at org.springframework.cloud.stream.binder.DefaultBinderFactory.getBinder(DefaultBinderFactory.java:197) ~[spring-cloud-stream-4.3.0-RC1.jar:4.3.0-RC1]
	at org.springframework.cloud.stream.binding.BindingService.getBinder(BindingService.java:422) ~[spring-cloud-stream-4.3.0-RC1.jar:4.3.0-RC1]
	at org.springframework.cloud.stream.binding.BindingService.bindConsumer(BindingService.java:110) ~[spring-cloud-stream-4.3.0-RC1.jar:4.3.0-RC1]
	at org.springframework.cloud.stream.binding.AbstractBindableProxyFactory.createAndBindInputs(AbstractBindableProxyFactory.java:99) ~[spring-cloud-stream-4.3.0-RC1.jar:4.3.0-RC1]
	at org.springframework.cloud.stream.binding.InputBindingLifecycle.doStartWithBindable(InputBindingLifecycle.java:59) ~[spring-cloud-stream-4.3.0-RC1.jar:4.3.0-RC1]
	at java.base/java.util.LinkedHashMap$LinkedValues.forEach(LinkedHashMap.java:833) ~[na:na]
	at org.springframework.cloud.stream.binding.AbstractBindingLifecycle.start(AbstractBindingLifecycle.java:60) ~[spring-cloud-stream-4.3.0-RC1.jar:4.3.0-RC1]
	at org.springframework.context.support.DefaultLifecycleProcessor.doStart(DefaultLifecycleProcessor.java:405) ~[spring-context-6.2.9.jar:6.2.9]
	at org.springframework.context.support.DefaultLifecycleProcessor.doStart(DefaultLifecycleProcessor.java:394) ~[spring-context-6.2.9.jar:6.2.9]
	at org.springframework.context.support.DefaultLifecycleProcessor$LifecycleGroup.start(DefaultLifecycleProcessor.java:586) ~[spring-context-6.2.9.jar:6.2.9]
	at java.base/java.lang.Iterable.forEach(Iterable.java:75) ~[na:na]
	at org.springframework.context.support.DefaultLifecycleProcessor.startBeans(DefaultLifecycleProcessor.java:364) ~[spring-context-6.2.9.jar:6.2.9]
	at org.springframework.context.support.DefaultLifecycleProcessor.onRefresh(DefaultLifecycleProcessor.java:310) ~[spring-context-6.2.9.jar:6.2.9]
	at org.springframework.context.support.AbstractApplicationContext.finishRefresh(AbstractApplicationContext.java:1006) ~[spring-context-6.2.9.jar:6.2.9]
	at org.springframework.context.support.AbstractApplicationContext.refresh(AbstractApplicationContext.java:630) ~[spring-context-6.2.9.jar:6.2.9]
	at org.springframework.boot.web.servlet.context.ServletWebServerApplicationContext.refresh(ServletWebServerApplicationContext.java:146) ~[spring-boot-3.5.4.jar:3.5.4]
	at org.springframework.boot.SpringApplication.refresh(SpringApplication.java:752) ~[spring-boot-3.5.4.jar:3.5.4]
	at org.springframework.boot.SpringApplication.refreshContext(SpringApplication.java:439) ~[spring-boot-3.5.4.jar:3.5.4]
	at org.springframework.boot.SpringApplication.run(SpringApplication.java:318) ~[spring-boot-3.5.4.jar:3.5.4]
	at org.springframework.boot.SpringApplication.run(SpringApplication.java:1361) ~[spring-boot-3.5.4.jar:3.5.4]
	at org.springframework.boot.SpringApplication.run(SpringApplication.java:1350) ~[spring-boot-3.5.4.jar:3.5.4]
	at com.ecommerce.marketing.MarketingApplication.main(MarketingApplication.java:16) ~[classes/:na]

2025-10-30T18:52:15.438+01:00 DEBUG 31404 --- [marketing-service] [main] o.s.c.s.binder.DefaultBinderFactory      : Attempt to load org.springframework.rabbit.stream.listener.ConsumerCustomizer failed.

java.lang.ClassNotFoundException: org.springframework.rabbit.stream.listener.ConsumerCustomizer
	at java.base/jdk.internal.loader.BuiltinClassLoader.loadClass(BuiltinClassLoader.java:641) ~[na:na]
	at java.base/jdk.internal.loader.ClassLoaders$AppClassLoader.loadClass(ClassLoaders.java:188) ~[na:na]
	at java.base/java.lang.ClassLoader.loadClass(ClassLoader.java:525) ~[na:na]
	at org.springframework.cloud.stream.binder.DefaultBinderFactory.loadClass(DefaultBinderFactory.java:577) ~[spring-cloud-stream-4.3.0-RC1.jar:4.3.0-RC1]
	at org.springframework.cloud.stream.binder.DefaultBinderFactory.propagateSharedBeans(DefaultBinderFactory.java:553) ~[spring-cloud-stream-4.3.0-RC1.jar:4.3.0-RC1]
	at org.springframework.cloud.stream.binder.DefaultBinderFactory.initializeBinderContextSimple(DefaultBinderFactory.java:532) ~[spring-cloud-stream-4.3.0-RC1.jar:4.3.0-RC1]
	at org.springframework.cloud.stream.binder.DefaultBinderFactory.getBinderInstance(DefaultBinderFactory.java:384) ~[spring-cloud-stream-4.3.0-RC1.jar:4.3.0-RC1]
	at org.springframework.cloud.stream.binder.DefaultBinderFactory.doGetBinderConventional(DefaultBinderFactory.java:325) ~[spring-cloud-stream-4.3.0-RC1.jar:4.3.0-RC1]
	at org.springframework.cloud.stream.binder.DefaultBinderFactory.doGetBinder(DefaultBinderFactory.java:214) ~[spring-cloud-stream-4.3.0-RC1.jar:4.3.0-RC1]
	at org.springframework.cloud.stream.binder.DefaultBinderFactory.getBinder(DefaultBinderFactory.java:197) ~[spring-cloud-stream-4.3.0-RC1.jar:4.3.0-RC1]
	at org.springframework.cloud.stream.binding.BindingService.getBinder(BindingService.java:422) ~[spring-cloud-stream-4.3.0-RC1.jar:4.3.0-RC1]
	at org.springframework.cloud.stream.binding.BindingService.bindConsumer(BindingService.java:110) ~[spring-cloud-stream-4.3.0-RC1.jar:4.3.0-RC1]
	at org.springframework.cloud.stream.binding.AbstractBindableProxyFactory.createAndBindInputs(AbstractBindableProxyFactory.java:99) ~[spring-cloud-stream-4.3.0-RC1.jar:4.3.0-RC1]
	at org.springframework.cloud.stream.binding.InputBindingLifecycle.doStartWithBindable(InputBindingLifecycle.java:59) ~[spring-cloud-stream-4.3.0-RC1.jar:4.3.0-RC1]
	at java.base/java.util.LinkedHashMap$LinkedValues.forEach(LinkedHashMap.java:833) ~[na:na]
	at org.springframework.cloud.stream.binding.AbstractBindingLifecycle.start(AbstractBindingLifecycle.java:60) ~[spring-cloud-stream-4.3.0-RC1.jar:4.3.0-RC1]
	at org.springframework.context.support.DefaultLifecycleProcessor.doStart(DefaultLifecycleProcessor.java:405) ~[spring-context-6.2.9.jar:6.2.9]
	at org.springframework.context.support.DefaultLifecycleProcessor.doStart(DefaultLifecycleProcessor.java:394) ~[spring-context-6.2.9.jar:6.2.9]
	at org.springframework.context.support.DefaultLifecycleProcessor$LifecycleGroup.start(DefaultLifecycleProcessor.java:586) ~[spring-context-6.2.9.jar:6.2.9]
	at java.base/java.lang.Iterable.forEach(Iterable.java:75) ~[na:na]
	at org.springframework.context.support.DefaultLifecycleProcessor.startBeans(DefaultLifecycleProcessor.java:364) ~[spring-context-6.2.9.jar:6.2.9]
	at org.springframework.context.support.DefaultLifecycleProcessor.onRefresh(DefaultLifecycleProcessor.java:310) ~[spring-context-6.2.9.jar:6.2.9]
	at org.springframework.context.support.AbstractApplicationContext.finishRefresh(AbstractApplicationContext.java:1006) ~[spring-context-6.2.9.jar:6.2.9]
	at org.springframework.context.support.AbstractApplicationContext.refresh(AbstractApplicationContext.java:630) ~[spring-context-6.2.9.jar:6.2.9]
	at org.springframework.boot.web.servlet.context.ServletWebServerApplicationContext.refresh(ServletWebServerApplicationContext.java:146) ~[spring-boot-3.5.4.jar:3.5.4]
	at org.springframework.boot.SpringApplication.refresh(SpringApplication.java:752) ~[spring-boot-3.5.4.jar:3.5.4]
	at org.springframework.boot.SpringApplication.refreshContext(SpringApplication.java:439) ~[spring-boot-3.5.4.jar:3.5.4]
	at org.springframework.boot.SpringApplication.run(SpringApplication.java:318) ~[spring-boot-3.5.4.jar:3.5.4]
	at org.springframework.boot.SpringApplication.run(SpringApplication.java:1361) ~[spring-boot-3.5.4.jar:3.5.4]
	at org.springframework.boot.SpringApplication.run(SpringApplication.java:1350) ~[spring-boot-3.5.4.jar:3.5.4]
	at com.ecommerce.marketing.MarketingApplication.main(MarketingApplication.java:16) ~[classes/:na]

2025-10-30T18:52:15.440+01:00 DEBUG 31404 --- [marketing-service] [main] o.s.c.s.binder.DefaultBinderFactory      : Attempt to load org.springframework.cloud.stream.binder.test.InputDestination failed.

java.lang.ClassNotFoundException: org.springframework.cloud.stream.binder.test.InputDestination
	at java.base/jdk.internal.loader.BuiltinClassLoader.loadClass(BuiltinClassLoader.java:641) ~[na:na]
	at java.base/jdk.internal.loader.ClassLoaders$AppClassLoader.loadClass(ClassLoaders.java:188) ~[na:na]
	at java.base/java.lang.ClassLoader.loadClass(ClassLoader.java:525) ~[na:na]
	at org.springframework.cloud.stream.binder.DefaultBinderFactory.loadClass(DefaultBinderFactory.java:577) ~[spring-cloud-stream-4.3.0-RC1.jar:4.3.0-RC1]
	at org.springframework.cloud.stream.binder.DefaultBinderFactory.propagateSharedBeans(DefaultBinderFactory.java:553) ~[spring-cloud-stream-4.3.0-RC1.jar:4.3.0-RC1]
	at org.springframework.cloud.stream.binder.DefaultBinderFactory.initializeBinderContextSimple(DefaultBinderFactory.java:532) ~[spring-cloud-stream-4.3.0-RC1.jar:4.3.0-RC1]
	at org.springframework.cloud.stream.binder.DefaultBinderFactory.getBinderInstance(DefaultBinderFactory.java:384) ~[spring-cloud-stream-4.3.0-RC1.jar:4.3.0-RC1]
	at org.springframework.cloud.stream.binder.DefaultBinderFactory.doGetBinderConventional(DefaultBinderFactory.java:325) ~[spring-cloud-stream-4.3.0-RC1.jar:4.3.0-RC1]
	at org.springframework.cloud.stream.binder.DefaultBinderFactory.doGetBinder(DefaultBinderFactory.java:214) ~[spring-cloud-stream-4.3.0-RC1.jar:4.3.0-RC1]
	at org.springframework.cloud.stream.binder.DefaultBinderFactory.getBinder(DefaultBinderFactory.java:197) ~[spring-cloud-stream-4.3.0-RC1.jar:4.3.0-RC1]
	at org.springframework.cloud.stream.binding.BindingService.getBinder(BindingService.java:422) ~[spring-cloud-stream-4.3.0-RC1.jar:4.3.0-RC1]
	at org.springframework.cloud.stream.binding.BindingService.bindConsumer(BindingService.java:110) ~[spring-cloud-stream-4.3.0-RC1.jar:4.3.0-RC1]
	at org.springframework.cloud.stream.binding.AbstractBindableProxyFactory.createAndBindInputs(AbstractBindableProxyFactory.java:99) ~[spring-cloud-stream-4.3.0-RC1.jar:4.3.0-RC1]
	at org.springframework.cloud.stream.binding.InputBindingLifecycle.doStartWithBindable(InputBindingLifecycle.java:59) ~[spring-cloud-stream-4.3.0-RC1.jar:4.3.0-RC1]
	at java.base/java.util.LinkedHashMap$LinkedValues.forEach(LinkedHashMap.java:833) ~[na:na]
	at org.springframework.cloud.stream.binding.AbstractBindingLifecycle.start(AbstractBindingLifecycle.java:60) ~[spring-cloud-stream-4.3.0-RC1.jar:4.3.0-RC1]
	at org.springframework.context.support.DefaultLifecycleProcessor.doStart(DefaultLifecycleProcessor.java:405) ~[spring-context-6.2.9.jar:6.2.9]
	at org.springframework.context.support.DefaultLifecycleProcessor.doStart(DefaultLifecycleProcessor.java:394) ~[spring-context-6.2.9.jar:6.2.9]
	at org.springframework.context.support.DefaultLifecycleProcessor$LifecycleGroup.start(DefaultLifecycleProcessor.java:586) ~[spring-context-6.2.9.jar:6.2.9]
	at java.base/java.lang.Iterable.forEach(Iterable.java:75) ~[na:na]
	at org.springframework.context.support.DefaultLifecycleProcessor.startBeans(DefaultLifecycleProcessor.java:364) ~[spring-context-6.2.9.jar:6.2.9]
	at org.springframework.context.support.DefaultLifecycleProcessor.onRefresh(DefaultLifecycleProcessor.java:310) ~[spring-context-6.2.9.jar:6.2.9]
	at org.springframework.context.support.AbstractApplicationContext.finishRefresh(AbstractApplicationContext.java:1006) ~[spring-context-6.2.9.jar:6.2.9]
	at org.springframework.context.support.AbstractApplicationContext.refresh(AbstractApplicationContext.java:630) ~[spring-context-6.2.9.jar:6.2.9]
	at org.springframework.boot.web.servlet.context.ServletWebServerApplicationContext.refresh(ServletWebServerApplicationContext.java:146) ~[spring-boot-3.5.4.jar:3.5.4]
	at org.springframework.boot.SpringApplication.refresh(SpringApplication.java:752) ~[spring-boot-3.5.4.jar:3.5.4]
	at org.springframework.boot.SpringApplication.refreshContext(SpringApplication.java:439) ~[spring-boot-3.5.4.jar:3.5.4]
	at org.springframework.boot.SpringApplication.run(SpringApplication.java:318) ~[spring-boot-3.5.4.jar:3.5.4]
	at org.springframework.boot.SpringApplication.run(SpringApplication.java:1361) ~[spring-boot-3.5.4.jar:3.5.4]
	at org.springframework.boot.SpringApplication.run(SpringApplication.java:1350) ~[spring-boot-3.5.4.jar:3.5.4]
	at com.ecommerce.marketing.MarketingApplication.main(MarketingApplication.java:16) ~[classes/:na]

2025-10-30T18:52:15.443+01:00 DEBUG 31404 --- [marketing-service] [main] o.s.c.s.binder.DefaultBinderFactory      : Attempt to load org.springframework.cloud.stream.binder.test.OutputDestination failed.

java.lang.ClassNotFoundException: org.springframework.cloud.stream.binder.test.OutputDestination
	at java.base/jdk.internal.loader.BuiltinClassLoader.loadClass(BuiltinClassLoader.java:641) ~[na:na]
	at java.base/jdk.internal.loader.ClassLoaders$AppClassLoader.loadClass(ClassLoaders.java:188) ~[na:na]
	at java.base/java.lang.ClassLoader.loadClass(ClassLoader.java:525) ~[na:na]
	at org.springframework.cloud.stream.binder.DefaultBinderFactory.loadClass(DefaultBinderFactory.java:577) ~[spring-cloud-stream-4.3.0-RC1.jar:4.3.0-RC1]
	at org.springframework.cloud.stream.binder.DefaultBinderFactory.propagateSharedBeans(DefaultBinderFactory.java:553) ~[spring-cloud-stream-4.3.0-RC1.jar:4.3.0-RC1]
	at org.springframework.cloud.stream.binder.DefaultBinderFactory.initializeBinderContextSimple(DefaultBinderFactory.java:532) ~[spring-cloud-stream-4.3.0-RC1.jar:4.3.0-RC1]
	at org.springframework.cloud.stream.binder.DefaultBinderFactory.getBinderInstance(DefaultBinderFactory.java:384) ~[spring-cloud-stream-4.3.0-RC1.jar:4.3.0-RC1]
	at org.springframework.cloud.stream.binder.DefaultBinderFactory.doGetBinderConventional(DefaultBinderFactory.java:325) ~[spring-cloud-stream-4.3.0-RC1.jar:4.3.0-RC1]
	at org.springframework.cloud.stream.binder.DefaultBinderFactory.doGetBinder(DefaultBinderFactory.java:214) ~[spring-cloud-stream-4.3.0-RC1.jar:4.3.0-RC1]
	at org.springframework.cloud.stream.binder.DefaultBinderFactory.getBinder(DefaultBinderFactory.java:197) ~[spring-cloud-stream-4.3.0-RC1.jar:4.3.0-RC1]
	at org.springframework.cloud.stream.binding.BindingService.getBinder(BindingService.java:422) ~[spring-cloud-stream-4.3.0-RC1.jar:4.3.0-RC1]
	at org.springframework.cloud.stream.binding.BindingService.bindConsumer(BindingService.java:110) ~[spring-cloud-stream-4.3.0-RC1.jar:4.3.0-RC1]
	at org.springframework.cloud.stream.binding.AbstractBindableProxyFactory.createAndBindInputs(AbstractBindableProxyFactory.java:99) ~[spring-cloud-stream-4.3.0-RC1.jar:4.3.0-RC1]
	at org.springframework.cloud.stream.binding.InputBindingLifecycle.doStartWithBindable(InputBindingLifecycle.java:59) ~[spring-cloud-stream-4.3.0-RC1.jar:4.3.0-RC1]
	at java.base/java.util.LinkedHashMap$LinkedValues.forEach(LinkedHashMap.java:833) ~[na:na]
	at org.springframework.cloud.stream.binding.AbstractBindingLifecycle.start(AbstractBindingLifecycle.java:60) ~[spring-cloud-stream-4.3.0-RC1.jar:4.3.0-RC1]
	at org.springframework.context.support.DefaultLifecycleProcessor.doStart(DefaultLifecycleProcessor.java:405) ~[spring-context-6.2.9.jar:6.2.9]
	at org.springframework.context.support.DefaultLifecycleProcessor.doStart(DefaultLifecycleProcessor.java:394) ~[spring-context-6.2.9.jar:6.2.9]
	at org.springframework.context.support.DefaultLifecycleProcessor$LifecycleGroup.start(DefaultLifecycleProcessor.java:586) ~[spring-context-6.2.9.jar:6.2.9]
	at java.base/java.lang.Iterable.forEach(Iterable.java:75) ~[na:na]
	at org.springframework.context.support.DefaultLifecycleProcessor.startBeans(DefaultLifecycleProcessor.java:364) ~[spring-context-6.2.9.jar:6.2.9]
	at org.springframework.context.support.DefaultLifecycleProcessor.onRefresh(DefaultLifecycleProcessor.java:310) ~[spring-context-6.2.9.jar:6.2.9]
	at org.springframework.context.support.AbstractApplicationContext.finishRefresh(AbstractApplicationContext.java:1006) ~[spring-context-6.2.9.jar:6.2.9]
	at org.springframework.context.support.AbstractApplicationContext.refresh(AbstractApplicationContext.java:630) ~[spring-context-6.2.9.jar:6.2.9]
	at org.springframework.boot.web.servlet.context.ServletWebServerApplicationContext.refresh(ServletWebServerApplicationContext.java:146) ~[spring-boot-3.5.4.jar:3.5.4]
	at org.springframework.boot.SpringApplication.refresh(SpringApplication.java:752) ~[spring-boot-3.5.4.jar:3.5.4]
	at org.springframework.boot.SpringApplication.refreshContext(SpringApplication.java:439) ~[spring-boot-3.5.4.jar:3.5.4]
	at org.springframework.boot.SpringApplication.run(SpringApplication.java:318) ~[spring-boot-3.5.4.jar:3.5.4]
	at org.springframework.boot.SpringApplication.run(SpringApplication.java:1361) ~[spring-boot-3.5.4.jar:3.5.4]
	at org.springframework.boot.SpringApplication.run(SpringApplication.java:1350) ~[spring-boot-3.5.4.jar:3.5.4]
	at com.ecommerce.marketing.MarketingApplication.main(MarketingApplication.java:16) ~[classes/:na]

2025-10-30T18:52:15.445+01:00 DEBUG 31404 --- [marketing-service] [main] o.s.c.s.binder.DefaultBinderFactory      : Attempt to load org.springframework.cloud.stream.binder.kafka.support.ProducerConfigCustomizer failed.

java.lang.ClassNotFoundException: org.springframework.cloud.stream.binder.kafka.support.ProducerConfigCustomizer
	at java.base/jdk.internal.loader.BuiltinClassLoader.loadClass(BuiltinClassLoader.java:641) ~[na:na]
	at java.base/jdk.internal.loader.ClassLoaders$AppClassLoader.loadClass(ClassLoaders.java:188) ~[na:na]
	at java.base/java.lang.ClassLoader.loadClass(ClassLoader.java:525) ~[na:na]
	at org.springframework.cloud.stream.binder.DefaultBinderFactory.loadClass(DefaultBinderFactory.java:577) ~[spring-cloud-stream-4.3.0-RC1.jar:4.3.0-RC1]
	at org.springframework.cloud.stream.binder.DefaultBinderFactory.propagateSharedBeans(DefaultBinderFactory.java:553) ~[spring-cloud-stream-4.3.0-RC1.jar:4.3.0-RC1]
	at org.springframework.cloud.stream.binder.DefaultBinderFactory.initializeBinderContextSimple(DefaultBinderFactory.java:532) ~[spring-cloud-stream-4.3.0-RC1.jar:4.3.0-RC1]
	at org.springframework.cloud.stream.binder.DefaultBinderFactory.getBinderInstance(DefaultBinderFactory.java:384) ~[spring-cloud-stream-4.3.0-RC1.jar:4.3.0-RC1]
	at org.springframework.cloud.stream.binder.DefaultBinderFactory.doGetBinderConventional(DefaultBinderFactory.java:325) ~[spring-cloud-stream-4.3.0-RC1.jar:4.3.0-RC1]
	at org.springframework.cloud.stream.binder.DefaultBinderFactory.doGetBinder(DefaultBinderFactory.java:214) ~[spring-cloud-stream-4.3.0-RC1.jar:4.3.0-RC1]
	at org.springframework.cloud.stream.binder.DefaultBinderFactory.getBinder(DefaultBinderFactory.java:197) ~[spring-cloud-stream-4.3.0-RC1.jar:4.3.0-RC1]
	at org.springframework.cloud.stream.binding.BindingService.getBinder(BindingService.java:422) ~[spring-cloud-stream-4.3.0-RC1.jar:4.3.0-RC1]
	at org.springframework.cloud.stream.binding.BindingService.bindConsumer(BindingService.java:110) ~[spring-cloud-stream-4.3.0-RC1.jar:4.3.0-RC1]
	at org.springframework.cloud.stream.binding.AbstractBindableProxyFactory.createAndBindInputs(AbstractBindableProxyFactory.java:99) ~[spring-cloud-stream-4.3.0-RC1.jar:4.3.0-RC1]
	at org.springframework.cloud.stream.binding.InputBindingLifecycle.doStartWithBindable(InputBindingLifecycle.java:59) ~[spring-cloud-stream-4.3.0-RC1.jar:4.3.0-RC1]
	at java.base/java.util.LinkedHashMap$LinkedValues.forEach(LinkedHashMap.java:833) ~[na:na]
	at org.springframework.cloud.stream.binding.AbstractBindingLifecycle.start(AbstractBindingLifecycle.java:60) ~[spring-cloud-stream-4.3.0-RC1.jar:4.3.0-RC1]
	at org.springframework.context.support.DefaultLifecycleProcessor.doStart(DefaultLifecycleProcessor.java:405) ~[spring-context-6.2.9.jar:6.2.9]
	at org.springframework.context.support.DefaultLifecycleProcessor.doStart(DefaultLifecycleProcessor.java:394) ~[spring-context-6.2.9.jar:6.2.9]
	at org.springframework.context.support.DefaultLifecycleProcessor$LifecycleGroup.start(DefaultLifecycleProcessor.java:586) ~[spring-context-6.2.9.jar:6.2.9]
	at java.base/java.lang.Iterable.forEach(Iterable.java:75) ~[na:na]
	at org.springframework.context.support.DefaultLifecycleProcessor.startBeans(DefaultLifecycleProcessor.java:364) ~[spring-context-6.2.9.jar:6.2.9]
	at org.springframework.context.support.DefaultLifecycleProcessor.onRefresh(DefaultLifecycleProcessor.java:310) ~[spring-context-6.2.9.jar:6.2.9]
	at org.springframework.context.support.AbstractApplicationContext.finishRefresh(AbstractApplicationContext.java:1006) ~[spring-context-6.2.9.jar:6.2.9]
	at org.springframework.context.support.AbstractApplicationContext.refresh(AbstractApplicationContext.java:630) ~[spring-context-6.2.9.jar:6.2.9]
	at org.springframework.boot.web.servlet.context.ServletWebServerApplicationContext.refresh(ServletWebServerApplicationContext.java:146) ~[spring-boot-3.5.4.jar:3.5.4]
	at org.springframework.boot.SpringApplication.refresh(SpringApplication.java:752) ~[spring-boot-3.5.4.jar:3.5.4]
	at org.springframework.boot.SpringApplication.refreshContext(SpringApplication.java:439) ~[spring-boot-3.5.4.jar:3.5.4]
	at org.springframework.boot.SpringApplication.run(SpringApplication.java:318) ~[spring-boot-3.5.4.jar:3.5.4]
	at org.springframework.boot.SpringApplication.run(SpringApplication.java:1361) ~[spring-boot-3.5.4.jar:3.5.4]
	at org.springframework.boot.SpringApplication.run(SpringApplication.java:1350) ~[spring-boot-3.5.4.jar:3.5.4]
	at com.ecommerce.marketing.MarketingApplication.main(MarketingApplication.java:16) ~[classes/:na]

2025-10-30T18:52:15.448+01:00 DEBUG 31404 --- [marketing-service] [main] s.c.a.AnnotationConfigApplicationContext : Refreshing rabbit_context
2025-10-30T18:52:15.485+01:00  INFO 31404 --- [marketing-service] [DiscoveryClient-InstanceInfoReplicator-%d] com.netflix.discovery.DiscoveryClient    : DiscoveryClient_MARKETING-SERVICE/dominikPC:marketing-service:8086 - registration status: 204
2025-10-30T18:52:15.527+01:00 DEBUG 31404 --- [marketing-service] [main] o.s.c.support.GenericApplicationContext  : Refreshing org.springframework.context.support.GenericApplicationContext@55f05a73
2025-10-30T18:52:15.544+01:00 DEBUG 31404 --- [marketing-service] [main] o.s.c.support.GenericApplicationContext  : Refreshing org.springframework.context.support.GenericApplicationContext@5a374d71
2025-10-30T18:52:15.547+01:00 DEBUG 31404 --- [marketing-service] [main] o.s.c.support.DefaultLifecycleProcessor  : Starting beans in phase -2147483648
2025-10-30T18:52:15.547+01:00 DEBUG 31404 --- [marketing-service] [main] o.s.c.support.DefaultLifecycleProcessor  : Successfully started bean 'rabbitConnectionFactory'
2025-10-30T18:52:15.548+01:00  INFO 31404 --- [marketing-service] [main] o.s.c.s.binder.DefaultBinderFactory      : Caching the binder: rabbit
2025-10-30T18:52:15.568+01:00  INFO 31404 --- [marketing-service] [main] c.s.b.r.p.RabbitExchangeQueueProvisioner : declaring queue for inbound: newsletter.queue.anonymous.Lhs6FjIHQVOHAZBT49jQKA, bound to: newsletter.queue
2025-10-30T18:52:15.576+01:00  INFO 31404 --- [marketing-service] [main] o.s.a.r.c.CachingConnectionFactory       : Attempting to connect to: [localhost:5672]
2025-10-30T18:52:15.682+01:00  INFO 31404 --- [marketing-service] [main] o.s.a.r.c.CachingConnectionFactory       : Created new connection: rabbitConnectionFactory#22bd93ab:0/SimpleConnection@5d064bf [delegate=amqp://guest@127.0.0.1:5672/, localPort=52613]
2025-10-30T18:52:15.691+01:00 DEBUG 31404 --- [marketing-service] [main] o.s.amqp.rabbit.core.RabbitAdmin         : Initializing declarations
2025-10-30T18:52:15.692+01:00 DEBUG 31404 --- [marketing-service] [main] o.s.amqp.rabbit.core.RabbitAdmin         : Nothing to declare
2025-10-30T18:52:15.692+01:00 DEBUG 31404 --- [marketing-service] [main] o.s.amqp.rabbit.core.RabbitAdmin         : Initializing declarations
2025-10-30T18:52:15.693+01:00 DEBUG 31404 --- [marketing-service] [main] o.s.amqp.rabbit.core.RabbitAdmin         : Nothing to declare
2025-10-30T18:52:15.714+01:00 DEBUG 31404 --- [marketing-service] [main] o.s.a.r.c.CachingConnectionFactory       : Creating cached Rabbit Channel from AMQChannel(amqp://guest@127.0.0.1:5672/,1)
2025-10-30T18:52:15.729+01:00 DEBUG 31404 --- [marketing-service] [main] o.s.amqp.rabbit.core.RabbitTemplate      : Executing callback RabbitAdmin$$Lambda/0x000002261fecae28 on RabbitMQ Channel: Cached Rabbit Channel: AMQChannel(amqp://guest@127.0.0.1:5672/,1), conn: Proxy@63cf3153 Shared Rabbit Connection: SimpleConnection@5d064bf [delegate=amqp://guest@127.0.0.1:5672/, localPort=52613]
2025-10-30T18:52:15.730+01:00 DEBUG 31404 --- [marketing-service] [main] o.s.amqp.rabbit.core.RabbitAdmin         : declaring Exchange 'newsletter.queue'
2025-10-30T18:52:15.751+01:00 DEBUG 31404 --- [marketing-service] [main] o.s.amqp.rabbit.core.RabbitTemplate      : Executing callback RabbitAdmin$$Lambda/0x000002261fef3158 on RabbitMQ Channel: Cached Rabbit Channel: AMQChannel(amqp://guest@127.0.0.1:5672/,1), conn: Proxy@63cf3153 Shared Rabbit Connection: SimpleConnection@5d064bf [delegate=amqp://guest@127.0.0.1:5672/, localPort=52613]
2025-10-30T18:52:15.752+01:00 DEBUG 31404 --- [marketing-service] [main] o.s.amqp.rabbit.core.RabbitAdmin         : declaring Queue 'newsletter.queue.anonymous.Lhs6FjIHQVOHAZBT49jQKA'
2025-10-30T18:52:15.772+01:00 DEBUG 31404 --- [marketing-service] [main] o.s.amqp.rabbit.core.RabbitTemplate      : Executing callback RabbitAdmin$$Lambda/0x000002261fef8208 on RabbitMQ Channel: Cached Rabbit Channel: AMQChannel(amqp://guest@127.0.0.1:5672/,1), conn: Proxy@63cf3153 Shared Rabbit Connection: SimpleConnection@5d064bf [delegate=amqp://guest@127.0.0.1:5672/, localPort=52613]
2025-10-30T18:52:15.772+01:00 DEBUG 31404 --- [marketing-service] [main] o.s.amqp.rabbit.core.RabbitAdmin         : Binding destination [newsletter.queue.anonymous.Lhs6FjIHQVOHAZBT49jQKA (QUEUE)] to exchange [newsletter.queue] with routing key [#]
2025-10-30T18:52:15.796+01:00 DEBUG 31404 --- [marketing-service] [main] o.s.a.r.l.SimpleMessageListenerContainer : Changing consumers from 1 to 1
2025-10-30T18:52:15.798+01:00 DEBUG 31404 --- [marketing-service] [main] o.s.a.r.l.SimpleMessageListenerContainer : No global properties bean
2025-10-30T18:52:15.827+01:00  INFO 31404 --- [marketing-service] [main] o.s.c.stream.binder.BinderErrorChannel   : Channel 'rabbit-1060423035.newsletterEmail-in-0.errors' has 1 subscriber(s).
2025-10-30T18:52:15.829+01:00  INFO 31404 --- [marketing-service] [main] o.s.c.stream.binder.BinderErrorChannel   : Channel 'rabbit-1060423035.newsletterEmail-in-0.errors' has 2 subscriber(s).
2025-10-30T18:52:15.835+01:00 DEBUG 31404 --- [marketing-service] [main] o.s.a.r.l.SimpleMessageListenerContainer : Starting Rabbit listener container.
2025-10-30T18:52:15.880+01:00 DEBUG 31404 --- [marketing-service] [newsletter.queue.anonymous.Lhs6FjIHQVOHAZBT49jQKA-1] o.s.a.r.listener.BlockingQueueConsumer   : Starting consumer Consumer@4091ccc2: tags=[[]], channel=null, acknowledgeMode=AUTO local queue size=0
2025-10-30T18:52:15.942+01:00 DEBUG 31404 --- [marketing-service] [newsletter.queue.anonymous.Lhs6FjIHQVOHAZBT49jQKA-1] o.s.a.r.listener.BlockingQueueConsumer   : Started on queue 'newsletter.queue.anonymous.Lhs6FjIHQVOHAZBT49jQKA' with tag amq.ctag-naFl62zdoXE5V8k0F0pmyA: Consumer@4091ccc2: tags=[[]], channel=Cached Rabbit Channel: AMQChannel(amqp://guest@127.0.0.1:5672/,1), conn: Proxy@63cf3153 Shared Rabbit Connection: SimpleConnection@5d064bf [delegate=amqp://guest@127.0.0.1:5672/, localPort=52613], acknowledgeMode=AUTO local queue size=0
2025-10-30T18:52:15.943+01:00  INFO 31404 --- [marketing-service] [main] o.s.i.a.i.AmqpInboundChannelAdapter      : started bean 'inbound.newsletter.queue.anonymous.Lhs6FjIHQVOHAZBT49jQKA'
2025-10-30T18:52:15.943+01:00 DEBUG 31404 --- [marketing-service] [pool-7-thread-3] o.s.a.r.listener.BlockingQueueConsumer   : ConsumeOK: Consumer@4091ccc2: tags=[[amq.ctag-naFl62zdoXE5V8k0F0pmyA]], channel=Cached Rabbit Channel: AMQChannel(amqp://guest@127.0.0.1:5672/,1), conn: Proxy@63cf3153 Shared Rabbit Connection: SimpleConnection@5d064bf [delegate=amqp://guest@127.0.0.1:5672/, localPort=52613], acknowledgeMode=AUTO local queue size=0
2025-10-30T18:52:15.955+01:00  INFO 31404 --- [marketing-service] [main] c.s.b.r.p.RabbitExchangeQueueProvisioner : declaring queue for inbound: order.success.email.marketing-group, bound to: order.success.email
2025-10-30T18:52:15.958+01:00 DEBUG 31404 --- [marketing-service] [main] o.s.a.r.c.CachingConnectionFactory       : Creating cached Rabbit Channel from AMQChannel(amqp://guest@127.0.0.1:5672/,2)
2025-10-30T18:52:15.958+01:00 DEBUG 31404 --- [marketing-service] [main] o.s.amqp.rabbit.core.RabbitTemplate      : Executing callback RabbitAdmin$$Lambda/0x000002261fecae28 on RabbitMQ Channel: Cached Rabbit Channel: AMQChannel(amqp://guest@127.0.0.1:5672/,2), conn: Proxy@63cf3153 Shared Rabbit Connection: SimpleConnection@5d064bf [delegate=amqp://guest@127.0.0.1:5672/, localPort=52613]
2025-10-30T18:52:15.960+01:00 DEBUG 31404 --- [marketing-service] [main] o.s.amqp.rabbit.core.RabbitAdmin         : declaring Exchange 'order.success.email'
2025-10-30T18:52:15.975+01:00 DEBUG 31404 --- [marketing-service] [main] o.s.amqp.rabbit.core.RabbitTemplate      : Executing callback RabbitAdmin$$Lambda/0x000002261fef3158 on RabbitMQ Channel: Cached Rabbit Channel: AMQChannel(amqp://guest@127.0.0.1:5672/,2), conn: Proxy@63cf3153 Shared Rabbit Connection: SimpleConnection@5d064bf [delegate=amqp://guest@127.0.0.1:5672/, localPort=52613]
2025-10-30T18:52:15.975+01:00 DEBUG 31404 --- [marketing-service] [main] o.s.amqp.rabbit.core.RabbitAdmin         : declaring Queue 'order.success.email.marketing-group'
2025-10-30T18:52:15.984+01:00 DEBUG 31404 --- [marketing-service] [main] o.s.amqp.rabbit.core.RabbitTemplate      : Executing callback RabbitAdmin$$Lambda/0x000002261fef8208 on RabbitMQ Channel: Cached Rabbit Channel: AMQChannel(amqp://guest@127.0.0.1:5672/,2), conn: Proxy@63cf3153 Shared Rabbit Connection: SimpleConnection@5d064bf [delegate=amqp://guest@127.0.0.1:5672/, localPort=52613]
2025-10-30T18:52:15.984+01:00 DEBUG 31404 --- [marketing-service] [main] o.s.amqp.rabbit.core.RabbitAdmin         : Binding destination [order.success.email.marketing-group (QUEUE)] to exchange [order.success.email] with routing key [#]
2025-10-30T18:52:15.992+01:00 DEBUG 31404 --- [marketing-service] [main] c.s.b.r.p.RabbitExchangeQueueProvisioner : autoBindDLQ=false for: order.success.email.marketing-group
2025-10-30T18:52:15.992+01:00 DEBUG 31404 --- [marketing-service] [main] o.s.a.r.l.SimpleMessageListenerContainer : Changing consumers from 1 to 1
2025-10-30T18:52:15.992+01:00 DEBUG 31404 --- [marketing-service] [main] o.s.a.r.l.SimpleMessageListenerContainer : No global properties bean
2025-10-30T18:52:15.996+01:00  INFO 31404 --- [marketing-service] [main] o.s.c.stream.binder.BinderErrorChannel   : Channel 'rabbit-1060423035.orderEmail-in-0.errors' has 1 subscriber(s).
2025-10-30T18:52:15.996+01:00  INFO 31404 --- [marketing-service] [main] o.s.c.stream.binder.BinderErrorChannel   : Channel 'rabbit-1060423035.orderEmail-in-0.errors' has 2 subscriber(s).
2025-10-30T18:52:15.999+01:00 DEBUG 31404 --- [marketing-service] [main] o.s.a.r.l.SimpleMessageListenerContainer : Starting Rabbit listener container.
2025-10-30T18:52:16.024+01:00 DEBUG 31404 --- [marketing-service] [order.success.email.marketing-group-1] o.s.a.r.listener.BlockingQueueConsumer   : Starting consumer Consumer@7879731a: tags=[[]], channel=null, acknowledgeMode=AUTO local queue size=0
2025-10-30T18:52:16.050+01:00 DEBUG 31404 --- [marketing-service] [order.success.email.marketing-group-1] o.s.a.r.listener.BlockingQueueConsumer   : Started on queue 'order.success.email.marketing-group' with tag amq.ctag-Qi9DcoZQLSzFRbyP_M-wSg: Consumer@7879731a: tags=[[]], channel=Cached Rabbit Channel: AMQChannel(amqp://guest@127.0.0.1:5672/,2), conn: Proxy@63cf3153 Shared Rabbit Connection: SimpleConnection@5d064bf [delegate=amqp://guest@127.0.0.1:5672/, localPort=52613], acknowledgeMode=AUTO local queue size=0
2025-10-30T18:52:16.050+01:00  INFO 31404 --- [marketing-service] [main] o.s.i.a.i.AmqpInboundChannelAdapter      : started bean 'inbound.order.success.email.marketing-group'
2025-10-30T18:52:16.050+01:00 DEBUG 31404 --- [marketing-service] [pool-7-thread-4] o.s.a.r.listener.BlockingQueueConsumer   : ConsumeOK: Consumer@7879731a: tags=[[amq.ctag-Qi9DcoZQLSzFRbyP_M-wSg]], channel=Cached Rabbit Channel: AMQChannel(amqp://guest@127.0.0.1:5672/,2), conn: Proxy@63cf3153 Shared Rabbit Connection: SimpleConnection@5d064bf [delegate=amqp://guest@127.0.0.1:5672/, localPort=52613], acknowledgeMode=AUTO local queue size=0
2025-10-30T18:52:16.058+01:00  INFO 31404 --- [marketing-service] [main] c.s.b.r.p.RabbitExchangeQueueProvisioner : declaring queue for inbound: springCloudBus.anonymous.4FHe7O6fQmO-GdXRsoo60A, bound to: springCloudBus
2025-10-30T18:52:16.066+01:00 DEBUG 31404 --- [marketing-service] [main] o.s.a.r.c.CachingConnectionFactory       : Creating cached Rabbit Channel from AMQChannel(amqp://guest@127.0.0.1:5672/,3)
2025-10-30T18:52:16.067+01:00 DEBUG 31404 --- [marketing-service] [main] o.s.amqp.rabbit.core.RabbitTemplate      : Executing callback RabbitAdmin$$Lambda/0x000002261fecae28 on RabbitMQ Channel: Cached Rabbit Channel: AMQChannel(amqp://guest@127.0.0.1:5672/,3), conn: Proxy@63cf3153 Shared Rabbit Connection: SimpleConnection@5d064bf [delegate=amqp://guest@127.0.0.1:5672/, localPort=52613]
2025-10-30T18:52:16.067+01:00 DEBUG 31404 --- [marketing-service] [main] o.s.amqp.rabbit.core.RabbitAdmin         : declaring Exchange 'springCloudBus'
2025-10-30T18:52:16.080+01:00 DEBUG 31404 --- [marketing-service] [main] o.s.amqp.rabbit.core.RabbitTemplate      : Executing callback RabbitAdmin$$Lambda/0x000002261fef3158 on RabbitMQ Channel: Cached Rabbit Channel: AMQChannel(amqp://guest@127.0.0.1:5672/,3), conn: Proxy@63cf3153 Shared Rabbit Connection: SimpleConnection@5d064bf [delegate=amqp://guest@127.0.0.1:5672/, localPort=52613]
2025-10-30T18:52:16.080+01:00 DEBUG 31404 --- [marketing-service] [main] o.s.amqp.rabbit.core.RabbitAdmin         : declaring Queue 'springCloudBus.anonymous.4FHe7O6fQmO-GdXRsoo60A'
2025-10-30T18:52:16.094+01:00 DEBUG 31404 --- [marketing-service] [main] o.s.amqp.rabbit.core.RabbitTemplate      : Executing callback RabbitAdmin$$Lambda/0x000002261fef8208 on RabbitMQ Channel: Cached Rabbit Channel: AMQChannel(amqp://guest@127.0.0.1:5672/,3), conn: Proxy@63cf3153 Shared Rabbit Connection: SimpleConnection@5d064bf [delegate=amqp://guest@127.0.0.1:5672/, localPort=52613]
2025-10-30T18:52:16.095+01:00 DEBUG 31404 --- [marketing-service] [main] o.s.amqp.rabbit.core.RabbitAdmin         : Binding destination [springCloudBus.anonymous.4FHe7O6fQmO-GdXRsoo60A (QUEUE)] to exchange [springCloudBus] with routing key [#]
2025-10-30T18:52:16.110+01:00 DEBUG 31404 --- [marketing-service] [main] o.s.a.r.l.SimpleMessageListenerContainer : Changing consumers from 1 to 1
2025-10-30T18:52:16.111+01:00 DEBUG 31404 --- [marketing-service] [main] o.s.a.r.l.SimpleMessageListenerContainer : No global properties bean
2025-10-30T18:52:16.114+01:00  INFO 31404 --- [marketing-service] [main] o.s.c.stream.binder.BinderErrorChannel   : Channel 'rabbit-1060423035.springCloudBusInput.errors' has 1 subscriber(s).
2025-10-30T18:52:16.114+01:00  INFO 31404 --- [marketing-service] [main] o.s.c.stream.binder.BinderErrorChannel   : Channel 'rabbit-1060423035.springCloudBusInput.errors' has 2 subscriber(s).
2025-10-30T18:52:16.118+01:00 DEBUG 31404 --- [marketing-service] [main] o.s.a.r.l.SimpleMessageListenerContainer : Starting Rabbit listener container.
2025-10-30T18:52:16.123+01:00 DEBUG 31404 --- [marketing-service] [springCloudBus.anonymous.4FHe7O6fQmO-GdXRsoo60A-1] o.s.a.r.listener.BlockingQueueConsumer   : Starting consumer Consumer@1153ee42: tags=[[]], channel=null, acknowledgeMode=AUTO local queue size=0
2025-10-30T18:52:16.138+01:00 DEBUG 31404 --- [marketing-service] [springCloudBus.anonymous.4FHe7O6fQmO-GdXRsoo60A-1] o.s.a.r.listener.BlockingQueueConsumer   : Started on queue 'springCloudBus.anonymous.4FHe7O6fQmO-GdXRsoo60A' with tag amq.ctag-9p-QqJk9Q_z1koMvUYEPYA: Consumer@1153ee42: tags=[[]], channel=Cached Rabbit Channel: AMQChannel(amqp://guest@127.0.0.1:5672/,3), conn: Proxy@63cf3153 Shared Rabbit Connection: SimpleConnection@5d064bf [delegate=amqp://guest@127.0.0.1:5672/, localPort=52613], acknowledgeMode=AUTO local queue size=0
2025-10-30T18:52:16.139+01:00  INFO 31404 --- [marketing-service] [main] o.s.i.a.i.AmqpInboundChannelAdapter      : started bean 'inbound.springCloudBus.anonymous.4FHe7O6fQmO-GdXRsoo60A'
2025-10-30T18:52:16.140+01:00 DEBUG 31404 --- [marketing-service] [main] o.s.c.support.DefaultLifecycleProcessor  : Successfully started bean 'inputBindingLifecycle'
2025-10-30T18:52:16.140+01:00 DEBUG 31404 --- [marketing-service] [main] o.s.c.support.DefaultLifecycleProcessor  : Starting beans in phase 2147481599
2025-10-30T18:52:16.140+01:00 DEBUG 31404 --- [marketing-service] [pool-7-thread-5] o.s.a.r.listener.BlockingQueueConsumer   : ConsumeOK: Consumer@1153ee42: tags=[[amq.ctag-9p-QqJk9Q_z1koMvUYEPYA]], channel=Cached Rabbit Channel: AMQChannel(amqp://guest@127.0.0.1:5672/,3), conn: Proxy@63cf3153 Shared Rabbit Connection: SimpleConnection@5d064bf [delegate=amqp://guest@127.0.0.1:5672/, localPort=52613], acknowledgeMode=AUTO local queue size=0
2025-10-30T18:52:16.176+01:00  INFO 31404 --- [marketing-service] [main] o.s.b.w.embedded.tomcat.TomcatWebServer  : Tomcat started on port 8086 (http) with context path '/api/v1'
2025-10-30T18:52:16.177+01:00  INFO 31404 --- [marketing-service] [main] .s.c.n.e.s.EurekaAutoServiceRegistration : Updating port to 8086
2025-10-30T18:52:16.218+01:00 DEBUG 31404 --- [marketing-service] [main] o.s.c.support.DefaultLifecycleProcessor  : Successfully started bean 'webServerStartStop'
2025-10-30T18:52:16.219+01:00 DEBUG 31404 --- [marketing-service] [main] o.s.c.support.DefaultLifecycleProcessor  : Starting beans in phase 2147482623
2025-10-30T18:52:16.219+01:00 DEBUG 31404 --- [marketing-service] [main] o.s.c.support.DefaultLifecycleProcessor  : Successfully started bean 'webServerGracefulShutdown'
2025-10-30T18:52:16.220+01:00 DEBUG 31404 --- [marketing-service] [main] o.s.c.support.DefaultLifecycleProcessor  : Starting beans in phase 2147483547
2025-10-30T18:52:16.222+01:00 DEBUG 31404 --- [marketing-service] [main] o.s.c.support.DefaultLifecycleProcessor  : Successfully started bean 'org.springframework.kafka.config.internalKafkaListenerEndpointRegistry'
2025-10-30T18:52:16.223+01:00 DEBUG 31404 --- [marketing-service] [main] o.s.c.support.DefaultLifecycleProcessor  : Starting beans in phase 2147483647
2025-10-30T18:52:16.224+01:00 DEBUG 31404 --- [marketing-service] [main] o.s.c.support.DefaultLifecycleProcessor  : Successfully started bean 'org.springframework.amqp.rabbit.config.internalRabbitListenerEndpointRegistry'
2025-10-30T18:52:16.226+01:00 DEBUG 31404 --- [marketing-service] [main] o.s.c.support.DefaultLifecycleProcessor  : Starting beans in phase -2147483648
2025-10-30T18:52:16.226+01:00 DEBUG 31404 --- [marketing-service] [main] o.s.c.support.DefaultLifecycleProcessor  : Starting beans in phase 0
2025-10-30T18:52:16.226+01:00 DEBUG 31404 --- [marketing-service] [main] o.s.c.support.DefaultLifecycleProcessor  : Successfully started bean 'rabbitTemplate'
2025-10-30T18:52:16.228+01:00 DEBUG 31404 --- [marketing-service] [main] o.s.c.support.DefaultLifecycleProcessor  : Starting beans in phase -2147483648
2025-10-30T18:52:16.228+01:00 DEBUG 31404 --- [marketing-service] [main] o.s.c.support.DefaultLifecycleProcessor  : Starting beans in phase -2147483647
2025-10-30T18:52:16.228+01:00 DEBUG 31404 --- [marketing-service] [main] o.s.c.support.DefaultLifecycleProcessor  : Starting beans in phase -2147482648
2025-10-30T18:52:16.228+01:00 DEBUG 31404 --- [marketing-service] [main] o.s.c.support.DefaultLifecycleProcessor  : Starting beans in phase 0
2025-10-30T18:52:16.228+01:00 DEBUG 31404 --- [marketing-service] [main] o.s.c.support.DefaultLifecycleProcessor  : Successfully started bean 'rabbitTemplate'
2025-10-30T18:52:16.232+01:00 DEBUG 31404 --- [marketing-service] [main] o.s.c.support.DefaultLifecycleProcessor  : Successfully started bean 'integrationHeaderChannelRegistry'
2025-10-30T18:52:16.232+01:00 DEBUG 31404 --- [marketing-service] [main] o.s.c.support.DefaultLifecycleProcessor  : Starting beans in phase 1073741823
2025-10-30T18:52:16.232+01:00 DEBUG 31404 --- [marketing-service] [main] o.s.c.support.DefaultLifecycleProcessor  : Starting beans in phase 2147480647
2025-10-30T18:52:16.232+01:00 DEBUG 31404 --- [marketing-service] [main] o.s.c.support.DefaultLifecycleProcessor  : Starting beans in phase 2147481599
2025-10-30T18:52:16.232+01:00 DEBUG 31404 --- [marketing-service] [main] o.s.c.support.DefaultLifecycleProcessor  : Starting beans in phase 2147482623
2025-10-30T18:52:16.232+01:00 DEBUG 31404 --- [marketing-service] [main] o.s.c.support.DefaultLifecycleProcessor  : Starting beans in phase 2147483547
2025-10-30T18:52:16.232+01:00 DEBUG 31404 --- [marketing-service] [main] o.s.c.support.DefaultLifecycleProcessor  : Starting beans in phase 2147483647
2025-10-30T18:52:16.232+01:00 DEBUG 31404 --- [marketing-service] [main] o.s.c.support.DefaultLifecycleProcessor  : Successfully started bean 'org.springframework.amqp.rabbit.config.internalRabbitListenerEndpointRegistry'
2025-10-30T18:52:16.233+01:00 DEBUG 31404 --- [marketing-service] [main] o.s.c.support.DefaultLifecycleProcessor  : Successfully started bean 'outerContext'
2025-10-30T18:52:16.233+01:00 DEBUG 31404 --- [marketing-service] [main] o.s.c.support.DefaultLifecycleProcessor  : Successfully started bean 'binderFactory'
2025-10-30T18:52:16.419+01:00  INFO 31404 --- [marketing-service] [main] c.e.marketing.MarketingApplication       : Started MarketingApplication in 25.647 seconds (process running for 34.686)
2025-10-30T18:52:49.296+01:00  INFO 31404 --- [marketing-service] [http-nio-8086-exec-3] o.a.c.c.C.[.[localhost].[/api/v1]        : Initializing Spring DispatcherServlet 'dispatcherServlet'
2025-10-30T18:52:49.296+01:00  INFO 31404 --- [marketing-service] [http-nio-8086-exec-3] o.s.web.servlet.DispatcherServlet        : Initializing Servlet 'dispatcherServlet'
2025-10-30T18:52:49.302+01:00  INFO 31404 --- [marketing-service] [http-nio-8086-exec-3] o.s.web.servlet.DispatcherServlet        : Completed initialization in 5 ms
2025-10-30T18:57:15.061+01:00  INFO 31404 --- [marketing-service] [AsyncResolver-bootstrap-executor-%d] c.n.d.s.r.aws.ConfigClusterResolver      : Resolving eureka endpoints via configuration
2025-10-30T19:02:15.062+01:00  INFO 31404 --- [marketing-service] [AsyncResolver-bootstrap-executor-%d] c.n.d.s.r.aws.ConfigClusterResolver      : Resolving eureka endpoints via configuration
2025-10-30T19:07:15.068+01:00  INFO 31404 --- [marketing-service] [AsyncResolver-bootstrap-executor-%d] c.n.d.s.r.aws.ConfigClusterResolver      : Resolving eureka endpoints via configuration
2025-10-30T19:12:15.081+01:00  INFO 31404 --- [marketing-service] [AsyncResolver-bootstrap-executor-%d] c.n.d.s.r.aws.ConfigClusterResolver      : Resolving eureka endpoints via configuration
2025-10-30T20:23:08.423+01:00  WARN 31404 --- [marketing-service] [HikariPool-1:housekeeper] com.zaxxer.hikari.pool.HikariPool        : HikariPool-1 - Thread starvation or clock leap detected (housekeeper delta=1h6m33s199ms100s800ns).
2025-10-30T20:23:18.269+01:00  INFO 31404 --- [marketing-service] [AsyncResolver-bootstrap-executor-%d] c.n.d.s.r.aws.ConfigClusterResolver      : Resolving eureka endpoints via configuration
2025-10-30T20:28:18.280+01:00  INFO 31404 --- [marketing-service] [AsyncResolver-bootstrap-executor-%d] c.n.d.s.r.aws.ConfigClusterResolver      : Resolving eureka endpoints via configuration
2025-10-30T20:33:18.294+01:00  INFO 31404 --- [marketing-service] [AsyncResolver-bootstrap-executor-%d] c.n.d.s.r.aws.ConfigClusterResolver      : Resolving eureka endpoints via configuration
