2025-10-29T16:31:39.417+01:00  INFO 36536 --- [payment-service] [main] [                                                 ] c.ecommerce.payment.PaymentApplication   : Starting PaymentApplication using Java 22.0.2 with PID 36536 (C:\Users\domen\Desktop\programowanie\SportShop-microservice\backend\payment\target\classes started by domen in C:\Users\domen\Desktop\programowanie\SportShop-microservice\backend)
2025-10-29T16:31:39.460+01:00  INFO 36536 --- [payment-service] [main] [                                                 ] c.ecommerce.payment.PaymentApplication   : No active profile set, falling back to 1 default profile: "default"
2025-10-29T16:31:39.598+01:00  INFO 36536 --- [payment-service] [main] [                                                 ] o.s.c.c.c.ConfigServerConfigDataLoader   : Fetching config from server at : http://localhost:8888/
2025-10-29T16:31:39.598+01:00  INFO 36536 --- [payment-service] [main] [                                                 ] o.s.c.c.c.ConfigServerConfigDataLoader   : Located environment: name=payment-service, profiles=[default], label=null, version=null, state=null
2025-10-29T16:31:44.162+01:00  INFO 36536 --- [payment-service] [main] [                                                 ] .s.d.r.c.RepositoryConfigurationDelegate : Multiple Spring Data modules found, entering strict repository configuration mode
2025-10-29T16:31:44.164+01:00  INFO 36536 --- [payment-service] [main] [                                                 ] .s.d.r.c.RepositoryConfigurationDelegate : Bootstrapping Spring Data JPA repositories in DEFAULT mode.
2025-10-29T16:31:44.384+01:00  INFO 36536 --- [payment-service] [main] [                                                 ] .s.d.r.c.RepositoryConfigurationDelegate : Finished Spring Data repository scanning in 204 ms. Found 2 JPA repository interfaces.
2025-10-29T16:31:44.398+01:00  INFO 36536 --- [payment-service] [main] [                                                 ] .s.d.r.c.RepositoryConfigurationDelegate : Multiple Spring Data modules found, entering strict repository configuration mode
2025-10-29T16:31:44.398+01:00  INFO 36536 --- [payment-service] [main] [                                                 ] .s.d.r.c.RepositoryConfigurationDelegate : Bootstrapping Spring Data MongoDB repositories in DEFAULT mode.
2025-10-29T16:31:44.412+01:00  INFO 36536 --- [payment-service] [main] [                                                 ] .RepositoryConfigurationExtensionSupport : Spring Data MongoDB - Could not safely identify store assignment for repository candidate interface com.ecommerce.payment.paymentType.PaymentTypeRepository; If you want this repository to be a MongoDB repository, consider annotating your entities with one of these annotations: org.springframework.data.mongodb.core.mapping.Document (preferred), or consider extending one of the following types with your repository: org.springframework.data.mongodb.repository.MongoRepository
2025-10-29T16:31:44.413+01:00  INFO 36536 --- [payment-service] [main] [                                                 ] .RepositoryConfigurationExtensionSupport : Spring Data MongoDB - Could not safely identify store assignment for repository candidate interface com.ecommerce.payment.payment.PaymentRepository; If you want this repository to be a MongoDB repository, consider annotating your entities with one of these annotations: org.springframework.data.mongodb.core.mapping.Document (preferred), or consider extending one of the following types with your repository: org.springframework.data.mongodb.repository.MongoRepository
2025-10-29T16:31:44.413+01:00  INFO 36536 --- [payment-service] [main] [                                                 ] .s.d.r.c.RepositoryConfigurationDelegate : Finished Spring Data repository scanning in 11 ms. Found 0 MongoDB repository interfaces.
2025-10-29T16:31:44.912+01:00  INFO 36536 --- [payment-service] [main] [                                                 ] faultConfiguringBeanFactoryPostProcessor : No bean named 'errorChannel' has been explicitly defined. Therefore, a default PublishSubscribeChannel will be created.
2025-10-29T16:31:44.925+01:00  INFO 36536 --- [payment-service] [main] [                                                 ] faultConfiguringBeanFactoryPostProcessor : No bean named 'integrationHeaderChannelRegistry' has been explicitly defined. Therefore, a default DefaultHeaderChannelRegistry will be created.
2025-10-29T16:31:45.241+01:00  INFO 36536 --- [payment-service] [main] [                                                 ] o.s.cloud.context.scope.GenericScope     : BeanFactory id=c7f5a646-33a9-31f6-bb24-ecc8df1d478c
2025-10-29T16:31:47.093+01:00  INFO 36536 --- [payment-service] [main] [                                                 ] o.s.b.w.embedded.tomcat.TomcatWebServer  : Tomcat initialized with port 8085 (http)
2025-10-29T16:31:47.131+01:00  INFO 36536 --- [payment-service] [main] [                                                 ] o.apache.catalina.core.StandardService   : Starting service [Tomcat]
2025-10-29T16:31:47.132+01:00  INFO 36536 --- [payment-service] [main] [                                                 ] o.apache.catalina.core.StandardEngine    : Starting Servlet engine: [Apache Tomcat/10.1.41]
2025-10-29T16:31:47.321+01:00  INFO 36536 --- [payment-service] [main] [                                                 ] o.a.c.c.C.[.[localhost].[/api/v1]        : Initializing Spring embedded WebApplicationContext
2025-10-29T16:31:47.322+01:00  INFO 36536 --- [payment-service] [main] [                                                 ] w.s.c.ServletWebServerApplicationContext : Root WebApplicationContext: initialization completed in 7717 ms
2025-10-29T16:31:48.490+01:00 DEBUG 36536 --- [payment-service] [main] [                                                 ] o.s.w.f.ServerHttpObservationFilter      : Filter 'webMvcObservationFilter' configured for use
2025-10-29T16:31:48.811+01:00  INFO 36536 --- [payment-service] [main] [                                                 ] o.hibernate.jpa.internal.util.LogHelper  : HHH000204: Processing PersistenceUnitInfo [name: default]
2025-10-29T16:31:48.928+01:00  INFO 36536 --- [payment-service] [main] [                                                 ] org.hibernate.Version                    : HHH000412: Hibernate ORM core version 6.6.15.Final
2025-10-29T16:31:48.994+01:00  INFO 36536 --- [payment-service] [main] [                                                 ] o.h.c.internal.RegionFactoryInitiator    : HHH000026: Second-level cache disabled
2025-10-29T16:31:49.538+01:00  INFO 36536 --- [payment-service] [main] [                                                 ] o.s.o.j.p.SpringPersistenceUnitInfo      : No LoadTimeWeaver setup: ignoring JPA class transformer
2025-10-29T16:31:49.596+01:00  INFO 36536 --- [payment-service] [main] [                                                 ] com.zaxxer.hikari.HikariDataSource       : HikariPool-1 - Starting...
2025-10-29T16:31:49.809+01:00  INFO 36536 --- [payment-service] [main] [                                                 ] com.zaxxer.hikari.pool.HikariPool        : HikariPool-1 - Added connection org.postgresql.jdbc.PgConnection@2984edab
2025-10-29T16:31:49.812+01:00  INFO 36536 --- [payment-service] [main] [                                                 ] com.zaxxer.hikari.HikariDataSource       : HikariPool-1 - Start completed.
2025-10-29T16:31:49.873+01:00  WARN 36536 --- [payment-service] [main] [                                                 ] org.hibernate.orm.deprecation            : HHH90000025: PostgreSQLDialect does not need to be specified explicitly using 'hibernate.dialect' (remove the property setting and it will be selected by default)
2025-10-29T16:31:49.902+01:00  INFO 36536 --- [payment-service] [main] [                                                 ] org.hibernate.orm.connections.pooling    : HHH10001005: Database info:
	Database JDBC URL [Connecting through datasource 'HikariDataSource (HikariPool-1)']
	Database driver: undefined/unknown
	Database version: 15.14
	Autocommit mode: undefined/unknown
	Isolation level: undefined/unknown
	Minimum pool size: undefined/unknown
	Maximum pool size: undefined/unknown
2025-10-29T16:31:50.808+01:00  INFO 36536 --- [payment-service] [main] [                                                 ] o.h.e.t.j.p.i.JtaPlatformInitiator       : HHH000489: No JTA platform available (set 'hibernate.transaction.jta.platform' to enable JTA platform integration)
2025-10-29T16:31:50.863+01:00  INFO 36536 --- [payment-service] [main] [                                                 ] j.LocalContainerEntityManagerFactoryBean : Initialized JPA EntityManagerFactory for persistence unit 'default'
2025-10-29T16:31:51.156+01:00  WARN 36536 --- [payment-service] [main] [                                                 ] JpaBaseConfiguration$JpaWebConfiguration : spring.jpa.open-in-view is enabled by default. Therefore, database queries may be performed during view rendering. Explicitly configure spring.jpa.open-in-view to disable this warning
2025-10-29T16:31:52.695+01:00 DEBUG 36536 --- [payment-service] [main] [                                                 ] s.w.s.m.m.a.RequestMappingHandlerMapping : 16 mappings in 'requestMappingHandlerMapping'
2025-10-29T16:31:52.768+01:00 DEBUG 36536 --- [payment-service] [main] [                                                 ] o.s.w.s.handler.SimpleUrlHandlerMapping  : Patterns [/webjars/**, /**, /swagger-ui*/*swagger-initializer.js, /swagger-ui*/**] in 'resourceHandlerMapping'
2025-10-29T16:31:53.154+01:00  INFO 36536 --- [payment-service] [main] [                                                 ] org.mongodb.driver.client                : MongoClient with metadata {"driver": {"name": "mongo-java-driver|sync|spring-boot", "version": "5.4.0"}, "os": {"type": "Windows", "name": "Windows 11", "architecture": "amd64", "version": "10.0"}, "platform": "Java/Oracle Corporation/22.0.2+9-70"} created with settings MongoClientSettings{readPreference=primary, writeConcern=WriteConcern{w=null, wTimeout=null ms, journal=null}, retryWrites=true, retryReads=true, readConcern=ReadConcern{level=null}, credential=null, transportSettings=null, commandListeners=[io.micrometer.core.instrument.binder.mongodb.MongoMetricsCommandListener@17abb5bb], codecRegistry=ProvidersCodecRegistry{codecProviders=[ValueCodecProvider{}, BsonValueCodecProvider{}, DBRefCodecProvider{}, DBObjectCodecProvider{}, DocumentCodecProvider{}, CollectionCodecProvider{}, IterableCodecProvider{}, MapCodecProvider{}, GeoJsonCodecProvider{}, GridFSFileCodecProvider{}, Jsr310CodecProvider{}, JsonObjectCodecProvider{}, BsonCodecProvider{}, EnumCodecProvider{}, com.mongodb.client.model.mql.ExpressionCodecProvider@4601abbe, com.mongodb.Jep395RecordCodecProvider@40d6d07c, com.mongodb.KotlinCodecProvider@1a8cb4a9]}, loggerSettings=LoggerSettings{maxDocumentLength=1000}, clusterSettings={hosts=[localhost:27017], srvServiceName=mongodb, mode=SINGLE, requiredClusterType=UNKNOWN, requiredReplicaSetName='null', serverSelector='null', clusterListeners='[]', serverSelectionTimeout='30000 ms', localThreshold='15 ms'}, socketSettings=SocketSettings{connectTimeoutMS=10000, readTimeoutMS=0, receiveBufferSize=0, proxySettings=ProxySettings{host=null, port=null, username=null, password=null}}, heartbeatSocketSettings=SocketSettings{connectTimeoutMS=10000, readTimeoutMS=10000, receiveBufferSize=0, proxySettings=ProxySettings{host=null, port=null, username=null, password=null}}, connectionPoolSettings=ConnectionPoolSettings{maxSize=100, minSize=0, maxWaitTimeMS=120000, maxConnectionLifeTimeMS=0, maxConnectionIdleTimeMS=0, maintenanceInitialDelayMS=0, maintenanceFrequencyMS=60000, connectionPoolListeners=[io.micrometer.core.instrument.binder.mongodb.MongoMetricsConnectionPoolListener@20deb6f5], maxConnecting=2}, serverSettings=ServerSettings{heartbeatFrequencyMS=10000, minHeartbeatFrequencyMS=500, serverMonitoringMode=AUTO, serverListeners='[]', serverMonitorListeners='[]'}, sslSettings=SslSettings{enabled=false, invalidHostNameAllowed=false, context=null}, applicationName='null', compressorList=[], uuidRepresentation=JAVA_LEGACY, serverApi=null, autoEncryptionSettings=null, dnsClient=null, inetAddressResolver=null, contextProvider=null, timeoutMS=null}
2025-10-29T16:31:53.175+01:00  INFO 36536 --- [payment-service] [cluster-ClusterId{value='6902336940d3c993bb21bc54', description='null'}-localhost:27017] [                                                 ] org.mongodb.driver.cluster               : Monitor thread successfully connected to server with description ServerDescription{address=localhost:27017, type=STANDALONE, cryptd=false, state=CONNECTED, ok=true, minWireVersion=0, maxWireVersion=25, maxDocumentSize=16777216, logicalSessionTimeoutMinutes=30, roundTripTimeNanos=34842900, minRoundTripTimeNanos=0}
2025-10-29T16:31:53.216+01:00  WARN 36536 --- [payment-service] [main] [                                                 ] o.s.data.convert.CustomConversions       : Registering converter from interface java.util.List to interface org.springframework.data.domain.Vector as reading converter although it doesn't convert from a store-supported type; You might want to check your annotation setup at the converter implementation
2025-10-29T16:31:53.245+01:00  WARN 36536 --- [payment-service] [main] [                                                 ] o.s.data.convert.CustomConversions       : Registering converter from interface java.util.List to interface org.springframework.data.domain.Vector as reading converter although it doesn't convert from a store-supported type; You might want to check your annotation setup at the converter implementation
2025-10-29T16:31:53.723+01:00  INFO 36536 --- [payment-service] [main] [                                                 ] o.s.b.a.e.web.EndpointLinksResolver      : Exposing 32 endpoints beneath base path '/actuator'
2025-10-29T16:31:54.098+01:00 DEBUG 36536 --- [payment-service] [main] [                                                 ] s.w.s.m.m.a.RequestMappingHandlerAdapter : ControllerAdvice beans: 0 @ModelAttribute, 0 @InitBinder, 1 RequestBodyAdvice, 1 ResponseBodyAdvice
2025-10-29T16:31:54.150+01:00  WARN 36536 --- [payment-service] [main] [                                                 ] ion$DefaultTemplateResolverConfiguration : Cannot find template location: classpath:/templates/ (please add some templates, check your Thymeleaf configuration, or set spring.thymeleaf.check-template-location=false)
2025-10-29T16:31:54.219+01:00 DEBUG 36536 --- [payment-service] [main] [                                                 ] .m.m.a.ExceptionHandlerExceptionResolver : ControllerAdvice beans: 1 @ExceptionHandler, 1 ResponseBodyAdvice
2025-10-29T16:31:55.053+01:00  INFO 36536 --- [payment-service] [main] [                                                 ] DiscoveryClientOptionalArgsConfiguration : Eureka HTTP Client uses RestTemplate.
2025-10-29T16:31:55.138+01:00  WARN 36536 --- [payment-service] [main] [                                                 ] iguration$LoadBalancerCaffeineWarnLogger : Spring Cloud LoadBalancer is currently working with the default cache. While this cache implementation is useful for development and tests, it's recommended to use Caffeine cache in production.You can switch to using Caffeine cache, by adding it and org.springframework.cache.caffeine.CaffeineCacheManager to the classpath.
2025-10-29T16:31:55.334+01:00  INFO 36536 --- [payment-service] [main] [                                                 ] o.s.i.endpoint.EventDrivenConsumer       : Adding {logging-channel-adapter:_org.springframework.integration.errorLogger} as a subscriber to the 'errorChannel' channel
2025-10-29T16:31:55.335+01:00  INFO 36536 --- [payment-service] [main] [                                                 ] o.s.i.channel.PublishSubscribeChannel    : Channel 'payment-service.errorChannel' has 1 subscriber(s).
2025-10-29T16:31:55.335+01:00  INFO 36536 --- [payment-service] [main] [                                                 ] o.s.i.endpoint.EventDrivenConsumer       : started bean '_org.springframework.integration.errorLogger'
2025-10-29T16:31:55.386+01:00  INFO 36536 --- [payment-service] [main] [                                                 ] o.s.c.n.eureka.InstanceInfoFactory       : Setting initial instance status as: STARTING
2025-10-29T16:31:55.413+01:00  INFO 36536 --- [payment-service] [main] [                                                 ] com.netflix.discovery.DiscoveryClient    : Initializing Eureka in region us-east-1
2025-10-29T16:31:55.417+01:00  INFO 36536 --- [payment-service] [main] [                                                 ] c.n.d.s.r.aws.ConfigClusterResolver      : Resolving eureka endpoints via configuration
2025-10-29T16:31:55.427+01:00  INFO 36536 --- [payment-service] [main] [                                                 ] com.netflix.discovery.DiscoveryClient    : Disable delta property : false
2025-10-29T16:31:55.427+01:00  INFO 36536 --- [payment-service] [main] [                                                 ] com.netflix.discovery.DiscoveryClient    : Single vip registry refresh property : null
2025-10-29T16:31:55.427+01:00  INFO 36536 --- [payment-service] [main] [                                                 ] com.netflix.discovery.DiscoveryClient    : Force full registry fetch : false
2025-10-29T16:31:55.427+01:00  INFO 36536 --- [payment-service] [main] [                                                 ] com.netflix.discovery.DiscoveryClient    : Application is null : false
2025-10-29T16:31:55.427+01:00  INFO 36536 --- [payment-service] [main] [                                                 ] com.netflix.discovery.DiscoveryClient    : Registered Applications size is zero : true
2025-10-29T16:31:55.427+01:00  INFO 36536 --- [payment-service] [main] [                                                 ] com.netflix.discovery.DiscoveryClient    : Application version is -1: true
2025-10-29T16:31:55.427+01:00  INFO 36536 --- [payment-service] [main] [                                                 ] com.netflix.discovery.DiscoveryClient    : Getting all instance registry info from the eureka server
2025-10-29T16:31:55.508+01:00 DEBUG 36536 --- [payment-service] [main] [                                                 ] o.s.web.client.RestTemplate              : HTTP GET http://localhost:8761/eureka/apps/
2025-10-29T16:31:55.577+01:00 DEBUG 36536 --- [payment-service] [main] [6902336bd4d35600b288c8e52e458e67-b288c8e52e458e67] o.s.web.client.RestTemplate              : Accept=[application/json, application/yaml, application/*+json]
2025-10-29T16:31:55.622+01:00 DEBUG 36536 --- [payment-service] [main] [6902336bd4d35600b288c8e52e458e67-b288c8e52e458e67] o.s.web.client.RestTemplate              : Response 200 OK
2025-10-29T16:31:55.625+01:00 DEBUG 36536 --- [payment-service] [main] [6902336bd4d35600b288c8e52e458e67-b288c8e52e458e67] o.s.web.client.RestTemplate              : Reading to [org.springframework.cloud.netflix.eureka.http.EurekaApplications]
2025-10-29T16:31:55.654+01:00  INFO 36536 --- [payment-service] [main] [                                                 ] com.netflix.discovery.DiscoveryClient    : The response status is 200
2025-10-29T16:31:55.656+01:00  INFO 36536 --- [payment-service] [main] [                                                 ] com.netflix.discovery.DiscoveryClient    : Starting heartbeat executor: renew interval is: 30
2025-10-29T16:31:55.658+01:00  INFO 36536 --- [payment-service] [main] [                                                 ] c.n.discovery.InstanceInfoReplicator     : InstanceInfoReplicator onDemand update allowed rate per min is 4
2025-10-29T16:31:55.659+01:00  INFO 36536 --- [payment-service] [main] [                                                 ] com.netflix.discovery.DiscoveryClient    : Discovery Client initialized at timestamp 1761751915659 with initial instances count: 2
2025-10-29T16:31:55.669+01:00  INFO 36536 --- [payment-service] [main] [                                                 ] o.s.c.n.e.s.EurekaServiceRegistry        : Registering application PAYMENT-SERVICE with eureka with status UP
2025-10-29T16:31:55.670+01:00  INFO 36536 --- [payment-service] [main] [                                                 ] com.netflix.discovery.DiscoveryClient    : Saw local status change event StatusChangeEvent [timestamp=1761751915670, current=UP, previous=STARTING]
2025-10-29T16:31:55.672+01:00  INFO 36536 --- [payment-service] [DiscoveryClient-InstanceInfoReplicator-%d] [                                                 ] com.netflix.discovery.DiscoveryClient    : DiscoveryClient_PAYMENT-SERVICE/dominikPC:payment-service:8085: registering service...
2025-10-29T16:31:55.682+01:00 DEBUG 36536 --- [payment-service] [DiscoveryClient-InstanceInfoReplicator-%d] [                                                 ] o.s.web.client.RestTemplate              : HTTP POST http://localhost:8761/eureka/apps/PAYMENT-SERVICE
2025-10-29T16:31:55.685+01:00 DEBUG 36536 --- [payment-service] [DiscoveryClient-InstanceInfoReplicator-%d] [6902336b8c4959a96fb3ce30f564a2d0-6fb3ce30f564a2d0] o.s.web.client.RestTemplate              : Accept=[application/json, application/yaml, application/*+json]
2025-10-29T16:31:55.689+01:00  INFO 36536 --- [payment-service] [main] [                                                 ] o.s.b.w.embedded.tomcat.TomcatWebServer  : Tomcat started on port 8085 (http) with context path '/api/v1'
2025-10-29T16:31:55.690+01:00  INFO 36536 --- [payment-service] [main] [                                                 ] .s.c.n.e.s.EurekaAutoServiceRegistration : Updating port to 8085
2025-10-29T16:31:55.699+01:00 DEBUG 36536 --- [payment-service] [DiscoveryClient-InstanceInfoReplicator-%d] [6902336b8c4959a96fb3ce30f564a2d0-6fb3ce30f564a2d0] o.s.web.client.RestTemplate              : Writing [InstanceInfo [instanceId = dominikPC:payment-service:8085, appName = PAYMENT-SERVICE, hostName = dominikPC, status = UP, ipAddr = 192.168.1.105, port = 8085, securePort = 443, dataCenterInfo = com.netflix.appinfo.MyDataCenterInfo@55c0a768] as "application/json"
2025-10-29T16:31:55.726+01:00 DEBUG 36536 --- [payment-service] [DiscoveryClient-InstanceInfoReplicator-%d] [6902336b8c4959a96fb3ce30f564a2d0-6fb3ce30f564a2d0] o.s.web.client.RestTemplate              : Response 204 NO_CONTENT
2025-10-29T16:31:55.730+01:00  INFO 36536 --- [payment-service] [DiscoveryClient-InstanceInfoReplicator-%d] [                                                 ] com.netflix.discovery.DiscoveryClient    : DiscoveryClient_PAYMENT-SERVICE/dominikPC:payment-service:8085 - registration status: 204
2025-10-29T16:31:55.747+01:00  INFO 36536 --- [payment-service] [main] [                                                 ] c.ecommerce.payment.PaymentApplication   : Started PaymentApplication in 19.515 seconds (process running for 23.714)
2025-10-29T16:31:56.708+01:00  WARN 36536 --- [payment-service] [AsyncReporter{ZipkinHttpClientSender{http://localhost:9411/api/v2/spans}}] [                                                 ] z.r.i.AsyncReporter$BoundedAsyncReporter : Spans were dropped due to exceptions. All subsequent errors will be logged at FINE level.
2025-10-29T16:31:56.709+01:00  WARN 36536 --- [payment-service] [AsyncReporter{ZipkinHttpClientSender{http://localhost:9411/api/v2/spans}}] [                                                 ] z.r.i.AsyncReporter$BoundedAsyncReporter : Dropped 2 spans due to ConnectException()

java.net.ConnectException: null
	at java.net.http/jdk.internal.net.http.HttpClientImpl.send(HttpClientImpl.java:956) ~[java.net.http:na]
	at java.net.http/jdk.internal.net.http.HttpClientFacade.send(HttpClientFacade.java:133) ~[java.net.http:na]
	at org.springframework.boot.actuate.autoconfigure.tracing.zipkin.ZipkinHttpClientSender.postSpans(ZipkinHttpClientSender.java:60) ~[spring-boot-actuator-autoconfigure-3.5.0.jar:3.5.0]
	at org.springframework.boot.actuate.autoconfigure.tracing.zipkin.HttpSender.postSpans(HttpSender.java:69) ~[spring-boot-actuator-autoconfigure-3.5.0.jar:3.5.0]
	at org.springframework.boot.actuate.autoconfigure.tracing.zipkin.HttpSender.postSpans(HttpSender.java:41) ~[spring-boot-actuator-autoconfigure-3.5.0.jar:3.5.0]
	at zipkin2.reporter.BaseHttpSender.send(BaseHttpSender.java:123) ~[zipkin-reporter-3.5.0.jar:na]
	at zipkin2.reporter.internal.AsyncReporter$BoundedAsyncReporter.flush(AsyncReporter.java:266) ~[zipkin-reporter-3.5.0.jar:na]
	at zipkin2.reporter.internal.AsyncReporter$Flusher.run(AsyncReporter.java:352) ~[zipkin-reporter-3.5.0.jar:na]
	at java.base/java.lang.Thread.run(Thread.java:1570) ~[na:na]
Caused by: java.net.ConnectException: null
	at java.net.http/jdk.internal.net.http.common.Utils.toConnectException(Utils.java:1065) ~[java.net.http:na]
	at java.net.http/jdk.internal.net.http.PlainHttpConnection.connectAsync(PlainHttpConnection.java:227) ~[java.net.http:na]
	at java.net.http/jdk.internal.net.http.PlainHttpConnection.checkRetryConnect(PlainHttpConnection.java:280) ~[java.net.http:na]
	at java.net.http/jdk.internal.net.http.PlainHttpConnection.lambda$connectAsync$2(PlainHttpConnection.java:238) ~[java.net.http:na]
	at java.base/java.util.concurrent.CompletableFuture.uniHandle(CompletableFuture.java:934) ~[na:na]
	at java.base/java.util.concurrent.CompletableFuture$UniHandle.tryFire(CompletableFuture.java:911) ~[na:na]
	at java.base/java.util.concurrent.CompletableFuture.postComplete(CompletableFuture.java:510) ~[na:na]
	at java.base/java.util.concurrent.CompletableFuture$AsyncSupply.run(CompletableFuture.java:1773) ~[na:na]
	at java.base/java.util.concurrent.ThreadPoolExecutor.runWorker(ThreadPoolExecutor.java:1144) ~[na:na]
	at java.base/java.util.concurrent.ThreadPoolExecutor$Worker.run(ThreadPoolExecutor.java:642) ~[na:na]
	... 1 common frames omitted
Caused by: java.nio.channels.ClosedChannelException: null
	at java.base/sun.nio.ch.SocketChannelImpl.ensureOpen(SocketChannelImpl.java:204) ~[na:na]
	at java.base/sun.nio.ch.SocketChannelImpl.beginConnect(SocketChannelImpl.java:873) ~[na:na]
	at java.base/sun.nio.ch.SocketChannelImpl.connect(SocketChannelImpl.java:961) ~[na:na]
	at java.net.http/jdk.internal.net.http.PlainHttpConnection.lambda$connectAsync$1(PlainHttpConnection.java:210) ~[java.net.http:na]
	at java.base/java.security.AccessController.doPrivileged(AccessController.java:571) ~[na:na]
	at java.net.http/jdk.internal.net.http.PlainHttpConnection.connectAsync(PlainHttpConnection.java:212) ~[java.net.http:na]
	... 9 common frames omitted

2025-10-29T16:32:25.669+01:00 DEBUG 36536 --- [payment-service] [DiscoveryClient-CacheRefreshExecutor-%d] [                                                 ] o.s.web.client.RestTemplate              : HTTP GET http://localhost:8761/eureka/apps/delta
2025-10-29T16:32:25.671+01:00 DEBUG 36536 --- [payment-service] [DiscoveryClient-HeartbeatExecutor-%d] [                                                 ] o.s.web.client.RestTemplate              : HTTP PUT http://localhost:8761/eureka/apps/PAYMENT-SERVICE/dominikPC:payment-service:8085?status=UP&lastDirtyTimestamp=1761751915669
2025-10-29T16:32:25.671+01:00 DEBUG 36536 --- [payment-service] [DiscoveryClient-CacheRefreshExecutor-%d] [69023389e43a4a916221b24bf6a346b8-6221b24bf6a346b8] o.s.web.client.RestTemplate              : Accept=[application/json, application/yaml, application/*+json]
2025-10-29T16:32:25.676+01:00 DEBUG 36536 --- [payment-service] [DiscoveryClient-HeartbeatExecutor-%d] [690233895d6e267c24114bca7b0f0472-24114bca7b0f0472] o.s.web.client.RestTemplate              : Accept=[application/json, application/yaml, application/*+json]
2025-10-29T16:32:25.685+01:00 DEBUG 36536 --- [payment-service] [DiscoveryClient-HeartbeatExecutor-%d] [690233895d6e267c24114bca7b0f0472-24114bca7b0f0472] o.s.web.client.RestTemplate              : Response 200 OK
2025-10-29T16:32:25.685+01:00 DEBUG 36536 --- [payment-service] [DiscoveryClient-CacheRefreshExecutor-%d] [69023389e43a4a916221b24bf6a346b8-6221b24bf6a346b8] o.s.web.client.RestTemplate              : Response 200 OK
2025-10-29T16:32:25.686+01:00 DEBUG 36536 --- [payment-service] [DiscoveryClient-CacheRefreshExecutor-%d] [69023389e43a4a916221b24bf6a346b8-6221b24bf6a346b8] o.s.web.client.RestTemplate              : Reading to [org.springframework.cloud.netflix.eureka.http.EurekaApplications]
2025-10-29T16:32:55.689+01:00 DEBUG 36536 --- [payment-service] [DiscoveryClient-CacheRefreshExecutor-%d] [                                                 ] o.s.web.client.RestTemplate              : HTTP GET http://localhost:8761/eureka/apps/delta
2025-10-29T16:32:55.689+01:00 DEBUG 36536 --- [payment-service] [DiscoveryClient-HeartbeatExecutor-%d] [                                                 ] o.s.web.client.RestTemplate              : HTTP PUT http://localhost:8761/eureka/apps/PAYMENT-SERVICE/dominikPC:payment-service:8085?status=UP&lastDirtyTimestamp=1761751915669
2025-10-29T16:32:55.690+01:00 DEBUG 36536 --- [payment-service] [DiscoveryClient-HeartbeatExecutor-%d] [690233a7473a1c5b877003354fa76eb1-877003354fa76eb1] o.s.web.client.RestTemplate              : Accept=[application/json, application/yaml, application/*+json]
2025-10-29T16:32:55.690+01:00 DEBUG 36536 --- [payment-service] [DiscoveryClient-CacheRefreshExecutor-%d] [690233a73077038f3845552e0c1b6f52-3845552e0c1b6f52] o.s.web.client.RestTemplate              : Accept=[application/json, application/yaml, application/*+json]
2025-10-29T16:32:55.707+01:00 DEBUG 36536 --- [payment-service] [DiscoveryClient-CacheRefreshExecutor-%d] [690233a73077038f3845552e0c1b6f52-3845552e0c1b6f52] o.s.web.client.RestTemplate              : Response 200 OK
2025-10-29T16:32:55.708+01:00 DEBUG 36536 --- [payment-service] [DiscoveryClient-HeartbeatExecutor-%d] [690233a7473a1c5b877003354fa76eb1-877003354fa76eb1] o.s.web.client.RestTemplate              : Response 200 OK
2025-10-29T16:32:55.708+01:00 DEBUG 36536 --- [payment-service] [DiscoveryClient-CacheRefreshExecutor-%d] [690233a73077038f3845552e0c1b6f52-3845552e0c1b6f52] o.s.web.client.RestTemplate              : Reading to [org.springframework.cloud.netflix.eureka.http.EurekaApplications]
2025-10-29T16:33:25.711+01:00 DEBUG 36536 --- [payment-service] [DiscoveryClient-CacheRefreshExecutor-%d] [                                                 ] o.s.web.client.RestTemplate              : HTTP GET http://localhost:8761/eureka/apps/delta
2025-10-29T16:33:25.711+01:00 DEBUG 36536 --- [payment-service] [DiscoveryClient-HeartbeatExecutor-%d] [                                                 ] o.s.web.client.RestTemplate              : HTTP PUT http://localhost:8761/eureka/apps/PAYMENT-SERVICE/dominikPC:payment-service:8085?status=UP&lastDirtyTimestamp=1761751915669
2025-10-29T16:33:25.712+01:00 DEBUG 36536 --- [payment-service] [DiscoveryClient-CacheRefreshExecutor-%d] [690233c52ea7dc162ff85e2088ddbb39-2ff85e2088ddbb39] o.s.web.client.RestTemplate              : Accept=[application/json, application/yaml, application/*+json]
2025-10-29T16:33:25.712+01:00 DEBUG 36536 --- [payment-service] [DiscoveryClient-HeartbeatExecutor-%d] [690233c51cfea635dbb193f94302bbd4-dbb193f94302bbd4] o.s.web.client.RestTemplate              : Accept=[application/json, application/yaml, application/*+json]
2025-10-29T16:33:25.729+01:00 DEBUG 36536 --- [payment-service] [DiscoveryClient-HeartbeatExecutor-%d] [690233c51cfea635dbb193f94302bbd4-dbb193f94302bbd4] o.s.web.client.RestTemplate              : Response 200 OK
2025-10-29T16:33:25.729+01:00 DEBUG 36536 --- [payment-service] [DiscoveryClient-CacheRefreshExecutor-%d] [690233c52ea7dc162ff85e2088ddbb39-2ff85e2088ddbb39] o.s.web.client.RestTemplate              : Response 200 OK
2025-10-29T16:33:25.729+01:00 DEBUG 36536 --- [payment-service] [DiscoveryClient-CacheRefreshExecutor-%d] [690233c52ea7dc162ff85e2088ddbb39-2ff85e2088ddbb39] o.s.web.client.RestTemplate              : Reading to [org.springframework.cloud.netflix.eureka.http.EurekaApplications]
2025-10-29T16:33:55.743+01:00 DEBUG 36536 --- [payment-service] [DiscoveryClient-CacheRefreshExecutor-%d] [                                                 ] o.s.web.client.RestTemplate              : HTTP GET http://localhost:8761/eureka/apps/delta
2025-10-29T16:33:55.743+01:00 DEBUG 36536 --- [payment-service] [DiscoveryClient-HeartbeatExecutor-%d] [                                                 ] o.s.web.client.RestTemplate              : HTTP PUT http://localhost:8761/eureka/apps/PAYMENT-SERVICE/dominikPC:payment-service:8085?status=UP&lastDirtyTimestamp=1761751915669
2025-10-29T16:33:55.744+01:00 DEBUG 36536 --- [payment-service] [DiscoveryClient-CacheRefreshExecutor-%d] [690233e3a0bcad3663389052dd3365c0-63389052dd3365c0] o.s.web.client.RestTemplate              : Accept=[application/json, application/yaml, application/*+json]
2025-10-29T16:33:55.744+01:00 DEBUG 36536 --- [payment-service] [DiscoveryClient-HeartbeatExecutor-%d] [690233e3d159ff326894d077dceda8ff-6894d077dceda8ff] o.s.web.client.RestTemplate              : Accept=[application/json, application/yaml, application/*+json]
2025-10-29T16:33:55.761+01:00 DEBUG 36536 --- [payment-service] [DiscoveryClient-CacheRefreshExecutor-%d] [690233e3a0bcad3663389052dd3365c0-63389052dd3365c0] o.s.web.client.RestTemplate              : Response 200 OK
2025-10-29T16:33:55.761+01:00 DEBUG 36536 --- [payment-service] [DiscoveryClient-HeartbeatExecutor-%d] [690233e3d159ff326894d077dceda8ff-6894d077dceda8ff] o.s.web.client.RestTemplate              : Response 200 OK
2025-10-29T16:33:55.761+01:00 DEBUG 36536 --- [payment-service] [DiscoveryClient-CacheRefreshExecutor-%d] [690233e3a0bcad3663389052dd3365c0-63389052dd3365c0] o.s.web.client.RestTemplate              : Reading to [org.springframework.cloud.netflix.eureka.http.EurekaApplications]
2025-10-29T16:34:25.764+01:00 DEBUG 36536 --- [payment-service] [DiscoveryClient-HeartbeatExecutor-%d] [                                                 ] o.s.web.client.RestTemplate              : HTTP PUT http://localhost:8761/eureka/apps/PAYMENT-SERVICE/dominikPC:payment-service:8085?status=UP&lastDirtyTimestamp=1761751915669
2025-10-29T16:34:25.765+01:00 DEBUG 36536 --- [payment-service] [DiscoveryClient-HeartbeatExecutor-%d] [69023401a5e840a3e98f6463d9c12377-e98f6463d9c12377] o.s.web.client.RestTemplate              : Accept=[application/json, application/yaml, application/*+json]
2025-10-29T16:34:25.779+01:00 DEBUG 36536 --- [payment-service] [DiscoveryClient-CacheRefreshExecutor-%d] [                                                 ] o.s.web.client.RestTemplate              : HTTP GET http://localhost:8761/eureka/apps/delta
2025-10-29T16:34:25.780+01:00 DEBUG 36536 --- [payment-service] [DiscoveryClient-CacheRefreshExecutor-%d] [690234018f73359936b0a32edaa444ca-36b0a32edaa444ca] o.s.web.client.RestTemplate              : Accept=[application/json, application/yaml, application/*+json]
2025-10-29T16:34:25.782+01:00 DEBUG 36536 --- [payment-service] [DiscoveryClient-HeartbeatExecutor-%d] [69023401a5e840a3e98f6463d9c12377-e98f6463d9c12377] o.s.web.client.RestTemplate              : Response 200 OK
2025-10-29T16:34:25.797+01:00 DEBUG 36536 --- [payment-service] [DiscoveryClient-CacheRefreshExecutor-%d] [690234018f73359936b0a32edaa444ca-36b0a32edaa444ca] o.s.web.client.RestTemplate              : Response 200 OK
2025-10-29T16:34:25.798+01:00 DEBUG 36536 --- [payment-service] [DiscoveryClient-CacheRefreshExecutor-%d] [690234018f73359936b0a32edaa444ca-36b0a32edaa444ca] o.s.web.client.RestTemplate              : Reading to [org.springframework.cloud.netflix.eureka.http.EurekaApplications]
2025-10-29T16:34:55.789+01:00 DEBUG 36536 --- [payment-service] [DiscoveryClient-HeartbeatExecutor-%d] [                                                 ] o.s.web.client.RestTemplate              : HTTP PUT http://localhost:8761/eureka/apps/PAYMENT-SERVICE/dominikPC:payment-service:8085?status=UP&lastDirtyTimestamp=1761751915669
2025-10-29T16:34:55.790+01:00 DEBUG 36536 --- [payment-service] [DiscoveryClient-HeartbeatExecutor-%d] [6902341f29f9058ab7f2740e0a3f0a63-b7f2740e0a3f0a63] o.s.web.client.RestTemplate              : Accept=[application/json, application/yaml, application/*+json]
2025-10-29T16:34:55.804+01:00 DEBUG 36536 --- [payment-service] [DiscoveryClient-CacheRefreshExecutor-%d] [                                                 ] o.s.web.client.RestTemplate              : HTTP GET http://localhost:8761/eureka/apps/delta
2025-10-29T16:34:55.805+01:00 DEBUG 36536 --- [payment-service] [DiscoveryClient-CacheRefreshExecutor-%d] [6902341fe0dafa8e65388753b28548ee-65388753b28548ee] o.s.web.client.RestTemplate              : Accept=[application/json, application/yaml, application/*+json]
2025-10-29T16:34:55.807+01:00 DEBUG 36536 --- [payment-service] [DiscoveryClient-HeartbeatExecutor-%d] [6902341f29f9058ab7f2740e0a3f0a63-b7f2740e0a3f0a63] o.s.web.client.RestTemplate              : Response 200 OK
2025-10-29T16:34:55.823+01:00 DEBUG 36536 --- [payment-service] [DiscoveryClient-CacheRefreshExecutor-%d] [6902341fe0dafa8e65388753b28548ee-65388753b28548ee] o.s.web.client.RestTemplate              : Response 200 OK
2025-10-29T16:34:55.823+01:00 DEBUG 36536 --- [payment-service] [DiscoveryClient-CacheRefreshExecutor-%d] [6902341fe0dafa8e65388753b28548ee-65388753b28548ee] o.s.web.client.RestTemplate              : Reading to [org.springframework.cloud.netflix.eureka.http.EurekaApplications]
2025-10-29T16:35:20.689+01:00  INFO 36536 --- [payment-service] [SpringApplicationShutdownHook] [                                                 ] o.s.c.n.e.s.EurekaServiceRegistry        : Unregistering application PAYMENT-SERVICE with eureka with status DOWN
2025-10-29T16:35:20.691+01:00  INFO 36536 --- [payment-service] [SpringApplicationShutdownHook] [                                                 ] com.netflix.discovery.DiscoveryClient    : Saw local status change event StatusChangeEvent [timestamp=1761752120691, current=DOWN, previous=UP]
2025-10-29T16:35:20.692+01:00  INFO 36536 --- [payment-service] [DiscoveryClient-InstanceInfoReplicator-%d] [                                                 ] com.netflix.discovery.DiscoveryClient    : DiscoveryClient_PAYMENT-SERVICE/dominikPC:payment-service:8085: registering service...
2025-10-29T16:35:20.693+01:00 DEBUG 36536 --- [payment-service] [DiscoveryClient-InstanceInfoReplicator-%d] [                                                 ] o.s.web.client.RestTemplate              : HTTP POST http://localhost:8761/eureka/apps/PAYMENT-SERVICE
2025-10-29T16:35:20.696+01:00 DEBUG 36536 --- [payment-service] [DiscoveryClient-InstanceInfoReplicator-%d] [6902343808d6e7815228fa6a72ee2acd-5228fa6a72ee2acd] o.s.web.client.RestTemplate              : Accept=[application/json, application/yaml, application/*+json]
2025-10-29T16:35:20.699+01:00 DEBUG 36536 --- [payment-service] [DiscoveryClient-InstanceInfoReplicator-%d] [6902343808d6e7815228fa6a72ee2acd-5228fa6a72ee2acd] o.s.web.client.RestTemplate              : Writing [InstanceInfo [instanceId = dominikPC:payment-service:8085, appName = PAYMENT-SERVICE, hostName = dominikPC, status = DOWN, ipAddr = 192.168.1.105, port = 8085, securePort = 443, dataCenterInfo = com.netflix.appinfo.MyDataCenterInfo@55c0a768] as "application/json"
2025-10-29T16:35:20.713+01:00 DEBUG 36536 --- [payment-service] [DiscoveryClient-InstanceInfoReplicator-%d] [6902343808d6e7815228fa6a72ee2acd-5228fa6a72ee2acd] o.s.web.client.RestTemplate              : Response 204 NO_CONTENT
2025-10-29T16:35:20.714+01:00  INFO 36536 --- [payment-service] [DiscoveryClient-InstanceInfoReplicator-%d] [                                                 ] com.netflix.discovery.DiscoveryClient    : DiscoveryClient_PAYMENT-SERVICE/dominikPC:payment-service:8085 - registration status: 204
2025-10-29T16:35:20.821+01:00  INFO 36536 --- [payment-service] [SpringApplicationShutdownHook] [                                                 ] o.s.b.w.e.tomcat.GracefulShutdown        : Commencing graceful shutdown. Waiting for active requests to complete
2025-10-29T16:35:20.855+01:00  INFO 36536 --- [payment-service] [tomcat-shutdown] [                                                 ] o.s.b.w.e.tomcat.GracefulShutdown        : Graceful shutdown complete
2025-10-29T16:35:21.056+01:00  INFO 36536 --- [payment-service] [SpringApplicationShutdownHook] [                                                 ] o.s.i.endpoint.EventDrivenConsumer       : Removing {logging-channel-adapter:_org.springframework.integration.errorLogger} as a subscriber to the 'errorChannel' channel
2025-10-29T16:35:21.057+01:00  INFO 36536 --- [payment-service] [SpringApplicationShutdownHook] [                                                 ] o.s.i.channel.PublishSubscribeChannel    : Channel 'payment-service.errorChannel' has 0 subscriber(s).
2025-10-29T16:35:21.058+01:00  INFO 36536 --- [payment-service] [SpringApplicationShutdownHook] [                                                 ] o.s.i.endpoint.EventDrivenConsumer       : stopped bean '_org.springframework.integration.errorLogger'
2025-10-29T16:35:21.095+01:00  INFO 36536 --- [payment-service] [SpringApplicationShutdownHook] [                                                 ] j.LocalContainerEntityManagerFactoryBean : Closing JPA EntityManagerFactory for persistence unit 'default'
2025-10-29T16:35:21.112+01:00  INFO 36536 --- [payment-service] [SpringApplicationShutdownHook] [                                                 ] com.zaxxer.hikari.HikariDataSource       : HikariPool-1 - Shutdown initiated...
2025-10-29T16:35:21.122+01:00  INFO 36536 --- [payment-service] [SpringApplicationShutdownHook] [                                                 ] com.zaxxer.hikari.HikariDataSource       : HikariPool-1 - Shutdown completed.
2025-10-29T16:35:21.143+01:00  INFO 36536 --- [payment-service] [SpringApplicationShutdownHook] [                                                 ] com.netflix.discovery.DiscoveryClient    : Shutting down DiscoveryClient ...
2025-10-29T16:35:24.145+01:00  INFO 36536 --- [payment-service] [SpringApplicationShutdownHook] [                                                 ] com.netflix.discovery.DiscoveryClient    : Unregistering ...
2025-10-29T16:35:24.147+01:00 DEBUG 36536 --- [payment-service] [SpringApplicationShutdownHook] [                                                 ] o.s.web.client.RestTemplate              : HTTP DELETE http://localhost:8761/eureka/apps/PAYMENT-SERVICE/dominikPC:payment-service:8085
2025-10-29T16:35:24.147+01:00 DEBUG 36536 --- [payment-service] [SpringApplicationShutdownHook] [6902343ca00efe475888eb8fef21f8c1-5888eb8fef21f8c1] o.s.web.client.RestTemplate              : Accept=[application/json, application/yaml, application/*+json]
2025-10-29T16:35:24.172+01:00  INFO 36536 --- [payment-service] [SpringApplicationShutdownHook] [                                                 ] c.n.d.s.t.d.RedirectingEurekaHttpClient  : Request execution error. endpoint=DefaultEndpoint{ serviceUrl='http://localhost:8761/eureka/} exception=I/O error on DELETE request for "http://localhost:8761/eureka/apps/PAYMENT-SERVICE/dominikPC:payment-service:8085": Connect to http://localhost:8761 [localhost/127.0.0.1, localhost/0:0:0:0:0:0:0:1] failed: Connection refused: getsockopt stacktrace=org.springframework.web.client.ResourceAccessException: I/O error on DELETE request for "http://localhost:8761/eureka/apps/PAYMENT-SERVICE/dominikPC:payment-service:8085": Connect to http://localhost:8761 [localhost/127.0.0.1, localhost/0:0:0:0:0:0:0:1] failed: Connection refused: getsockopt
	at org.springframework.web.client.RestTemplate.createResourceAccessException(RestTemplate.java:926)
	at org.springframework.web.client.RestTemplate.doExecute(RestTemplate.java:906)
	at org.springframework.web.client.RestTemplate.execute(RestTemplate.java:841)
	at org.springframework.web.client.RestTemplate.exchange(RestTemplate.java:702)
	at org.springframework.cloud.netflix.eureka.http.RestTemplateEurekaHttpClient.cancel(RestTemplateEurekaHttpClient.java:100)
	at com.netflix.discovery.shared.transport.decorator.EurekaHttpClientDecorator$2.execute(EurekaHttpClientDecorator.java:74)
	at com.netflix.discovery.shared.transport.decorator.RedirectingEurekaHttpClient.execute(RedirectingEurekaHttpClient.java:91)
	at com.netflix.discovery.shared.transport.decorator.EurekaHttpClientDecorator.cancel(EurekaHttpClientDecorator.java:71)
	at com.netflix.discovery.shared.transport.decorator.EurekaHttpClientDecorator$2.execute(EurekaHttpClientDecorator.java:74)
	at com.netflix.discovery.shared.transport.decorator.RetryableEurekaHttpClient.execute(RetryableEurekaHttpClient.java:120)
	at com.netflix.discovery.shared.transport.decorator.EurekaHttpClientDecorator.cancel(EurekaHttpClientDecorator.java:71)
	at com.netflix.discovery.shared.transport.decorator.EurekaHttpClientDecorator$2.execute(EurekaHttpClientDecorator.java:74)
	at com.netflix.discovery.shared.transport.decorator.SessionedEurekaHttpClient.execute(SessionedEurekaHttpClient.java:76)
	at com.netflix.discovery.shared.transport.decorator.EurekaHttpClientDecorator.cancel(EurekaHttpClientDecorator.java:71)
	at com.netflix.discovery.DiscoveryClient.unregister(DiscoveryClient.java:919)
	at com.netflix.discovery.DiscoveryClient.shutdown(DiscoveryClient.java:900)
	at java.base/jdk.internal.reflect.DirectMethodHandleAccessor.invoke(DirectMethodHandleAccessor.java:103)
	at java.base/java.lang.reflect.Method.invoke(Method.java:580)
	at org.springframework.beans.factory.annotation.InitDestroyAnnotationBeanPostProcessor$LifecycleMethod.invoke(InitDestroyAnnotationBeanPostProcessor.java:457)
	at org.springframework.beans.factory.annotation.InitDestroyAnnotationBeanPostProcessor$LifecycleMetadata.invokeDestroyMethods(InitDestroyAnnotationBeanPostProcessor.java:415)
	at org.springframework.beans.factory.annotation.InitDestroyAnnotationBeanPostProcessor.postProcessBeforeDestruction(InitDestroyAnnotationBeanPostProcessor.java:239)
	at org.springframework.beans.factory.support.DisposableBeanAdapter.destroy(DisposableBeanAdapter.java:202)
	at org.springframework.beans.factory.support.DisposableBeanAdapter.run(DisposableBeanAdapter.java:195)
	at org.springframework.cloud.context.scope.GenericScope$BeanLifecycleWrapper.destroy(GenericScope.java:387)
	at org.springframework.cloud.context.scope.GenericScope.destroy(GenericScope.java:134)
	at org.springframework.beans.factory.support.DisposableBeanAdapter.destroy(DisposableBeanAdapter.java:211)
	at org.springframework.beans.factory.support.DefaultSingletonBeanRegistry.destroyBean(DefaultSingletonBeanRegistry.java:798)
	at org.springframework.beans.factory.support.DefaultSingletonBeanRegistry.destroySingleton(DefaultSingletonBeanRegistry.java:748)
	at org.springframework.beans.factory.support.DefaultListableBeanFactory.destroySingleton(DefaultListableBeanFactory.java:1474)
	at org.springframework.beans.factory.support.DefaultSingletonBeanRegistry.destroySingletons(DefaultSingletonBeanRegistry.java:707)
	at org.springframework.beans.factory.support.DefaultListableBeanFactory.destroySingletons(DefaultListableBeanFactory.java:1467)
	at org.springframework.context.support.AbstractApplicationContext.destroyBeans(AbstractApplicationContext.java:1219)
	at org.springframework.context.support.AbstractApplicationContext.doClose(AbstractApplicationContext.java:1180)
	at org.springframework.boot.web.servlet.context.ServletWebServerApplicationContext.doClose(ServletWebServerApplicationContext.java:179)
	at org.springframework.context.support.AbstractApplicationContext.close(AbstractApplicationContext.java:1126)
	at org.springframework.boot.SpringApplicationShutdownHook.closeAndWait(SpringApplicationShutdownHook.java:147)
	at java.base/java.lang.Iterable.forEach(Iterable.java:75)
	at org.springframework.boot.SpringApplicationShutdownHook.run(SpringApplicationShutdownHook.java:116)
	at java.base/java.lang.Thread.run(Thread.java:1570)
Caused by: org.apache.hc.client5.http.HttpHostConnectException: Connect to http://localhost:8761 [localhost/127.0.0.1, localhost/0:0:0:0:0:0:0:1] failed: Connection refused: getsockopt
	at java.base/sun.nio.ch.Net.pollConnect(Native Method)
	at java.base/sun.nio.ch.Net.pollConnectNow(Net.java:682)
	at java.base/sun.nio.ch.NioSocketImpl.timedFinishConnect(NioSocketImpl.java:542)
	at java.base/sun.nio.ch.NioSocketImpl.connect(NioSocketImpl.java:592)
	at java.base/java.net.SocksSocketImpl.connect(SocksSocketImpl.java:327)
	at java.base/java.net.Socket.connect(Socket.java:752)
	at org.apache.hc.client5.http.impl.io.DefaultHttpClientConnectionOperator.connect(DefaultHttpClientConnectionOperator.java:216)
	at org.apache.hc.client5.http.impl.io.PoolingHttpClientConnectionManager.connect(PoolingHttpClientConnectionManager.java:490)
	at org.apache.hc.client5.http.impl.classic.InternalExecRuntime.connectEndpoint(InternalExecRuntime.java:164)
	at org.apache.hc.client5.http.impl.classic.InternalExecRuntime.connectEndpoint(InternalExecRuntime.java:174)
	at org.apache.hc.client5.http.impl.classic.ConnectExec.execute(ConnectExec.java:144)
	at org.apache.hc.client5.http.impl.classic.ExecChainElement.execute(ExecChainElement.java:51)
	at org.apache.hc.client5.http.impl.classic.ProtocolExec.execute(ProtocolExec.java:192)
	at org.apache.hc.client5.http.impl.classic.ExecChainElement.execute(ExecChainElement.java:51)
	at org.apache.hc.client5.http.impl.classic.ContentCompressionExec.execute(ContentCompressionExec.java:150)
	at org.apache.hc.client5.http.impl.classic.ExecChainElement.execute(ExecChainElement.java:51)
	at org.apache.hc.client5.http.impl.classic.HttpRequestRetryExec.execute(HttpRequestRetryExec.java:113)
	at org.apache.hc.client5.http.impl.classic.ExecChainElement.execute(ExecChainElement.java:51)
	at org.apache.hc.client5.http.impl.classic.RedirectExec.execute(RedirectExec.java:110)
	at org.apache.hc.client5.http.impl.classic.ExecChainElement.execute(ExecChainElement.java:51)
	at org.apache.hc.client5.http.impl.classic.InternalHttpClient.doExecute(InternalHttpClient.java:183)
	at org.apache.hc.client5.http.impl.classic.CloseableHttpClient.execute(CloseableHttpClient.java:87)
	at org.apache.hc.client5.http.impl.classic.CloseableHttpClient.execute(CloseableHttpClient.java:55)
	at org.apache.hc.client5.http.classic.HttpClient.executeOpen(HttpClient.java:183)
	at org.springframework.http.client.HttpComponentsClientHttpRequest.executeInternal(HttpComponentsClientHttpRequest.java:99)
	at org.springframework.http.client.AbstractStreamingClientHttpRequest.executeInternal(AbstractStreamingClientHttpRequest.java:71)
	at org.springframework.http.client.AbstractClientHttpRequest.execute(AbstractClientHttpRequest.java:81)
	at org.springframework.http.client.InterceptingClientHttpRequest$InterceptingRequestExecution.execute(InterceptingClientHttpRequest.java:117)
	at org.springframework.cloud.netflix.eureka.http.RestTemplateTransportClientFactory.lambda$restTemplate$2(RestTemplateTransportClientFactory.java:145)
	at org.springframework.http.client.InterceptingClientHttpRequest$InterceptingRequestExecution.execute(InterceptingClientHttpRequest.java:88)
	at org.springframework.http.client.InterceptingClientHttpRequest.executeInternal(InterceptingClientHttpRequest.java:72)
	at org.springframework.http.client.AbstractBufferingClientHttpRequest.executeInternal(AbstractBufferingClientHttpRequest.java:48)
	at org.springframework.http.client.AbstractClientHttpRequest.execute(AbstractClientHttpRequest.java:81)
	at org.springframework.web.client.RestTemplate.doExecute(RestTemplate.java:900)
	... 37 more

2025-10-29T16:35:24.172+01:00  WARN 36536 --- [payment-service] [SpringApplicationShutdownHook] [                                                 ] c.n.d.s.t.d.RetryableEurekaHttpClient    : Request execution failed with message: I/O error on DELETE request for "http://localhost:8761/eureka/apps/PAYMENT-SERVICE/dominikPC:payment-service:8085": Connect to http://localhost:8761 [localhost/127.0.0.1, localhost/0:0:0:0:0:0:0:1] failed: Connection refused: getsockopt
2025-10-29T16:35:24.192+01:00 DEBUG 36536 --- [payment-service] [SpringApplicationShutdownHook] [                                                 ] o.s.web.client.RestTemplate              : HTTP DELETE http://localhost:8761/eureka/apps/PAYMENT-SERVICE/dominikPC:payment-service:8085
2025-10-29T16:35:24.193+01:00 DEBUG 36536 --- [payment-service] [SpringApplicationShutdownHook] [6902343c5249601532238838626263f3-32238838626263f3] o.s.web.client.RestTemplate              : Accept=[application/json, application/yaml, application/*+json]
2025-10-29T16:35:24.208+01:00  INFO 36536 --- [payment-service] [SpringApplicationShutdownHook] [                                                 ] c.n.d.s.t.d.RedirectingEurekaHttpClient  : Request execution error. endpoint=DefaultEndpoint{ serviceUrl='http://localhost:8761/eureka/}, exception=I/O error on DELETE request for "http://localhost:8761/eureka/apps/PAYMENT-SERVICE/dominikPC:payment-service:8085": Connect to http://localhost:8761 [localhost/127.0.0.1, localhost/0:0:0:0:0:0:0:1] failed: Connection refused: getsockopt stacktrace=org.springframework.web.client.ResourceAccessException: I/O error on DELETE request for "http://localhost:8761/eureka/apps/PAYMENT-SERVICE/dominikPC:payment-service:8085": Connect to http://localhost:8761 [localhost/127.0.0.1, localhost/0:0:0:0:0:0:0:1] failed: Connection refused: getsockopt
	at org.springframework.web.client.RestTemplate.createResourceAccessException(RestTemplate.java:926)
	at org.springframework.web.client.RestTemplate.doExecute(RestTemplate.java:906)
	at org.springframework.web.client.RestTemplate.execute(RestTemplate.java:841)
	at org.springframework.web.client.RestTemplate.exchange(RestTemplate.java:702)
	at org.springframework.cloud.netflix.eureka.http.RestTemplateEurekaHttpClient.cancel(RestTemplateEurekaHttpClient.java:100)
	at com.netflix.discovery.shared.transport.decorator.EurekaHttpClientDecorator$2.execute(EurekaHttpClientDecorator.java:74)
	at com.netflix.discovery.shared.transport.decorator.RedirectingEurekaHttpClient.executeOnNewServer(RedirectingEurekaHttpClient.java:121)
	at com.netflix.discovery.shared.transport.decorator.RedirectingEurekaHttpClient.execute(RedirectingEurekaHttpClient.java:80)
	at com.netflix.discovery.shared.transport.decorator.EurekaHttpClientDecorator.cancel(EurekaHttpClientDecorator.java:71)
	at com.netflix.discovery.shared.transport.decorator.EurekaHttpClientDecorator$2.execute(EurekaHttpClientDecorator.java:74)
	at com.netflix.discovery.shared.transport.decorator.RetryableEurekaHttpClient.execute(RetryableEurekaHttpClient.java:120)
	at com.netflix.discovery.shared.transport.decorator.EurekaHttpClientDecorator.cancel(EurekaHttpClientDecorator.java:71)
	at com.netflix.discovery.shared.transport.decorator.EurekaHttpClientDecorator$2.execute(EurekaHttpClientDecorator.java:74)
	at com.netflix.discovery.shared.transport.decorator.SessionedEurekaHttpClient.execute(SessionedEurekaHttpClient.java:76)
	at com.netflix.discovery.shared.transport.decorator.EurekaHttpClientDecorator.cancel(EurekaHttpClientDecorator.java:71)
	at com.netflix.discovery.DiscoveryClient.unregister(DiscoveryClient.java:919)
	at com.netflix.discovery.DiscoveryClient.shutdown(DiscoveryClient.java:900)
	at java.base/jdk.internal.reflect.DirectMethodHandleAccessor.invoke(DirectMethodHandleAccessor.java:103)
	at java.base/java.lang.reflect.Method.invoke(Method.java:580)
	at org.springframework.beans.factory.annotation.InitDestroyAnnotationBeanPostProcessor$LifecycleMethod.invoke(InitDestroyAnnotationBeanPostProcessor.java:457)
	at org.springframework.beans.factory.annotation.InitDestroyAnnotationBeanPostProcessor$LifecycleMetadata.invokeDestroyMethods(InitDestroyAnnotationBeanPostProcessor.java:415)
	at org.springframework.beans.factory.annotation.InitDestroyAnnotationBeanPostProcessor.postProcessBeforeDestruction(InitDestroyAnnotationBeanPostProcessor.java:239)
	at org.springframework.beans.factory.support.DisposableBeanAdapter.destroy(DisposableBeanAdapter.java:202)
	at org.springframework.beans.factory.support.DisposableBeanAdapter.run(DisposableBeanAdapter.java:195)
	at org.springframework.cloud.context.scope.GenericScope$BeanLifecycleWrapper.destroy(GenericScope.java:387)
	at org.springframework.cloud.context.scope.GenericScope.destroy(GenericScope.java:134)
	at org.springframework.beans.factory.support.DisposableBeanAdapter.destroy(DisposableBeanAdapter.java:211)
	at org.springframework.beans.factory.support.DefaultSingletonBeanRegistry.destroyBean(DefaultSingletonBeanRegistry.java:798)
	at org.springframework.beans.factory.support.DefaultSingletonBeanRegistry.destroySingleton(DefaultSingletonBeanRegistry.java:748)
	at org.springframework.beans.factory.support.DefaultListableBeanFactory.destroySingleton(DefaultListableBeanFactory.java:1474)
	at org.springframework.beans.factory.support.DefaultSingletonBeanRegistry.destroySingletons(DefaultSingletonBeanRegistry.java:707)
	at org.springframework.beans.factory.support.DefaultListableBeanFactory.destroySingletons(DefaultListableBeanFactory.java:1467)
	at org.springframework.context.support.AbstractApplicationContext.destroyBeans(AbstractApplicationContext.java:1219)
	at org.springframework.context.support.AbstractApplicationContext.doClose(AbstractApplicationContext.java:1180)
	at org.springframework.boot.web.servlet.context.ServletWebServerApplicationContext.doClose(ServletWebServerApplicationContext.java:179)
	at org.springframework.context.support.AbstractApplicationContext.close(AbstractApplicationContext.java:1126)
	at org.springframework.boot.SpringApplicationShutdownHook.closeAndWait(SpringApplicationShutdownHook.java:147)
	at java.base/java.lang.Iterable.forEach(Iterable.java:75)
	at org.springframework.boot.SpringApplicationShutdownHook.run(SpringApplicationShutdownHook.java:116)
	at java.base/java.lang.Thread.run(Thread.java:1570)
Caused by: org.apache.hc.client5.http.HttpHostConnectException: Connect to http://localhost:8761 [localhost/127.0.0.1, localhost/0:0:0:0:0:0:0:1] failed: Connection refused: getsockopt
	at java.base/sun.nio.ch.Net.pollConnect(Native Method)
	at java.base/sun.nio.ch.Net.pollConnectNow(Net.java:682)
	at java.base/sun.nio.ch.NioSocketImpl.timedFinishConnect(NioSocketImpl.java:542)
	at java.base/sun.nio.ch.NioSocketImpl.connect(NioSocketImpl.java:592)
	at java.base/java.net.SocksSocketImpl.connect(SocksSocketImpl.java:327)
	at java.base/java.net.Socket.connect(Socket.java:752)
	at org.apache.hc.client5.http.impl.io.DefaultHttpClientConnectionOperator.connect(DefaultHttpClientConnectionOperator.java:216)
	at org.apache.hc.client5.http.impl.io.PoolingHttpClientConnectionManager.connect(PoolingHttpClientConnectionManager.java:490)
	at org.apache.hc.client5.http.impl.classic.InternalExecRuntime.connectEndpoint(InternalExecRuntime.java:164)
	at org.apache.hc.client5.http.impl.classic.InternalExecRuntime.connectEndpoint(InternalExecRuntime.java:174)
	at org.apache.hc.client5.http.impl.classic.ConnectExec.execute(ConnectExec.java:144)
	at org.apache.hc.client5.http.impl.classic.ExecChainElement.execute(ExecChainElement.java:51)
	at org.apache.hc.client5.http.impl.classic.ProtocolExec.execute(ProtocolExec.java:192)
	at org.apache.hc.client5.http.impl.classic.ExecChainElement.execute(ExecChainElement.java:51)
	at org.apache.hc.client5.http.impl.classic.ContentCompressionExec.execute(ContentCompressionExec.java:150)
	at org.apache.hc.client5.http.impl.classic.ExecChainElement.execute(ExecChainElement.java:51)
	at org.apache.hc.client5.http.impl.classic.HttpRequestRetryExec.execute(HttpRequestRetryExec.java:113)
	at org.apache.hc.client5.http.impl.classic.ExecChainElement.execute(ExecChainElement.java:51)
	at org.apache.hc.client5.http.impl.classic.RedirectExec.execute(RedirectExec.java:110)
	at org.apache.hc.client5.http.impl.classic.ExecChainElement.execute(ExecChainElement.java:51)
	at org.apache.hc.client5.http.impl.classic.InternalHttpClient.doExecute(InternalHttpClient.java:183)
	at org.apache.hc.client5.http.impl.classic.CloseableHttpClient.execute(CloseableHttpClient.java:87)
	at org.apache.hc.client5.http.impl.classic.CloseableHttpClient.execute(CloseableHttpClient.java:55)
	at org.apache.hc.client5.http.classic.HttpClient.executeOpen(HttpClient.java:183)
	at org.springframework.http.client.HttpComponentsClientHttpRequest.executeInternal(HttpComponentsClientHttpRequest.java:99)
	at org.springframework.http.client.AbstractStreamingClientHttpRequest.executeInternal(AbstractStreamingClientHttpRequest.java:71)
	at org.springframework.http.client.AbstractClientHttpRequest.execute(AbstractClientHttpRequest.java:81)
	at org.springframework.http.client.InterceptingClientHttpRequest$InterceptingRequestExecution.execute(InterceptingClientHttpRequest.java:117)
	at org.springframework.cloud.netflix.eureka.http.RestTemplateTransportClientFactory.lambda$restTemplate$2(RestTemplateTransportClientFactory.java:145)
	at org.springframework.http.client.InterceptingClientHttpRequest$InterceptingRequestExecution.execute(InterceptingClientHttpRequest.java:88)
	at org.springframework.http.client.InterceptingClientHttpRequest.executeInternal(InterceptingClientHttpRequest.java:72)
	at org.springframework.http.client.AbstractBufferingClientHttpRequest.executeInternal(AbstractBufferingClientHttpRequest.java:48)
	at org.springframework.http.client.AbstractClientHttpRequest.execute(AbstractClientHttpRequest.java:81)
	at org.springframework.web.client.RestTemplate.doExecute(RestTemplate.java:900)
	... 38 more

2025-10-29T16:35:24.208+01:00  WARN 36536 --- [payment-service] [SpringApplicationShutdownHook] [                                                 ] c.n.d.s.t.d.RetryableEurekaHttpClient    : Request execution failed with message: I/O error on DELETE request for "http://localhost:8761/eureka/apps/PAYMENT-SERVICE/dominikPC:payment-service:8085": Connect to http://localhost:8761 [localhost/127.0.0.1, localhost/0:0:0:0:0:0:0:1] failed: Connection refused: getsockopt
2025-10-29T16:35:24.208+01:00 ERROR 36536 --- [payment-service] [SpringApplicationShutdownHook] [                                                 ] com.netflix.discovery.DiscoveryClient    : DiscoveryClient_PAYMENT-SERVICE/dominikPC:payment-service:8085 - de-registration failedCannot execute request on any known server

com.netflix.discovery.shared.transport.TransportException: Cannot execute request on any known server
	at com.netflix.discovery.shared.transport.decorator.RetryableEurekaHttpClient.execute(RetryableEurekaHttpClient.java:112) ~[eureka-client-2.0.4.jar:2.0.4]
	at com.netflix.discovery.shared.transport.decorator.EurekaHttpClientDecorator.cancel(EurekaHttpClientDecorator.java:71) ~[eureka-client-2.0.4.jar:2.0.4]
	at com.netflix.discovery.shared.transport.decorator.EurekaHttpClientDecorator$2.execute(EurekaHttpClientDecorator.java:74) ~[eureka-client-2.0.4.jar:2.0.4]
	at com.netflix.discovery.shared.transport.decorator.SessionedEurekaHttpClient.execute(SessionedEurekaHttpClient.java:76) ~[eureka-client-2.0.4.jar:2.0.4]
	at com.netflix.discovery.shared.transport.decorator.EurekaHttpClientDecorator.cancel(EurekaHttpClientDecorator.java:71) ~[eureka-client-2.0.4.jar:2.0.4]
	at com.netflix.discovery.DiscoveryClient.unregister(DiscoveryClient.java:919) ~[eureka-client-2.0.4.jar:2.0.4]
	at com.netflix.discovery.DiscoveryClient.shutdown(DiscoveryClient.java:900) ~[eureka-client-2.0.4.jar:2.0.4]
	at java.base/jdk.internal.reflect.DirectMethodHandleAccessor.invoke(DirectMethodHandleAccessor.java:103) ~[na:na]
	at java.base/java.lang.reflect.Method.invoke(Method.java:580) ~[na:na]
	at org.springframework.beans.factory.annotation.InitDestroyAnnotationBeanPostProcessor$LifecycleMethod.invoke(InitDestroyAnnotationBeanPostProcessor.java:457) ~[spring-beans-6.2.7.jar:6.2.7]
	at org.springframework.beans.factory.annotation.InitDestroyAnnotationBeanPostProcessor$LifecycleMetadata.invokeDestroyMethods(InitDestroyAnnotationBeanPostProcessor.java:415) ~[spring-beans-6.2.7.jar:6.2.7]
	at org.springframework.beans.factory.annotation.InitDestroyAnnotationBeanPostProcessor.postProcessBeforeDestruction(InitDestroyAnnotationBeanPostProcessor.java:239) ~[spring-beans-6.2.7.jar:6.2.7]
	at org.springframework.beans.factory.support.DisposableBeanAdapter.destroy(DisposableBeanAdapter.java:202) ~[spring-beans-6.2.7.jar:6.2.7]
	at org.springframework.beans.factory.support.DisposableBeanAdapter.run(DisposableBeanAdapter.java:195) ~[spring-beans-6.2.7.jar:6.2.7]
	at org.springframework.cloud.context.scope.GenericScope$BeanLifecycleWrapper.destroy(GenericScope.java:387) ~[spring-cloud-context-4.3.0-RC1.jar:4.3.0-RC1]
	at org.springframework.cloud.context.scope.GenericScope.destroy(GenericScope.java:134) ~[spring-cloud-context-4.3.0-RC1.jar:4.3.0-RC1]
	at org.springframework.beans.factory.support.DisposableBeanAdapter.destroy(DisposableBeanAdapter.java:211) ~[spring-beans-6.2.7.jar:6.2.7]
	at org.springframework.beans.factory.support.DefaultSingletonBeanRegistry.destroyBean(DefaultSingletonBeanRegistry.java:798) ~[spring-beans-6.2.7.jar:6.2.7]
	at org.springframework.beans.factory.support.DefaultSingletonBeanRegistry.destroySingleton(DefaultSingletonBeanRegistry.java:748) ~[spring-beans-6.2.7.jar:6.2.7]
	at org.springframework.beans.factory.support.DefaultListableBeanFactory.destroySingleton(DefaultListableBeanFactory.java:1474) ~[spring-beans-6.2.7.jar:6.2.7]
	at org.springframework.beans.factory.support.DefaultSingletonBeanRegistry.destroySingletons(DefaultSingletonBeanRegistry.java:707) ~[spring-beans-6.2.7.jar:6.2.7]
	at org.springframework.beans.factory.support.DefaultListableBeanFactory.destroySingletons(DefaultListableBeanFactory.java:1467) ~[spring-beans-6.2.7.jar:6.2.7]
	at org.springframework.context.support.AbstractApplicationContext.destroyBeans(AbstractApplicationContext.java:1219) ~[spring-context-6.2.7.jar:6.2.7]
	at org.springframework.context.support.AbstractApplicationContext.doClose(AbstractApplicationContext.java:1180) ~[spring-context-6.2.7.jar:6.2.7]
	at org.springframework.boot.web.servlet.context.ServletWebServerApplicationContext.doClose(ServletWebServerApplicationContext.java:179) ~[spring-boot-3.5.0.jar:3.5.0]
	at org.springframework.context.support.AbstractApplicationContext.close(AbstractApplicationContext.java:1126) ~[spring-context-6.2.7.jar:6.2.7]
	at org.springframework.boot.SpringApplicationShutdownHook.closeAndWait(SpringApplicationShutdownHook.java:147) ~[spring-boot-3.5.0.jar:3.5.0]
	at java.base/java.lang.Iterable.forEach(Iterable.java:75) ~[na:na]
	at org.springframework.boot.SpringApplicationShutdownHook.run(SpringApplicationShutdownHook.java:116) ~[spring-boot-3.5.0.jar:3.5.0]
	at java.base/java.lang.Thread.run(Thread.java:1570) ~[na:na]

2025-10-29T16:35:24.210+01:00  INFO 36536 --- [payment-service] [SpringApplicationShutdownHook] [                                                 ] com.netflix.discovery.DiscoveryClient    : Completed shut down of DiscoveryClient
