2025-10-29T16:31:14.348+01:00  INFO 6320 --- [product-service] [main] [                                                 ] c.ecommerce.product.ProductApplication   : Starting ProductApplication using Java 22.0.2 with PID 6320 (C:\Users\domen\Desktop\programowanie\SportShop-microservice\backend\product\target\classes started by domen in C:\Users\domen\Desktop\programowanie\SportShop-microservice\backend)
2025-10-29T16:31:14.361+01:00  INFO 6320 --- [product-service] [main] [                                                 ] c.ecommerce.product.ProductApplication   : No active profile set, falling back to 1 default profile: "default"
2025-10-29T16:31:14.453+01:00  INFO 6320 --- [product-service] [main] [                                                 ] o.s.c.c.c.ConfigServerConfigDataLoader   : Fetching config from server at : http://localhost:8888/
2025-10-29T16:31:14.453+01:00  INFO 6320 --- [product-service] [main] [                                                 ] o.s.c.c.c.ConfigServerConfigDataLoader   : Located environment: name=product-service, profiles=[default], label=null, version=null, state=null
2025-10-29T16:31:17.849+01:00  INFO 6320 --- [product-service] [main] [                                                 ] .s.d.r.c.RepositoryConfigurationDelegate : Bootstrapping Spring Data JPA repositories in DEFAULT mode.
2025-10-29T16:31:18.118+01:00  INFO 6320 --- [product-service] [main] [                                                 ] .s.d.r.c.RepositoryConfigurationDelegate : Finished Spring Data repository scanning in 246 ms. Found 6 JPA repository interfaces.
2025-10-29T16:31:18.660+01:00  INFO 6320 --- [product-service] [main] [                                                 ] faultConfiguringBeanFactoryPostProcessor : No bean named 'errorChannel' has been explicitly defined. Therefore, a default PublishSubscribeChannel will be created.
2025-10-29T16:31:18.673+01:00  INFO 6320 --- [product-service] [main] [                                                 ] faultConfiguringBeanFactoryPostProcessor : No bean named 'integrationHeaderChannelRegistry' has been explicitly defined. Therefore, a default DefaultHeaderChannelRegistry will be created.
2025-10-29T16:31:19.022+01:00  INFO 6320 --- [product-service] [main] [                                                 ] o.s.cloud.context.scope.GenericScope     : BeanFactory id=822878ad-471d-3a44-8b5b-c06f561608c9
2025-10-29T16:31:20.714+01:00  INFO 6320 --- [product-service] [main] [                                                 ] o.s.b.w.embedded.tomcat.TomcatWebServer  : Tomcat initialized with port 8083 (http)
2025-10-29T16:31:20.740+01:00  INFO 6320 --- [product-service] [main] [                                                 ] o.apache.catalina.core.StandardService   : Starting service [Tomcat]
2025-10-29T16:31:20.740+01:00  INFO 6320 --- [product-service] [main] [                                                 ] o.apache.catalina.core.StandardEngine    : Starting Servlet engine: [Apache Tomcat/10.1.41]
2025-10-29T16:31:20.877+01:00  INFO 6320 --- [product-service] [main] [                                                 ] o.a.c.c.C.[.[localhost].[/api/v1]        : Initializing Spring embedded WebApplicationContext
2025-10-29T16:31:20.879+01:00  INFO 6320 --- [product-service] [main] [                                                 ] w.s.c.ServletWebServerApplicationContext : Root WebApplicationContext: initialization completed in 6416 ms
2025-10-29T16:31:22.463+01:00  INFO 6320 --- [product-service] [main] [                                                 ] o.hibernate.jpa.internal.util.LogHelper  : HHH000204: Processing PersistenceUnitInfo [name: default]
2025-10-29T16:31:22.558+01:00  INFO 6320 --- [product-service] [main] [                                                 ] org.hibernate.Version                    : HHH000412: Hibernate ORM core version 6.6.15.Final
2025-10-29T16:31:22.598+01:00  INFO 6320 --- [product-service] [main] [                                                 ] o.h.c.internal.RegionFactoryInitiator    : HHH000026: Second-level cache disabled
2025-10-29T16:31:23.012+01:00  INFO 6320 --- [product-service] [main] [                                                 ] o.s.o.j.p.SpringPersistenceUnitInfo      : No LoadTimeWeaver setup: ignoring JPA class transformer
2025-10-29T16:31:23.074+01:00  INFO 6320 --- [product-service] [main] [                                                 ] com.zaxxer.hikari.HikariDataSource       : HikariPool-1 - Starting...
2025-10-29T16:31:23.525+01:00  INFO 6320 --- [product-service] [main] [                                                 ] com.zaxxer.hikari.pool.HikariPool        : HikariPool-1 - Added connection com.mysql.cj.jdbc.ConnectionImpl@5ad67d82
2025-10-29T16:31:23.528+01:00  INFO 6320 --- [product-service] [main] [                                                 ] com.zaxxer.hikari.HikariDataSource       : HikariPool-1 - Start completed.
2025-10-29T16:31:23.606+01:00  WARN 6320 --- [product-service] [main] [                                                 ] org.hibernate.orm.deprecation            : HHH90000025: MySQL8Dialect does not need to be specified explicitly using 'hibernate.dialect' (remove the property setting and it will be selected by default)
2025-10-29T16:31:23.609+01:00  WARN 6320 --- [product-service] [main] [                                                 ] org.hibernate.orm.deprecation            : HHH90000026: MySQL8Dialect has been deprecated; use org.hibernate.dialect.MySQLDialect instead
2025-10-29T16:31:23.635+01:00  INFO 6320 --- [product-service] [main] [                                                 ] org.hibernate.orm.connections.pooling    : HHH10001005: Database info:
	Database JDBC URL [Connecting through datasource 'HikariDataSource (HikariPool-1)']
	Database driver: undefined/unknown
	Database version: 8.0
	Autocommit mode: undefined/unknown
	Isolation level: undefined/unknown
	Minimum pool size: undefined/unknown
	Maximum pool size: undefined/unknown
2025-10-29T16:31:25.475+01:00  INFO 6320 --- [product-service] [main] [                                                 ] o.h.e.t.j.p.i.JtaPlatformInitiator       : HHH000489: No JTA platform available (set 'hibernate.transaction.jta.platform' to enable JTA platform integration)
2025-10-29T16:31:25.894+01:00  INFO 6320 --- [product-service] [main] [                                                 ] j.LocalContainerEntityManagerFactoryBean : Initialized JPA EntityManagerFactory for persistence unit 'default'
2025-10-29T16:31:27.174+01:00  INFO 6320 --- [product-service] [main] [                                                 ] o.s.d.j.r.query.QueryEnhancerFactory     : Hibernate is in classpath; If applicable, HQL parser will be used.
2025-10-29T16:31:30.073+01:00  WARN 6320 --- [product-service] [main] [                                                 ] JpaBaseConfiguration$JpaWebConfiguration : spring.jpa.open-in-view is enabled by default. Therefore, database queries may be performed during view rendering. Explicitly configure spring.jpa.open-in-view to disable this warning
2025-10-29T16:31:31.981+01:00  INFO 6320 --- [product-service] [main] [                                                 ] o.s.b.a.e.web.EndpointLinksResolver      : Exposing 32 endpoints beneath base path '/actuator'
2025-10-29T16:31:33.650+01:00  WARN 6320 --- [product-service] [main] [                                                 ] ion$DefaultTemplateResolverConfiguration : Cannot find template location: classpath:/templates/ (please add some templates, check your Thymeleaf configuration, or set spring.thymeleaf.check-template-location=false)
2025-10-29T16:31:34.657+01:00  WARN 6320 --- [product-service] [main] [                                                 ] c.f.c.c.BeanFactoryAwareFunctionRegistry : Failed to locate function 'stockUpdate' for function definition 'stockUpdate'. Returning null.
2025-10-29T16:31:34.857+01:00  INFO 6320 --- [product-service] [main] [                                                 ] o.s.c.s.m.DirectWithAttributesChannel    : Channel 'product-service.stockUpdate-in-0' has 1 subscriber(s).
2025-10-29T16:31:36.084+01:00  INFO 6320 --- [product-service] [main] [                                                 ] DiscoveryClientOptionalArgsConfiguration : Eureka HTTP Client uses RestTemplate.
2025-10-29T16:31:36.356+01:00  WARN 6320 --- [product-service] [main] [                                                 ] iguration$LoadBalancerCaffeineWarnLogger : Spring Cloud LoadBalancer is currently working with the default cache. While this cache implementation is useful for development and tests, it's recommended to use Caffeine cache in production.You can switch to using Caffeine cache, by adding it and org.springframework.cache.caffeine.CaffeineCacheManager to the classpath.
2025-10-29T16:31:36.920+01:00  INFO 6320 --- [product-service] [main] [                                                 ] o.s.i.endpoint.EventDrivenConsumer       : Adding {logging-channel-adapter:_org.springframework.integration.errorLogger} as a subscriber to the 'errorChannel' channel
2025-10-29T16:31:36.922+01:00  INFO 6320 --- [product-service] [main] [                                                 ] o.s.i.channel.PublishSubscribeChannel    : Channel 'product-service.errorChannel' has 1 subscriber(s).
2025-10-29T16:31:36.928+01:00  INFO 6320 --- [product-service] [main] [                                                 ] o.s.i.endpoint.EventDrivenConsumer       : started bean '_org.springframework.integration.errorLogger'
2025-10-29T16:31:36.980+01:00  INFO 6320 --- [product-service] [main] [                                                 ] o.s.c.n.eureka.InstanceInfoFactory       : Setting initial instance status as: STARTING
2025-10-29T16:31:37.053+01:00  INFO 6320 --- [product-service] [main] [                                                 ] com.netflix.discovery.DiscoveryClient    : Initializing Eureka in region us-east-1
2025-10-29T16:31:37.073+01:00  INFO 6320 --- [product-service] [main] [                                                 ] c.n.d.s.r.aws.ConfigClusterResolver      : Resolving eureka endpoints via configuration
2025-10-29T16:31:37.103+01:00  INFO 6320 --- [product-service] [main] [                                                 ] com.netflix.discovery.DiscoveryClient    : Disable delta property : false
2025-10-29T16:31:37.104+01:00  INFO 6320 --- [product-service] [main] [                                                 ] com.netflix.discovery.DiscoveryClient    : Single vip registry refresh property : null
2025-10-29T16:31:37.104+01:00  INFO 6320 --- [product-service] [main] [                                                 ] com.netflix.discovery.DiscoveryClient    : Force full registry fetch : false
2025-10-29T16:31:37.105+01:00  INFO 6320 --- [product-service] [main] [                                                 ] com.netflix.discovery.DiscoveryClient    : Application is null : false
2025-10-29T16:31:37.105+01:00  INFO 6320 --- [product-service] [main] [                                                 ] com.netflix.discovery.DiscoveryClient    : Registered Applications size is zero : true
2025-10-29T16:31:37.105+01:00  INFO 6320 --- [product-service] [main] [                                                 ] com.netflix.discovery.DiscoveryClient    : Application version is -1: true
2025-10-29T16:31:37.107+01:00  INFO 6320 --- [product-service] [main] [                                                 ] com.netflix.discovery.DiscoveryClient    : Getting all instance registry info from the eureka server
2025-10-29T16:31:37.904+01:00  INFO 6320 --- [product-service] [main] [                                                 ] com.netflix.discovery.DiscoveryClient    : The response status is 200
2025-10-29T16:31:37.906+01:00  INFO 6320 --- [product-service] [main] [                                                 ] com.netflix.discovery.DiscoveryClient    : Starting heartbeat executor: renew interval is: 30
2025-10-29T16:31:37.910+01:00  INFO 6320 --- [product-service] [main] [                                                 ] c.n.discovery.InstanceInfoReplicator     : InstanceInfoReplicator onDemand update allowed rate per min is 4
2025-10-29T16:31:37.913+01:00  INFO 6320 --- [product-service] [main] [                                                 ] com.netflix.discovery.DiscoveryClient    : Discovery Client initialized at timestamp 1761751897912 with initial instances count: 2
2025-10-29T16:31:37.931+01:00  INFO 6320 --- [product-service] [main] [                                                 ] o.s.c.n.e.s.EurekaServiceRegistry        : Registering application PRODUCT-SERVICE with eureka with status UP
2025-10-29T16:31:37.933+01:00  INFO 6320 --- [product-service] [main] [                                                 ] com.netflix.discovery.DiscoveryClient    : Saw local status change event StatusChangeEvent [timestamp=1761751897933, current=UP, previous=STARTING]
2025-10-29T16:31:37.936+01:00  INFO 6320 --- [product-service] [DiscoveryClient-InstanceInfoReplicator-%d] [                                                 ] com.netflix.discovery.DiscoveryClient    : DiscoveryClient_PRODUCT-SERVICE/dominikPC:product-service:8083: registering service...
2025-10-29T16:31:37.937+01:00  INFO 6320 --- [product-service] [main] [                                                 ] o.s.c.s.binder.DefaultBinderFactory      : Creating binder: kafka
2025-10-29T16:31:37.937+01:00  INFO 6320 --- [product-service] [main] [                                                 ] o.s.c.s.binder.DefaultBinderFactory      : Constructing binder child context for kafka
2025-10-29T16:31:38.012+01:00  INFO 6320 --- [product-service] [DiscoveryClient-InstanceInfoReplicator-%d] [                                                 ] com.netflix.discovery.DiscoveryClient    : DiscoveryClient_PRODUCT-SERVICE/dominikPC:product-service:8083 - registration status: 204
2025-10-29T16:31:38.312+01:00  INFO 6320 --- [product-service] [main] [                                                 ] o.s.c.s.binder.DefaultBinderFactory      : Caching the binder: kafka
2025-10-29T16:31:38.350+01:00  INFO 6320 --- [product-service] [main] [                                                 ] o.a.k.clients.admin.AdminClientConfig    : AdminClientConfig values: 
	auto.include.jmx.reporter = true
	bootstrap.controllers = []
	bootstrap.servers = [localhost:9092]
	client.dns.lookup = use_all_dns_ips
	client.id = 
	connections.max.idle.ms = 300000
	default.api.timeout.ms = 60000
	enable.metrics.push = true
	metadata.max.age.ms = 300000
	metadata.recovery.strategy = none
	metric.reporters = []
	metrics.num.samples = 2
	metrics.recording.level = INFO
	metrics.sample.window.ms = 30000
	receive.buffer.bytes = 65536
	reconnect.backoff.max.ms = 1000
	reconnect.backoff.ms = 50
	request.timeout.ms = 30000
	retries = 2147483647
	retry.backoff.max.ms = 1000
	retry.backoff.ms = 100
	sasl.client.callback.handler.class = null
	sasl.jaas.config = null
	sasl.kerberos.kinit.cmd = /usr/bin/kinit
	sasl.kerberos.min.time.before.relogin = 60000
	sasl.kerberos.service.name = null
	sasl.kerberos.ticket.renew.jitter = 0.05
	sasl.kerberos.ticket.renew.window.factor = 0.8
	sasl.login.callback.handler.class = null
	sasl.login.class = null
	sasl.login.connect.timeout.ms = null
	sasl.login.read.timeout.ms = null
	sasl.login.refresh.buffer.seconds = 300
	sasl.login.refresh.min.period.seconds = 60
	sasl.login.refresh.window.factor = 0.8
	sasl.login.refresh.window.jitter = 0.05
	sasl.login.retry.backoff.max.ms = 10000
	sasl.login.retry.backoff.ms = 100
	sasl.mechanism = GSSAPI
	sasl.oauthbearer.clock.skew.seconds = 30
	sasl.oauthbearer.expected.audience = null
	sasl.oauthbearer.expected.issuer = null
	sasl.oauthbearer.header.urlencode = false
	sasl.oauthbearer.jwks.endpoint.refresh.ms = 3600000
	sasl.oauthbearer.jwks.endpoint.retry.backoff.max.ms = 10000
	sasl.oauthbearer.jwks.endpoint.retry.backoff.ms = 100
	sasl.oauthbearer.jwks.endpoint.url = null
	sasl.oauthbearer.scope.claim.name = scope
	sasl.oauthbearer.sub.claim.name = sub
	sasl.oauthbearer.token.endpoint.url = null
	security.protocol = PLAINTEXT
	security.providers = null
	send.buffer.bytes = 131072
	socket.connection.setup.timeout.max.ms = 30000
	socket.connection.setup.timeout.ms = 10000
	ssl.cipher.suites = null
	ssl.enabled.protocols = [TLSv1.2, TLSv1.3]
	ssl.endpoint.identification.algorithm = https
	ssl.engine.factory.class = null
	ssl.key.password = null
	ssl.keymanager.algorithm = SunX509
	ssl.keystore.certificate.chain = null
	ssl.keystore.key = null
	ssl.keystore.location = null
	ssl.keystore.password = null
	ssl.keystore.type = JKS
	ssl.protocol = TLSv1.3
	ssl.provider = null
	ssl.secure.random.implementation = null
	ssl.trustmanager.algorithm = PKIX
	ssl.truststore.certificates = null
	ssl.truststore.location = null
	ssl.truststore.password = null
	ssl.truststore.type = JKS

2025-10-29T16:31:38.653+01:00  INFO 6320 --- [product-service] [main] [                                                 ] o.a.kafka.common.utils.AppInfoParser     : Kafka version: 3.9.1
2025-10-29T16:31:38.653+01:00  INFO 6320 --- [product-service] [main] [                                                 ] o.a.kafka.common.utils.AppInfoParser     : Kafka commitId: f745dfdcee2b9851
2025-10-29T16:31:38.653+01:00  INFO 6320 --- [product-service] [main] [                                                 ] o.a.kafka.common.utils.AppInfoParser     : Kafka startTimeMs: 1761751898650
2025-10-29T16:31:39.017+01:00  WARN 6320 --- [product-service] [AsyncReporter{ZipkinHttpClientSender{http://localhost:9411/api/v2/spans}}] [                                                 ] z.r.i.AsyncReporter$BoundedAsyncReporter : Spans were dropped due to exceptions. All subsequent errors will be logged at FINE level.
2025-10-29T16:31:39.020+01:00  WARN 6320 --- [product-service] [AsyncReporter{ZipkinHttpClientSender{http://localhost:9411/api/v2/spans}}] [                                                 ] z.r.i.AsyncReporter$BoundedAsyncReporter : Dropped 2 spans due to ConnectException()

java.net.ConnectException: null
	at java.net.http/jdk.internal.net.http.HttpClientImpl.send(HttpClientImpl.java:956) ~[java.net.http:na]
	at java.net.http/jdk.internal.net.http.HttpClientFacade.send(HttpClientFacade.java:133) ~[java.net.http:na]
	at org.springframework.boot.actuate.autoconfigure.tracing.zipkin.ZipkinHttpClientSender.postSpans(ZipkinHttpClientSender.java:60) ~[spring-boot-actuator-autoconfigure-3.5.0.jar:3.5.0]
	at org.springframework.boot.actuate.autoconfigure.tracing.zipkin.HttpSender.postSpans(HttpSender.java:69) ~[spring-boot-actuator-autoconfigure-3.5.0.jar:3.5.0]
	at org.springframework.boot.actuate.autoconfigure.tracing.zipkin.HttpSender.postSpans(HttpSender.java:41) ~[spring-boot-actuator-autoconfigure-3.5.0.jar:3.5.0]
	at zipkin2.reporter.BaseHttpSender.send(BaseHttpSender.java:123) ~[zipkin-reporter-3.5.0.jar:na]
	at zipkin2.reporter.internal.AsyncReporter$BoundedAsyncReporter.flush(AsyncReporter.java:266) ~[zipkin-reporter-3.5.0.jar:na]
	at zipkin2.reporter.internal.AsyncReporter$Flusher.run(AsyncReporter.java:352) ~[zipkin-reporter-3.5.0.jar:na]
	at java.base/java.lang.Thread.run(Thread.java:1570) ~[na:na]
Caused by: java.net.ConnectException: null
	at java.net.http/jdk.internal.net.http.common.Utils.toConnectException(Utils.java:1065) ~[java.net.http:na]
	at java.net.http/jdk.internal.net.http.PlainHttpConnection.connectAsync(PlainHttpConnection.java:227) ~[java.net.http:na]
	at java.net.http/jdk.internal.net.http.PlainHttpConnection.checkRetryConnect(PlainHttpConnection.java:280) ~[java.net.http:na]
	at java.net.http/jdk.internal.net.http.PlainHttpConnection.lambda$connectAsync$2(PlainHttpConnection.java:238) ~[java.net.http:na]
	at java.base/java.util.concurrent.CompletableFuture.uniHandle(CompletableFuture.java:934) ~[na:na]
	at java.base/java.util.concurrent.CompletableFuture$UniHandle.tryFire(CompletableFuture.java:911) ~[na:na]
	at java.base/java.util.concurrent.CompletableFuture.postComplete(CompletableFuture.java:510) ~[na:na]
	at java.base/java.util.concurrent.CompletableFuture$AsyncSupply.run(CompletableFuture.java:1773) ~[na:na]
	at java.base/java.util.concurrent.ThreadPoolExecutor.runWorker(ThreadPoolExecutor.java:1144) ~[na:na]
	at java.base/java.util.concurrent.ThreadPoolExecutor$Worker.run(ThreadPoolExecutor.java:642) ~[na:na]
	... 1 common frames omitted
Caused by: java.nio.channels.ClosedChannelException: null
	at java.base/sun.nio.ch.SocketChannelImpl.ensureOpen(SocketChannelImpl.java:204) ~[na:na]
	at java.base/sun.nio.ch.SocketChannelImpl.beginConnect(SocketChannelImpl.java:873) ~[na:na]
	at java.base/sun.nio.ch.SocketChannelImpl.connect(SocketChannelImpl.java:961) ~[na:na]
	at java.net.http/jdk.internal.net.http.PlainHttpConnection.lambda$connectAsync$1(PlainHttpConnection.java:210) ~[java.net.http:na]
	at java.base/java.security.AccessController.doPrivileged(AccessController.java:571) ~[na:na]
	at java.net.http/jdk.internal.net.http.PlainHttpConnection.connectAsync(PlainHttpConnection.java:212) ~[java.net.http:na]
	... 9 common frames omitted

2025-10-29T16:31:40.557+01:00  INFO 6320 --- [product-service] [kafka-admin-client-thread | adminclient-1] [                                                 ] o.a.kafka.common.utils.AppInfoParser     : App info kafka.admin.client for adminclient-1 unregistered
2025-10-29T16:31:40.563+01:00  INFO 6320 --- [product-service] [kafka-admin-client-thread | adminclient-1] [                                                 ] o.apache.kafka.common.metrics.Metrics    : Metrics scheduler closed
2025-10-29T16:31:40.563+01:00  INFO 6320 --- [product-service] [kafka-admin-client-thread | adminclient-1] [                                                 ] o.apache.kafka.common.metrics.Metrics    : Closing reporter org.apache.kafka.common.metrics.JmxReporter
2025-10-29T16:31:40.564+01:00  INFO 6320 --- [product-service] [kafka-admin-client-thread | adminclient-1] [                                                 ] o.apache.kafka.common.metrics.Metrics    : Metrics reporters closed
2025-10-29T16:31:40.588+01:00  INFO 6320 --- [product-service] [main] [                                                 ] o.a.k.clients.consumer.ConsumerConfig    : ConsumerConfig values: 
	allow.auto.create.topics = true
	auto.commit.interval.ms = 100
	auto.include.jmx.reporter = true
	auto.offset.reset = earliest
	bootstrap.servers = [localhost:9092]
	check.crcs = true
	client.dns.lookup = use_all_dns_ips
	client.id = consumer-product-stock-group-1
	client.rack = 
	connections.max.idle.ms = 540000
	default.api.timeout.ms = 60000
	enable.auto.commit = false
	enable.metrics.push = true
	exclude.internal.topics = true
	fetch.max.bytes = 52428800
	fetch.max.wait.ms = 500
	fetch.min.bytes = 1
	group.id = product-stock-group
	group.instance.id = null
	group.protocol = classic
	group.remote.assignor = null
	heartbeat.interval.ms = 3000
	interceptor.classes = []
	internal.leave.group.on.close = true
	internal.throw.on.fetch.stable.offset.unsupported = false
	isolation.level = read_uncommitted
	key.deserializer = class org.apache.kafka.common.serialization.ByteArrayDeserializer
	max.partition.fetch.bytes = 1048576
	max.poll.interval.ms = 300000
	max.poll.records = 500
	metadata.max.age.ms = 300000
	metadata.recovery.strategy = none
	metric.reporters = []
	metrics.num.samples = 2
	metrics.recording.level = INFO
	metrics.sample.window.ms = 30000
	partition.assignment.strategy = [class org.apache.kafka.clients.consumer.RangeAssignor, class org.apache.kafka.clients.consumer.CooperativeStickyAssignor]
	receive.buffer.bytes = 65536
	reconnect.backoff.max.ms = 1000
	reconnect.backoff.ms = 50
	request.timeout.ms = 30000
	retry.backoff.max.ms = 1000
	retry.backoff.ms = 100
	sasl.client.callback.handler.class = null
	sasl.jaas.config = null
	sasl.kerberos.kinit.cmd = /usr/bin/kinit
	sasl.kerberos.min.time.before.relogin = 60000
	sasl.kerberos.service.name = null
	sasl.kerberos.ticket.renew.jitter = 0.05
	sasl.kerberos.ticket.renew.window.factor = 0.8
	sasl.login.callback.handler.class = null
	sasl.login.class = null
	sasl.login.connect.timeout.ms = null
	sasl.login.read.timeout.ms = null
	sasl.login.refresh.buffer.seconds = 300
	sasl.login.refresh.min.period.seconds = 60
	sasl.login.refresh.window.factor = 0.8
	sasl.login.refresh.window.jitter = 0.05
	sasl.login.retry.backoff.max.ms = 10000
	sasl.login.retry.backoff.ms = 100
	sasl.mechanism = GSSAPI
	sasl.oauthbearer.clock.skew.seconds = 30
	sasl.oauthbearer.expected.audience = null
	sasl.oauthbearer.expected.issuer = null
	sasl.oauthbearer.header.urlencode = false
	sasl.oauthbearer.jwks.endpoint.refresh.ms = 3600000
	sasl.oauthbearer.jwks.endpoint.retry.backoff.max.ms = 10000
	sasl.oauthbearer.jwks.endpoint.retry.backoff.ms = 100
	sasl.oauthbearer.jwks.endpoint.url = null
	sasl.oauthbearer.scope.claim.name = scope
	sasl.oauthbearer.sub.claim.name = sub
	sasl.oauthbearer.token.endpoint.url = null
	security.protocol = PLAINTEXT
	security.providers = null
	send.buffer.bytes = 131072
	session.timeout.ms = 45000
	socket.connection.setup.timeout.max.ms = 30000
	socket.connection.setup.timeout.ms = 10000
	ssl.cipher.suites = null
	ssl.enabled.protocols = [TLSv1.2, TLSv1.3]
	ssl.endpoint.identification.algorithm = https
	ssl.engine.factory.class = null
	ssl.key.password = null
	ssl.keymanager.algorithm = SunX509
	ssl.keystore.certificate.chain = null
	ssl.keystore.key = null
	ssl.keystore.location = null
	ssl.keystore.password = null
	ssl.keystore.type = JKS
	ssl.protocol = TLSv1.3
	ssl.provider = null
	ssl.secure.random.implementation = null
	ssl.trustmanager.algorithm = PKIX
	ssl.truststore.certificates = null
	ssl.truststore.location = null
	ssl.truststore.password = null
	ssl.truststore.type = JKS
	value.deserializer = class org.apache.kafka.common.serialization.ByteArrayDeserializer

2025-10-29T16:31:40.803+01:00  INFO 6320 --- [product-service] [main] [                                                 ] o.a.k.c.t.i.KafkaMetricsCollector        : initializing Kafka metrics collector
2025-10-29T16:31:40.978+01:00  INFO 6320 --- [product-service] [main] [                                                 ] o.a.kafka.common.utils.AppInfoParser     : Kafka version: 3.9.1
2025-10-29T16:31:40.979+01:00  INFO 6320 --- [product-service] [main] [                                                 ] o.a.kafka.common.utils.AppInfoParser     : Kafka commitId: f745dfdcee2b9851
2025-10-29T16:31:40.979+01:00  INFO 6320 --- [product-service] [main] [                                                 ] o.a.kafka.common.utils.AppInfoParser     : Kafka startTimeMs: 1761751900976
2025-10-29T16:31:41.065+01:00  INFO 6320 --- [product-service] [main] [                                                 ] org.apache.kafka.clients.Metadata        : [Consumer clientId=consumer-product-stock-group-1, groupId=product-stock-group] Cluster ID: M9_5TMT2TdSVtqpIpLpv0w
2025-10-29T16:31:41.068+01:00  INFO 6320 --- [product-service] [main] [                                                 ] o.a.k.c.c.internals.ConsumerCoordinator  : [Consumer clientId=consumer-product-stock-group-1, groupId=product-stock-group] Resetting generation and member id due to: consumer pro-actively leaving the group
2025-10-29T16:31:41.069+01:00  INFO 6320 --- [product-service] [main] [                                                 ] o.a.k.c.c.internals.ConsumerCoordinator  : [Consumer clientId=consumer-product-stock-group-1, groupId=product-stock-group] Request joining group due to: consumer pro-actively leaving the group
2025-10-29T16:31:41.075+01:00  INFO 6320 --- [product-service] [main] [                                                 ] o.apache.kafka.common.metrics.Metrics    : Metrics scheduler closed
2025-10-29T16:31:41.075+01:00  INFO 6320 --- [product-service] [main] [                                                 ] o.apache.kafka.common.metrics.Metrics    : Closing reporter org.apache.kafka.common.metrics.JmxReporter
2025-10-29T16:31:41.075+01:00  INFO 6320 --- [product-service] [main] [                                                 ] o.apache.kafka.common.metrics.Metrics    : Closing reporter org.apache.kafka.common.telemetry.internals.ClientTelemetryReporter
2025-10-29T16:31:41.076+01:00  INFO 6320 --- [product-service] [main] [                                                 ] o.apache.kafka.common.metrics.Metrics    : Metrics reporters closed
2025-10-29T16:31:41.080+01:00  INFO 6320 --- [product-service] [main] [                                                 ] o.a.kafka.common.utils.AppInfoParser     : App info kafka.consumer for consumer-product-stock-group-1 unregistered
2025-10-29T16:31:41.174+01:00  INFO 6320 --- [product-service] [main] [                                                 ] o.s.c.stream.binder.BinderErrorChannel   : Channel 'kafka-1207142858.stockUpdate-in-0.errors' has 1 subscriber(s).
2025-10-29T16:31:41.177+01:00  INFO 6320 --- [product-service] [main] [                                                 ] o.s.c.stream.binder.BinderErrorChannel   : Channel 'kafka-1207142858.stockUpdate-in-0.errors' has 0 subscriber(s).
2025-10-29T16:31:41.177+01:00  INFO 6320 --- [product-service] [main] [                                                 ] o.s.c.stream.binder.BinderErrorChannel   : Channel 'kafka-1207142858.stockUpdate-in-0.errors' has 1 subscriber(s).
2025-10-29T16:31:41.177+01:00  INFO 6320 --- [product-service] [main] [                                                 ] o.s.c.stream.binder.BinderErrorChannel   : Channel 'kafka-1207142858.stockUpdate-in-0.errors' has 2 subscriber(s).
2025-10-29T16:31:41.239+01:00  INFO 6320 --- [product-service] [main] [                                                 ] o.a.k.clients.consumer.ConsumerConfig    : ConsumerConfig values: 
	allow.auto.create.topics = true
	auto.commit.interval.ms = 100
	auto.include.jmx.reporter = true
	auto.offset.reset = earliest
	bootstrap.servers = [localhost:9092]
	check.crcs = true
	client.dns.lookup = use_all_dns_ips
	client.id = consumer-product-stock-group-2
	client.rack = 
	connections.max.idle.ms = 540000
	default.api.timeout.ms = 60000
	enable.auto.commit = false
	enable.metrics.push = true
	exclude.internal.topics = true
	fetch.max.bytes = 52428800
	fetch.max.wait.ms = 500
	fetch.min.bytes = 1
	group.id = product-stock-group
	group.instance.id = null
	group.protocol = classic
	group.remote.assignor = null
	heartbeat.interval.ms = 3000
	interceptor.classes = []
	internal.leave.group.on.close = true
	internal.throw.on.fetch.stable.offset.unsupported = false
	isolation.level = read_uncommitted
	key.deserializer = class org.apache.kafka.common.serialization.ByteArrayDeserializer
	max.partition.fetch.bytes = 1048576
	max.poll.interval.ms = 300000
	max.poll.records = 500
	metadata.max.age.ms = 300000
	metadata.recovery.strategy = none
	metric.reporters = []
	metrics.num.samples = 2
	metrics.recording.level = INFO
	metrics.sample.window.ms = 30000
	partition.assignment.strategy = [class org.apache.kafka.clients.consumer.RangeAssignor, class org.apache.kafka.clients.consumer.CooperativeStickyAssignor]
	receive.buffer.bytes = 65536
	reconnect.backoff.max.ms = 1000
	reconnect.backoff.ms = 50
	request.timeout.ms = 30000
	retry.backoff.max.ms = 1000
	retry.backoff.ms = 100
	sasl.client.callback.handler.class = null
	sasl.jaas.config = null
	sasl.kerberos.kinit.cmd = /usr/bin/kinit
	sasl.kerberos.min.time.before.relogin = 60000
	sasl.kerberos.service.name = null
	sasl.kerberos.ticket.renew.jitter = 0.05
	sasl.kerberos.ticket.renew.window.factor = 0.8
	sasl.login.callback.handler.class = null
	sasl.login.class = null
	sasl.login.connect.timeout.ms = null
	sasl.login.read.timeout.ms = null
	sasl.login.refresh.buffer.seconds = 300
	sasl.login.refresh.min.period.seconds = 60
	sasl.login.refresh.window.factor = 0.8
	sasl.login.refresh.window.jitter = 0.05
	sasl.login.retry.backoff.max.ms = 10000
	sasl.login.retry.backoff.ms = 100
	sasl.mechanism = GSSAPI
	sasl.oauthbearer.clock.skew.seconds = 30
	sasl.oauthbearer.expected.audience = null
	sasl.oauthbearer.expected.issuer = null
	sasl.oauthbearer.header.urlencode = false
	sasl.oauthbearer.jwks.endpoint.refresh.ms = 3600000
	sasl.oauthbearer.jwks.endpoint.retry.backoff.max.ms = 10000
	sasl.oauthbearer.jwks.endpoint.retry.backoff.ms = 100
	sasl.oauthbearer.jwks.endpoint.url = null
	sasl.oauthbearer.scope.claim.name = scope
	sasl.oauthbearer.sub.claim.name = sub
	sasl.oauthbearer.token.endpoint.url = null
	security.protocol = PLAINTEXT
	security.providers = null
	send.buffer.bytes = 131072
	session.timeout.ms = 45000
	socket.connection.setup.timeout.max.ms = 30000
	socket.connection.setup.timeout.ms = 10000
	ssl.cipher.suites = null
	ssl.enabled.protocols = [TLSv1.2, TLSv1.3]
	ssl.endpoint.identification.algorithm = https
	ssl.engine.factory.class = null
	ssl.key.password = null
	ssl.keymanager.algorithm = SunX509
	ssl.keystore.certificate.chain = null
	ssl.keystore.key = null
	ssl.keystore.location = null
	ssl.keystore.password = null
	ssl.keystore.type = JKS
	ssl.protocol = TLSv1.3
	ssl.provider = null
	ssl.secure.random.implementation = null
	ssl.trustmanager.algorithm = PKIX
	ssl.truststore.certificates = null
	ssl.truststore.location = null
	ssl.truststore.password = null
	ssl.truststore.type = JKS
	value.deserializer = class org.apache.kafka.common.serialization.ByteArrayDeserializer

2025-10-29T16:31:41.242+01:00  INFO 6320 --- [product-service] [main] [                                                 ] o.a.k.c.t.i.KafkaMetricsCollector        : initializing Kafka metrics collector
2025-10-29T16:31:41.260+01:00  INFO 6320 --- [product-service] [main] [                                                 ] o.a.kafka.common.utils.AppInfoParser     : Kafka version: 3.9.1
2025-10-29T16:31:41.262+01:00  INFO 6320 --- [product-service] [main] [                                                 ] o.a.kafka.common.utils.AppInfoParser     : Kafka commitId: f745dfdcee2b9851
2025-10-29T16:31:41.262+01:00  INFO 6320 --- [product-service] [main] [                                                 ] o.a.kafka.common.utils.AppInfoParser     : Kafka startTimeMs: 1761751901260
2025-10-29T16:31:41.275+01:00  INFO 6320 --- [product-service] [main] [                                                 ] o.a.k.c.c.i.ClassicKafkaConsumer         : [Consumer clientId=consumer-product-stock-group-2, groupId=product-stock-group] Subscribed to topic(s): stock.update
2025-10-29T16:31:41.299+01:00  INFO 6320 --- [product-service] [main] [                                                 ] s.i.k.i.KafkaMessageDrivenChannelAdapter : started org.springframework.integration.kafka.inbound.KafkaMessageDrivenChannelAdapter@333129e3
2025-10-29T16:31:41.338+01:00  INFO 6320 --- [product-service] [main] [                                                 ] o.s.b.w.embedded.tomcat.TomcatWebServer  : Tomcat started on port 8083 (http) with context path '/api/v1'
2025-10-29T16:31:41.341+01:00  INFO 6320 --- [product-service] [main] [                                                 ] .s.c.n.e.s.EurekaAutoServiceRegistration : Updating port to 8083
2025-10-29T16:31:41.354+01:00  INFO 6320 --- [product-service] [KafkaConsumerDestination{consumerDestinationName='stock.update', partitions=1, dlqName='null'}.container-0-C-1] [                                                 ] org.apache.kafka.clients.Metadata        : [Consumer clientId=consumer-product-stock-group-2, groupId=product-stock-group] Cluster ID: M9_5TMT2TdSVtqpIpLpv0w
2025-10-29T16:31:41.362+01:00  INFO 6320 --- [product-service] [KafkaConsumerDestination{consumerDestinationName='stock.update', partitions=1, dlqName='null'}.container-0-C-1] [                                                 ] o.a.k.c.c.internals.ConsumerCoordinator  : [Consumer clientId=consumer-product-stock-group-2, groupId=product-stock-group] Discovered group coordinator kafka:9092 (id: 2147483646 rack: null)
2025-10-29T16:31:41.369+01:00  INFO 6320 --- [product-service] [KafkaConsumerDestination{consumerDestinationName='stock.update', partitions=1, dlqName='null'}.container-0-C-1] [                                                 ] o.a.k.c.c.internals.ConsumerCoordinator  : [Consumer clientId=consumer-product-stock-group-2, groupId=product-stock-group] (Re-)joining group
2025-10-29T16:31:41.437+01:00  INFO 6320 --- [product-service] [KafkaConsumerDestination{consumerDestinationName='stock.update', partitions=1, dlqName='null'}.container-0-C-1] [                                                 ] o.a.k.c.c.internals.ConsumerCoordinator  : [Consumer clientId=consumer-product-stock-group-2, groupId=product-stock-group] Request joining group due to: need to re-join with the given member-id: consumer-product-stock-group-2-5faa327d-f7c0-48d1-a990-d1323650515b
2025-10-29T16:31:41.440+01:00  INFO 6320 --- [product-service] [KafkaConsumerDestination{consumerDestinationName='stock.update', partitions=1, dlqName='null'}.container-0-C-1] [                                                 ] o.a.k.c.c.internals.ConsumerCoordinator  : [Consumer clientId=consumer-product-stock-group-2, groupId=product-stock-group] (Re-)joining group
2025-10-29T16:31:41.707+01:00  INFO 6320 --- [product-service] [main] [                                                 ] c.ecommerce.product.ProductApplication   : Started ProductApplication in 29.9 seconds (process running for 33.175)
2025-10-29T16:31:42.317+01:00  INFO 6320 --- [product-service] [pool-7-thread-1] [                                                 ] o.a.k.clients.consumer.ConsumerConfig    : ConsumerConfig values: 
	allow.auto.create.topics = true
	auto.commit.interval.ms = 5000
	auto.include.jmx.reporter = true
	auto.offset.reset = latest
	bootstrap.servers = [localhost:9092]
	check.crcs = true
	client.dns.lookup = use_all_dns_ips
	client.id = consumer-product-stock-group-3
	client.rack = 
	connections.max.idle.ms = 540000
	default.api.timeout.ms = 60000
	enable.auto.commit = true
	enable.metrics.push = true
	exclude.internal.topics = true
	fetch.max.bytes = 52428800
	fetch.max.wait.ms = 500
	fetch.min.bytes = 1
	group.id = product-stock-group
	group.instance.id = null
	group.protocol = classic
	group.remote.assignor = null
	heartbeat.interval.ms = 3000
	interceptor.classes = []
	internal.leave.group.on.close = true
	internal.throw.on.fetch.stable.offset.unsupported = false
	isolation.level = read_uncommitted
	key.deserializer = class org.apache.kafka.common.serialization.ByteArrayDeserializer
	max.partition.fetch.bytes = 1048576
	max.poll.interval.ms = 300000
	max.poll.records = 500
	metadata.max.age.ms = 300000
	metadata.recovery.strategy = none
	metric.reporters = []
	metrics.num.samples = 2
	metrics.recording.level = INFO
	metrics.sample.window.ms = 30000
	partition.assignment.strategy = [class org.apache.kafka.clients.consumer.RangeAssignor, class org.apache.kafka.clients.consumer.CooperativeStickyAssignor]
	receive.buffer.bytes = 65536
	reconnect.backoff.max.ms = 1000
	reconnect.backoff.ms = 50
	request.timeout.ms = 30000
	retry.backoff.max.ms = 1000
	retry.backoff.ms = 100
	sasl.client.callback.handler.class = null
	sasl.jaas.config = null
	sasl.kerberos.kinit.cmd = /usr/bin/kinit
	sasl.kerberos.min.time.before.relogin = 60000
	sasl.kerberos.service.name = null
	sasl.kerberos.ticket.renew.jitter = 0.05
	sasl.kerberos.ticket.renew.window.factor = 0.8
	sasl.login.callback.handler.class = null
	sasl.login.class = null
	sasl.login.connect.timeout.ms = null
	sasl.login.read.timeout.ms = null
	sasl.login.refresh.buffer.seconds = 300
	sasl.login.refresh.min.period.seconds = 60
	sasl.login.refresh.window.factor = 0.8
	sasl.login.refresh.window.jitter = 0.05
	sasl.login.retry.backoff.max.ms = 10000
	sasl.login.retry.backoff.ms = 100
	sasl.mechanism = GSSAPI
	sasl.oauthbearer.clock.skew.seconds = 30
	sasl.oauthbearer.expected.audience = null
	sasl.oauthbearer.expected.issuer = null
	sasl.oauthbearer.header.urlencode = false
	sasl.oauthbearer.jwks.endpoint.refresh.ms = 3600000
	sasl.oauthbearer.jwks.endpoint.retry.backoff.max.ms = 10000
	sasl.oauthbearer.jwks.endpoint.retry.backoff.ms = 100
	sasl.oauthbearer.jwks.endpoint.url = null
	sasl.oauthbearer.scope.claim.name = scope
	sasl.oauthbearer.sub.claim.name = sub
	sasl.oauthbearer.token.endpoint.url = null
	security.protocol = PLAINTEXT
	security.providers = null
	send.buffer.bytes = 131072
	session.timeout.ms = 45000
	socket.connection.setup.timeout.max.ms = 30000
	socket.connection.setup.timeout.ms = 10000
	ssl.cipher.suites = null
	ssl.enabled.protocols = [TLSv1.2, TLSv1.3]
	ssl.endpoint.identification.algorithm = https
	ssl.engine.factory.class = null
	ssl.key.password = null
	ssl.keymanager.algorithm = SunX509
	ssl.keystore.certificate.chain = null
	ssl.keystore.key = null
	ssl.keystore.location = null
	ssl.keystore.password = null
	ssl.keystore.type = JKS
	ssl.protocol = TLSv1.3
	ssl.provider = null
	ssl.secure.random.implementation = null
	ssl.trustmanager.algorithm = PKIX
	ssl.truststore.certificates = null
	ssl.truststore.location = null
	ssl.truststore.password = null
	ssl.truststore.type = JKS
	value.deserializer = class org.apache.kafka.common.serialization.ByteArrayDeserializer

2025-10-29T16:31:42.318+01:00  INFO 6320 --- [product-service] [pool-7-thread-1] [                                                 ] o.a.k.c.t.i.KafkaMetricsCollector        : initializing Kafka metrics collector
2025-10-29T16:31:42.328+01:00  INFO 6320 --- [product-service] [pool-7-thread-1] [                                                 ] o.a.kafka.common.utils.AppInfoParser     : Kafka version: 3.9.1
2025-10-29T16:31:42.328+01:00  INFO 6320 --- [product-service] [pool-7-thread-1] [                                                 ] o.a.kafka.common.utils.AppInfoParser     : Kafka commitId: f745dfdcee2b9851
2025-10-29T16:31:42.328+01:00  INFO 6320 --- [product-service] [pool-7-thread-1] [                                                 ] o.a.kafka.common.utils.AppInfoParser     : Kafka startTimeMs: 1761751902328
2025-10-29T16:31:42.371+01:00  INFO 6320 --- [product-service] [pool-7-thread-1] [                                                 ] org.apache.kafka.clients.Metadata        : [Consumer clientId=consumer-product-stock-group-3, groupId=product-stock-group] Cluster ID: M9_5TMT2TdSVtqpIpLpv0w
2025-10-29T16:31:42.449+01:00  INFO 6320 --- [product-service] [pool-7-thread-1] [                                                 ] o.a.k.c.c.internals.ConsumerCoordinator  : [Consumer clientId=consumer-product-stock-group-3, groupId=product-stock-group] Discovered group coordinator kafka:9092 (id: 2147483646 rack: null)
2025-10-29T16:32:12.220+01:00  INFO 6320 --- [product-service] [KafkaConsumerDestination{consumerDestinationName='stock.update', partitions=1, dlqName='null'}.container-0-C-1] [                                                 ] o.a.k.c.c.internals.ConsumerCoordinator  : [Consumer clientId=consumer-product-stock-group-2, groupId=product-stock-group] Successfully joined group with generation Generation{generationId=60, memberId='consumer-product-stock-group-2-5faa327d-f7c0-48d1-a990-d1323650515b', protocol='range'}
2025-10-29T16:32:12.232+01:00  INFO 6320 --- [product-service] [KafkaConsumerDestination{consumerDestinationName='stock.update', partitions=1, dlqName='null'}.container-0-C-1] [                                                 ] o.a.k.c.c.internals.ConsumerCoordinator  : [Consumer clientId=consumer-product-stock-group-2, groupId=product-stock-group] Finished assignment for group at generation 60: {consumer-product-stock-group-2-5faa327d-f7c0-48d1-a990-d1323650515b=Assignment(partitions=[stock.update-0])}
2025-10-29T16:32:12.277+01:00  INFO 6320 --- [product-service] [KafkaConsumerDestination{consumerDestinationName='stock.update', partitions=1, dlqName='null'}.container-0-C-1] [                                                 ] o.a.k.c.c.internals.ConsumerCoordinator  : [Consumer clientId=consumer-product-stock-group-2, groupId=product-stock-group] Successfully synced group in generation Generation{generationId=60, memberId='consumer-product-stock-group-2-5faa327d-f7c0-48d1-a990-d1323650515b', protocol='range'}
2025-10-29T16:32:12.278+01:00  INFO 6320 --- [product-service] [KafkaConsumerDestination{consumerDestinationName='stock.update', partitions=1, dlqName='null'}.container-0-C-1] [                                                 ] o.a.k.c.c.internals.ConsumerCoordinator  : [Consumer clientId=consumer-product-stock-group-2, groupId=product-stock-group] Notifying assignor about the new Assignment(partitions=[stock.update-0])
2025-10-29T16:32:12.289+01:00  INFO 6320 --- [product-service] [KafkaConsumerDestination{consumerDestinationName='stock.update', partitions=1, dlqName='null'}.container-0-C-1] [                                                 ] k.c.c.i.ConsumerRebalanceListenerInvoker : [Consumer clientId=consumer-product-stock-group-2, groupId=product-stock-group] Adding newly assigned partitions: stock.update-0
2025-10-29T16:32:12.296+01:00  INFO 6320 --- [product-service] [KafkaConsumerDestination{consumerDestinationName='stock.update', partitions=1, dlqName='null'}.container-0-C-1] [                                                 ] o.a.k.c.c.internals.ConsumerUtils        : Setting offset for partition stock.update-0 to the committed offset FetchPosition{offset=9, offsetEpoch=Optional.empty, currentLeader=LeaderAndEpoch{leader=Optional[kafka:9092 (id: 1 rack: null)], epoch=0}}
2025-10-29T16:32:12.298+01:00  INFO 6320 --- [product-service] [KafkaConsumerDestination{consumerDestinationName='stock.update', partitions=1, dlqName='null'}.container-0-C-1] [                                                 ] o.s.c.s.b.k.KafkaMessageChannelBinder$2  : product-stock-group: partitions assigned: [stock.update-0]
2025-10-29T16:35:20.690+01:00  INFO 6320 --- [product-service] [SpringApplicationShutdownHook] [                                                 ] o.s.c.n.e.s.EurekaServiceRegistry        : Unregistering application PRODUCT-SERVICE with eureka with status DOWN
2025-10-29T16:35:20.691+01:00  INFO 6320 --- [product-service] [SpringApplicationShutdownHook] [                                                 ] com.netflix.discovery.DiscoveryClient    : Saw local status change event StatusChangeEvent [timestamp=1761752120691, current=DOWN, previous=UP]
2025-10-29T16:35:20.692+01:00  INFO 6320 --- [product-service] [DiscoveryClient-InstanceInfoReplicator-%d] [                                                 ] com.netflix.discovery.DiscoveryClient    : DiscoveryClient_PRODUCT-SERVICE/dominikPC:product-service:8083: registering service...
2025-10-29T16:35:20.713+01:00  INFO 6320 --- [product-service] [DiscoveryClient-InstanceInfoReplicator-%d] [                                                 ] com.netflix.discovery.DiscoveryClient    : DiscoveryClient_PRODUCT-SERVICE/dominikPC:product-service:8083 - registration status: 204
2025-10-29T16:35:20.807+01:00  INFO 6320 --- [product-service] [SpringApplicationShutdownHook] [                                                 ] o.a.k.c.c.internals.ConsumerCoordinator  : [Consumer clientId=consumer-product-stock-group-3, groupId=product-stock-group] Resetting generation and member id due to: consumer pro-actively leaving the group
2025-10-29T16:35:20.807+01:00  INFO 6320 --- [product-service] [SpringApplicationShutdownHook] [                                                 ] o.a.k.c.c.internals.ConsumerCoordinator  : [Consumer clientId=consumer-product-stock-group-3, groupId=product-stock-group] Request joining group due to: consumer pro-actively leaving the group
2025-10-29T16:35:20.808+01:00  INFO 6320 --- [product-service] [SpringApplicationShutdownHook] [                                                 ] o.apache.kafka.common.metrics.Metrics    : Metrics scheduler closed
2025-10-29T16:35:20.808+01:00  INFO 6320 --- [product-service] [SpringApplicationShutdownHook] [                                                 ] o.apache.kafka.common.metrics.Metrics    : Closing reporter org.apache.kafka.common.metrics.JmxReporter
2025-10-29T16:35:20.809+01:00  INFO 6320 --- [product-service] [SpringApplicationShutdownHook] [                                                 ] o.apache.kafka.common.metrics.Metrics    : Closing reporter org.apache.kafka.common.telemetry.internals.ClientTelemetryReporter
2025-10-29T16:35:20.809+01:00  INFO 6320 --- [product-service] [SpringApplicationShutdownHook] [                                                 ] o.apache.kafka.common.metrics.Metrics    : Metrics reporters closed
2025-10-29T16:35:20.818+01:00  INFO 6320 --- [product-service] [SpringApplicationShutdownHook] [                                                 ] o.a.kafka.common.utils.AppInfoParser     : App info kafka.consumer for consumer-product-stock-group-3 unregistered
2025-10-29T16:35:20.824+01:00  INFO 6320 --- [product-service] [SpringApplicationShutdownHook] [                                                 ] o.s.b.w.e.tomcat.GracefulShutdown        : Commencing graceful shutdown. Waiting for active requests to complete
2025-10-29T16:35:20.845+01:00  INFO 6320 --- [product-service] [tomcat-shutdown] [                                                 ] o.s.b.w.e.tomcat.GracefulShutdown        : Graceful shutdown complete
2025-10-29T16:35:20.862+01:00  INFO 6320 --- [product-service] [KafkaConsumerDestination{consumerDestinationName='stock.update', partitions=1, dlqName='null'}.container-0-C-1] [                                                 ] k.c.c.i.ConsumerRebalanceListenerInvoker : [Consumer clientId=consumer-product-stock-group-2, groupId=product-stock-group] Revoke previously assigned partitions stock.update-0
2025-10-29T16:35:20.863+01:00  INFO 6320 --- [product-service] [KafkaConsumerDestination{consumerDestinationName='stock.update', partitions=1, dlqName='null'}.container-0-C-1] [                                                 ] o.s.c.s.b.k.KafkaMessageChannelBinder$2  : product-stock-group: partitions revoked: [stock.update-0]
2025-10-29T16:35:20.865+01:00  INFO 6320 --- [product-service] [KafkaConsumerDestination{consumerDestinationName='stock.update', partitions=1, dlqName='null'}.container-0-C-1] [                                                 ] o.a.k.c.c.internals.ConsumerCoordinator  : [Consumer clientId=consumer-product-stock-group-2, groupId=product-stock-group] Member consumer-product-stock-group-2-5faa327d-f7c0-48d1-a990-d1323650515b sending LeaveGroup request to coordinator kafka:9092 (id: 2147483646 rack: null) due to the consumer unsubscribed from all topics
2025-10-29T16:35:20.866+01:00  INFO 6320 --- [product-service] [KafkaConsumerDestination{consumerDestinationName='stock.update', partitions=1, dlqName='null'}.container-0-C-1] [                                                 ] o.a.k.c.c.internals.ConsumerCoordinator  : [Consumer clientId=consumer-product-stock-group-2, groupId=product-stock-group] Resetting generation and member id due to: consumer pro-actively leaving the group
2025-10-29T16:35:20.866+01:00  INFO 6320 --- [product-service] [KafkaConsumerDestination{consumerDestinationName='stock.update', partitions=1, dlqName='null'}.container-0-C-1] [                                                 ] o.a.k.c.c.internals.ConsumerCoordinator  : [Consumer clientId=consumer-product-stock-group-2, groupId=product-stock-group] Request joining group due to: consumer pro-actively leaving the group
2025-10-29T16:35:20.866+01:00  INFO 6320 --- [product-service] [KafkaConsumerDestination{consumerDestinationName='stock.update', partitions=1, dlqName='null'}.container-0-C-1] [                                                 ] o.a.k.c.c.i.ClassicKafkaConsumer         : [Consumer clientId=consumer-product-stock-group-2, groupId=product-stock-group] Unsubscribed all topics or patterns and assigned partitions
2025-10-29T16:35:20.867+01:00  INFO 6320 --- [product-service] [KafkaConsumerDestination{consumerDestinationName='stock.update', partitions=1, dlqName='null'}.container-0-C-1] [                                                 ] o.a.k.c.c.internals.ConsumerCoordinator  : [Consumer clientId=consumer-product-stock-group-2, groupId=product-stock-group] Resetting generation and member id due to: consumer pro-actively leaving the group
2025-10-29T16:35:20.867+01:00  INFO 6320 --- [product-service] [KafkaConsumerDestination{consumerDestinationName='stock.update', partitions=1, dlqName='null'}.container-0-C-1] [                                                 ] o.a.k.c.c.internals.ConsumerCoordinator  : [Consumer clientId=consumer-product-stock-group-2, groupId=product-stock-group] Request joining group due to: consumer pro-actively leaving the group
2025-10-29T16:35:21.211+01:00  INFO 6320 --- [product-service] [KafkaConsumerDestination{consumerDestinationName='stock.update', partitions=1, dlqName='null'}.container-0-C-1] [                                                 ] o.apache.kafka.common.metrics.Metrics    : Metrics scheduler closed
2025-10-29T16:35:21.211+01:00  INFO 6320 --- [product-service] [KafkaConsumerDestination{consumerDestinationName='stock.update', partitions=1, dlqName='null'}.container-0-C-1] [                                                 ] o.apache.kafka.common.metrics.Metrics    : Closing reporter org.apache.kafka.common.metrics.JmxReporter
2025-10-29T16:35:21.212+01:00  INFO 6320 --- [product-service] [KafkaConsumerDestination{consumerDestinationName='stock.update', partitions=1, dlqName='null'}.container-0-C-1] [                                                 ] o.apache.kafka.common.metrics.Metrics    : Closing reporter org.apache.kafka.common.telemetry.internals.ClientTelemetryReporter
2025-10-29T16:35:21.212+01:00  INFO 6320 --- [product-service] [KafkaConsumerDestination{consumerDestinationName='stock.update', partitions=1, dlqName='null'}.container-0-C-1] [                                                 ] o.apache.kafka.common.metrics.Metrics    : Metrics reporters closed
2025-10-29T16:35:21.219+01:00  INFO 6320 --- [product-service] [KafkaConsumerDestination{consumerDestinationName='stock.update', partitions=1, dlqName='null'}.container-0-C-1] [                                                 ] o.a.kafka.common.utils.AppInfoParser     : App info kafka.consumer for consumer-product-stock-group-2 unregistered
2025-10-29T16:35:21.224+01:00  INFO 6320 --- [product-service] [KafkaConsumerDestination{consumerDestinationName='stock.update', partitions=1, dlqName='null'}.container-0-C-1] [                                                 ] o.s.k.l.KafkaMessageListenerContainer    : product-stock-group: Consumer stopped
2025-10-29T16:35:21.231+01:00  INFO 6320 --- [product-service] [SpringApplicationShutdownHook] [                                                 ] s.i.k.i.KafkaMessageDrivenChannelAdapter : stopped org.springframework.integration.kafka.inbound.KafkaMessageDrivenChannelAdapter@333129e3
2025-10-29T16:35:21.257+01:00  INFO 6320 --- [product-service] [SpringApplicationShutdownHook] [                                                 ] o.s.c.stream.binder.BinderErrorChannel   : Channel 'product-service.kafka-1207142858.stockUpdate-in-0.errors' has 1 subscriber(s).
2025-10-29T16:35:21.259+01:00  INFO 6320 --- [product-service] [SpringApplicationShutdownHook] [                                                 ] o.s.c.stream.binder.BinderErrorChannel   : Channel 'product-service.kafka-1207142858.stockUpdate-in-0.errors' has 0 subscriber(s).
2025-10-29T16:35:21.266+01:00  INFO 6320 --- [product-service] [SpringApplicationShutdownHook] [                                                 ] o.s.i.endpoint.EventDrivenConsumer       : Removing {logging-channel-adapter:_org.springframework.integration.errorLogger} as a subscriber to the 'errorChannel' channel
2025-10-29T16:35:21.266+01:00  INFO 6320 --- [product-service] [SpringApplicationShutdownHook] [                                                 ] o.s.i.channel.PublishSubscribeChannel    : Channel 'product-service.errorChannel' has 0 subscriber(s).
2025-10-29T16:35:21.266+01:00  INFO 6320 --- [product-service] [SpringApplicationShutdownHook] [                                                 ] o.s.i.endpoint.EventDrivenConsumer       : stopped bean '_org.springframework.integration.errorLogger'
2025-10-29T16:35:21.286+01:00  INFO 6320 --- [product-service] [SpringApplicationShutdownHook] [                                                 ] j.LocalContainerEntityManagerFactoryBean : Closing JPA EntityManagerFactory for persistence unit 'default'
2025-10-29T16:35:21.315+01:00  INFO 6320 --- [product-service] [SpringApplicationShutdownHook] [                                                 ] com.zaxxer.hikari.HikariDataSource       : HikariPool-1 - Shutdown initiated...
2025-10-29T16:35:21.335+01:00  INFO 6320 --- [product-service] [SpringApplicationShutdownHook] [                                                 ] com.zaxxer.hikari.HikariDataSource       : HikariPool-1 - Shutdown completed.
2025-10-29T16:35:21.695+01:00  INFO 6320 --- [product-service] [SpringApplicationShutdownHook] [                                                 ] com.netflix.discovery.DiscoveryClient    : Shutting down DiscoveryClient ...
2025-10-29T16:35:24.704+01:00  INFO 6320 --- [product-service] [SpringApplicationShutdownHook] [                                                 ] com.netflix.discovery.DiscoveryClient    : Unregistering ...
2025-10-29T16:35:24.739+01:00  INFO 6320 --- [product-service] [SpringApplicationShutdownHook] [                                                 ] c.n.d.s.t.d.RedirectingEurekaHttpClient  : Request execution error. endpoint=DefaultEndpoint{ serviceUrl='http://localhost:8761/eureka/} exception=I/O error on DELETE request for "http://localhost:8761/eureka/apps/PRODUCT-SERVICE/dominikPC:product-service:8083": Connect to http://localhost:8761 [localhost/127.0.0.1, localhost/0:0:0:0:0:0:0:1] failed: Connection refused: getsockopt stacktrace=org.springframework.web.client.ResourceAccessException: I/O error on DELETE request for "http://localhost:8761/eureka/apps/PRODUCT-SERVICE/dominikPC:product-service:8083": Connect to http://localhost:8761 [localhost/127.0.0.1, localhost/0:0:0:0:0:0:0:1] failed: Connection refused: getsockopt
	at org.springframework.web.client.RestTemplate.createResourceAccessException(RestTemplate.java:926)
	at org.springframework.web.client.RestTemplate.doExecute(RestTemplate.java:906)
	at org.springframework.web.client.RestTemplate.execute(RestTemplate.java:841)
	at org.springframework.web.client.RestTemplate.exchange(RestTemplate.java:702)
	at org.springframework.cloud.netflix.eureka.http.RestTemplateEurekaHttpClient.cancel(RestTemplateEurekaHttpClient.java:100)
	at com.netflix.discovery.shared.transport.decorator.EurekaHttpClientDecorator$2.execute(EurekaHttpClientDecorator.java:74)
	at com.netflix.discovery.shared.transport.decorator.RedirectingEurekaHttpClient.execute(RedirectingEurekaHttpClient.java:91)
	at com.netflix.discovery.shared.transport.decorator.EurekaHttpClientDecorator.cancel(EurekaHttpClientDecorator.java:71)
	at com.netflix.discovery.shared.transport.decorator.EurekaHttpClientDecorator$2.execute(EurekaHttpClientDecorator.java:74)
	at com.netflix.discovery.shared.transport.decorator.RetryableEurekaHttpClient.execute(RetryableEurekaHttpClient.java:120)
	at com.netflix.discovery.shared.transport.decorator.EurekaHttpClientDecorator.cancel(EurekaHttpClientDecorator.java:71)
	at com.netflix.discovery.shared.transport.decorator.EurekaHttpClientDecorator$2.execute(EurekaHttpClientDecorator.java:74)
	at com.netflix.discovery.shared.transport.decorator.SessionedEurekaHttpClient.execute(SessionedEurekaHttpClient.java:76)
	at com.netflix.discovery.shared.transport.decorator.EurekaHttpClientDecorator.cancel(EurekaHttpClientDecorator.java:71)
	at com.netflix.discovery.DiscoveryClient.unregister(DiscoveryClient.java:919)
	at com.netflix.discovery.DiscoveryClient.shutdown(DiscoveryClient.java:900)
	at java.base/jdk.internal.reflect.DirectMethodHandleAccessor.invoke(DirectMethodHandleAccessor.java:103)
	at java.base/java.lang.reflect.Method.invoke(Method.java:580)
	at org.springframework.beans.factory.annotation.InitDestroyAnnotationBeanPostProcessor$LifecycleMethod.invoke(InitDestroyAnnotationBeanPostProcessor.java:457)
	at org.springframework.beans.factory.annotation.InitDestroyAnnotationBeanPostProcessor$LifecycleMetadata.invokeDestroyMethods(InitDestroyAnnotationBeanPostProcessor.java:415)
	at org.springframework.beans.factory.annotation.InitDestroyAnnotationBeanPostProcessor.postProcessBeforeDestruction(InitDestroyAnnotationBeanPostProcessor.java:239)
	at org.springframework.beans.factory.support.DisposableBeanAdapter.destroy(DisposableBeanAdapter.java:202)
	at org.springframework.beans.factory.support.DisposableBeanAdapter.run(DisposableBeanAdapter.java:195)
	at org.springframework.cloud.context.scope.GenericScope$BeanLifecycleWrapper.destroy(GenericScope.java:387)
	at org.springframework.cloud.context.scope.GenericScope.destroy(GenericScope.java:134)
	at org.springframework.beans.factory.support.DisposableBeanAdapter.destroy(DisposableBeanAdapter.java:211)
	at org.springframework.beans.factory.support.DefaultSingletonBeanRegistry.destroyBean(DefaultSingletonBeanRegistry.java:798)
	at org.springframework.beans.factory.support.DefaultSingletonBeanRegistry.destroySingleton(DefaultSingletonBeanRegistry.java:748)
	at org.springframework.beans.factory.support.DefaultListableBeanFactory.destroySingleton(DefaultListableBeanFactory.java:1474)
	at org.springframework.beans.factory.support.DefaultSingletonBeanRegistry.destroySingletons(DefaultSingletonBeanRegistry.java:707)
	at org.springframework.beans.factory.support.DefaultListableBeanFactory.destroySingletons(DefaultListableBeanFactory.java:1467)
	at org.springframework.context.support.AbstractApplicationContext.destroyBeans(AbstractApplicationContext.java:1219)
	at org.springframework.context.support.AbstractApplicationContext.doClose(AbstractApplicationContext.java:1180)
	at org.springframework.boot.web.servlet.context.ServletWebServerApplicationContext.doClose(ServletWebServerApplicationContext.java:179)
	at org.springframework.context.support.AbstractApplicationContext.close(AbstractApplicationContext.java:1126)
	at org.springframework.boot.SpringApplicationShutdownHook.closeAndWait(SpringApplicationShutdownHook.java:147)
	at java.base/java.lang.Iterable.forEach(Iterable.java:75)
	at org.springframework.boot.SpringApplicationShutdownHook.run(SpringApplicationShutdownHook.java:116)
	at java.base/java.lang.Thread.run(Thread.java:1570)
Caused by: org.apache.hc.client5.http.HttpHostConnectException: Connect to http://localhost:8761 [localhost/127.0.0.1, localhost/0:0:0:0:0:0:0:1] failed: Connection refused: getsockopt
	at java.base/sun.nio.ch.Net.pollConnect(Native Method)
	at java.base/sun.nio.ch.Net.pollConnectNow(Net.java:682)
	at java.base/sun.nio.ch.NioSocketImpl.timedFinishConnect(NioSocketImpl.java:542)
	at java.base/sun.nio.ch.NioSocketImpl.connect(NioSocketImpl.java:592)
	at java.base/java.net.SocksSocketImpl.connect(SocksSocketImpl.java:327)
	at java.base/java.net.Socket.connect(Socket.java:752)
	at org.apache.hc.client5.http.impl.io.DefaultHttpClientConnectionOperator.connect(DefaultHttpClientConnectionOperator.java:216)
	at org.apache.hc.client5.http.impl.io.PoolingHttpClientConnectionManager.connect(PoolingHttpClientConnectionManager.java:490)
	at org.apache.hc.client5.http.impl.classic.InternalExecRuntime.connectEndpoint(InternalExecRuntime.java:164)
	at org.apache.hc.client5.http.impl.classic.InternalExecRuntime.connectEndpoint(InternalExecRuntime.java:174)
	at org.apache.hc.client5.http.impl.classic.ConnectExec.execute(ConnectExec.java:144)
	at org.apache.hc.client5.http.impl.classic.ExecChainElement.execute(ExecChainElement.java:51)
	at org.apache.hc.client5.http.impl.classic.ProtocolExec.execute(ProtocolExec.java:192)
	at org.apache.hc.client5.http.impl.classic.ExecChainElement.execute(ExecChainElement.java:51)
	at org.apache.hc.client5.http.impl.classic.ContentCompressionExec.execute(ContentCompressionExec.java:150)
	at org.apache.hc.client5.http.impl.classic.ExecChainElement.execute(ExecChainElement.java:51)
	at org.apache.hc.client5.http.impl.classic.HttpRequestRetryExec.execute(HttpRequestRetryExec.java:113)
	at org.apache.hc.client5.http.impl.classic.ExecChainElement.execute(ExecChainElement.java:51)
	at org.apache.hc.client5.http.impl.classic.RedirectExec.execute(RedirectExec.java:110)
	at org.apache.hc.client5.http.impl.classic.ExecChainElement.execute(ExecChainElement.java:51)
	at org.apache.hc.client5.http.impl.classic.InternalHttpClient.doExecute(InternalHttpClient.java:183)
	at org.apache.hc.client5.http.impl.classic.CloseableHttpClient.execute(CloseableHttpClient.java:87)
	at org.apache.hc.client5.http.impl.classic.CloseableHttpClient.execute(CloseableHttpClient.java:55)
	at org.apache.hc.client5.http.classic.HttpClient.executeOpen(HttpClient.java:183)
	at org.springframework.http.client.HttpComponentsClientHttpRequest.executeInternal(HttpComponentsClientHttpRequest.java:99)
	at org.springframework.http.client.AbstractStreamingClientHttpRequest.executeInternal(AbstractStreamingClientHttpRequest.java:71)
	at org.springframework.http.client.AbstractClientHttpRequest.execute(AbstractClientHttpRequest.java:81)
	at org.springframework.http.client.InterceptingClientHttpRequest$InterceptingRequestExecution.execute(InterceptingClientHttpRequest.java:117)
	at org.springframework.cloud.netflix.eureka.http.RestTemplateTransportClientFactory.lambda$restTemplate$2(RestTemplateTransportClientFactory.java:145)
	at org.springframework.http.client.InterceptingClientHttpRequest$InterceptingRequestExecution.execute(InterceptingClientHttpRequest.java:88)
	at org.springframework.http.client.InterceptingClientHttpRequest.executeInternal(InterceptingClientHttpRequest.java:72)
	at org.springframework.http.client.AbstractBufferingClientHttpRequest.executeInternal(AbstractBufferingClientHttpRequest.java:48)
	at org.springframework.http.client.AbstractClientHttpRequest.execute(AbstractClientHttpRequest.java:81)
	at org.springframework.web.client.RestTemplate.doExecute(RestTemplate.java:900)
	... 37 more

2025-10-29T16:35:24.739+01:00  WARN 6320 --- [product-service] [SpringApplicationShutdownHook] [                                                 ] c.n.d.s.t.d.RetryableEurekaHttpClient    : Request execution failed with message: I/O error on DELETE request for "http://localhost:8761/eureka/apps/PRODUCT-SERVICE/dominikPC:product-service:8083": Connect to http://localhost:8761 [localhost/127.0.0.1, localhost/0:0:0:0:0:0:0:1] failed: Connection refused: getsockopt
2025-10-29T16:35:24.758+01:00  INFO 6320 --- [product-service] [SpringApplicationShutdownHook] [                                                 ] c.n.d.s.t.d.RedirectingEurekaHttpClient  : Request execution error. endpoint=DefaultEndpoint{ serviceUrl='http://localhost:8761/eureka/}, exception=I/O error on DELETE request for "http://localhost:8761/eureka/apps/PRODUCT-SERVICE/dominikPC:product-service:8083": Connect to http://localhost:8761 [localhost/127.0.0.1, localhost/0:0:0:0:0:0:0:1] failed: Connection refused: getsockopt stacktrace=org.springframework.web.client.ResourceAccessException: I/O error on DELETE request for "http://localhost:8761/eureka/apps/PRODUCT-SERVICE/dominikPC:product-service:8083": Connect to http://localhost:8761 [localhost/127.0.0.1, localhost/0:0:0:0:0:0:0:1] failed: Connection refused: getsockopt
	at org.springframework.web.client.RestTemplate.createResourceAccessException(RestTemplate.java:926)
	at org.springframework.web.client.RestTemplate.doExecute(RestTemplate.java:906)
	at org.springframework.web.client.RestTemplate.execute(RestTemplate.java:841)
	at org.springframework.web.client.RestTemplate.exchange(RestTemplate.java:702)
	at org.springframework.cloud.netflix.eureka.http.RestTemplateEurekaHttpClient.cancel(RestTemplateEurekaHttpClient.java:100)
	at com.netflix.discovery.shared.transport.decorator.EurekaHttpClientDecorator$2.execute(EurekaHttpClientDecorator.java:74)
	at com.netflix.discovery.shared.transport.decorator.RedirectingEurekaHttpClient.executeOnNewServer(RedirectingEurekaHttpClient.java:121)
	at com.netflix.discovery.shared.transport.decorator.RedirectingEurekaHttpClient.execute(RedirectingEurekaHttpClient.java:80)
	at com.netflix.discovery.shared.transport.decorator.EurekaHttpClientDecorator.cancel(EurekaHttpClientDecorator.java:71)
	at com.netflix.discovery.shared.transport.decorator.EurekaHttpClientDecorator$2.execute(EurekaHttpClientDecorator.java:74)
	at com.netflix.discovery.shared.transport.decorator.RetryableEurekaHttpClient.execute(RetryableEurekaHttpClient.java:120)
	at com.netflix.discovery.shared.transport.decorator.EurekaHttpClientDecorator.cancel(EurekaHttpClientDecorator.java:71)
	at com.netflix.discovery.shared.transport.decorator.EurekaHttpClientDecorator$2.execute(EurekaHttpClientDecorator.java:74)
	at com.netflix.discovery.shared.transport.decorator.SessionedEurekaHttpClient.execute(SessionedEurekaHttpClient.java:76)
	at com.netflix.discovery.shared.transport.decorator.EurekaHttpClientDecorator.cancel(EurekaHttpClientDecorator.java:71)
	at com.netflix.discovery.DiscoveryClient.unregister(DiscoveryClient.java:919)
	at com.netflix.discovery.DiscoveryClient.shutdown(DiscoveryClient.java:900)
	at java.base/jdk.internal.reflect.DirectMethodHandleAccessor.invoke(DirectMethodHandleAccessor.java:103)
	at java.base/java.lang.reflect.Method.invoke(Method.java:580)
	at org.springframework.beans.factory.annotation.InitDestroyAnnotationBeanPostProcessor$LifecycleMethod.invoke(InitDestroyAnnotationBeanPostProcessor.java:457)
	at org.springframework.beans.factory.annotation.InitDestroyAnnotationBeanPostProcessor$LifecycleMetadata.invokeDestroyMethods(InitDestroyAnnotationBeanPostProcessor.java:415)
	at org.springframework.beans.factory.annotation.InitDestroyAnnotationBeanPostProcessor.postProcessBeforeDestruction(InitDestroyAnnotationBeanPostProcessor.java:239)
	at org.springframework.beans.factory.support.DisposableBeanAdapter.destroy(DisposableBeanAdapter.java:202)
	at org.springframework.beans.factory.support.DisposableBeanAdapter.run(DisposableBeanAdapter.java:195)
	at org.springframework.cloud.context.scope.GenericScope$BeanLifecycleWrapper.destroy(GenericScope.java:387)
	at org.springframework.cloud.context.scope.GenericScope.destroy(GenericScope.java:134)
	at org.springframework.beans.factory.support.DisposableBeanAdapter.destroy(DisposableBeanAdapter.java:211)
	at org.springframework.beans.factory.support.DefaultSingletonBeanRegistry.destroyBean(DefaultSingletonBeanRegistry.java:798)
	at org.springframework.beans.factory.support.DefaultSingletonBeanRegistry.destroySingleton(DefaultSingletonBeanRegistry.java:748)
	at org.springframework.beans.factory.support.DefaultListableBeanFactory.destroySingleton(DefaultListableBeanFactory.java:1474)
	at org.springframework.beans.factory.support.DefaultSingletonBeanRegistry.destroySingletons(DefaultSingletonBeanRegistry.java:707)
	at org.springframework.beans.factory.support.DefaultListableBeanFactory.destroySingletons(DefaultListableBeanFactory.java:1467)
	at org.springframework.context.support.AbstractApplicationContext.destroyBeans(AbstractApplicationContext.java:1219)
	at org.springframework.context.support.AbstractApplicationContext.doClose(AbstractApplicationContext.java:1180)
	at org.springframework.boot.web.servlet.context.ServletWebServerApplicationContext.doClose(ServletWebServerApplicationContext.java:179)
	at org.springframework.context.support.AbstractApplicationContext.close(AbstractApplicationContext.java:1126)
	at org.springframework.boot.SpringApplicationShutdownHook.closeAndWait(SpringApplicationShutdownHook.java:147)
	at java.base/java.lang.Iterable.forEach(Iterable.java:75)
	at org.springframework.boot.SpringApplicationShutdownHook.run(SpringApplicationShutdownHook.java:116)
	at java.base/java.lang.Thread.run(Thread.java:1570)
Caused by: org.apache.hc.client5.http.HttpHostConnectException: Connect to http://localhost:8761 [localhost/127.0.0.1, localhost/0:0:0:0:0:0:0:1] failed: Connection refused: getsockopt
	at java.base/sun.nio.ch.Net.pollConnect(Native Method)
	at java.base/sun.nio.ch.Net.pollConnectNow(Net.java:682)
	at java.base/sun.nio.ch.NioSocketImpl.timedFinishConnect(NioSocketImpl.java:542)
	at java.base/sun.nio.ch.NioSocketImpl.connect(NioSocketImpl.java:592)
	at java.base/java.net.SocksSocketImpl.connect(SocksSocketImpl.java:327)
	at java.base/java.net.Socket.connect(Socket.java:752)
	at org.apache.hc.client5.http.impl.io.DefaultHttpClientConnectionOperator.connect(DefaultHttpClientConnectionOperator.java:216)
	at org.apache.hc.client5.http.impl.io.PoolingHttpClientConnectionManager.connect(PoolingHttpClientConnectionManager.java:490)
	at org.apache.hc.client5.http.impl.classic.InternalExecRuntime.connectEndpoint(InternalExecRuntime.java:164)
	at org.apache.hc.client5.http.impl.classic.InternalExecRuntime.connectEndpoint(InternalExecRuntime.java:174)
	at org.apache.hc.client5.http.impl.classic.ConnectExec.execute(ConnectExec.java:144)
	at org.apache.hc.client5.http.impl.classic.ExecChainElement.execute(ExecChainElement.java:51)
	at org.apache.hc.client5.http.impl.classic.ProtocolExec.execute(ProtocolExec.java:192)
	at org.apache.hc.client5.http.impl.classic.ExecChainElement.execute(ExecChainElement.java:51)
	at org.apache.hc.client5.http.impl.classic.ContentCompressionExec.execute(ContentCompressionExec.java:150)
	at org.apache.hc.client5.http.impl.classic.ExecChainElement.execute(ExecChainElement.java:51)
	at org.apache.hc.client5.http.impl.classic.HttpRequestRetryExec.execute(HttpRequestRetryExec.java:113)
	at org.apache.hc.client5.http.impl.classic.ExecChainElement.execute(ExecChainElement.java:51)
	at org.apache.hc.client5.http.impl.classic.RedirectExec.execute(RedirectExec.java:110)
	at org.apache.hc.client5.http.impl.classic.ExecChainElement.execute(ExecChainElement.java:51)
	at org.apache.hc.client5.http.impl.classic.InternalHttpClient.doExecute(InternalHttpClient.java:183)
	at org.apache.hc.client5.http.impl.classic.CloseableHttpClient.execute(CloseableHttpClient.java:87)
	at org.apache.hc.client5.http.impl.classic.CloseableHttpClient.execute(CloseableHttpClient.java:55)
	at org.apache.hc.client5.http.classic.HttpClient.executeOpen(HttpClient.java:183)
	at org.springframework.http.client.HttpComponentsClientHttpRequest.executeInternal(HttpComponentsClientHttpRequest.java:99)
	at org.springframework.http.client.AbstractStreamingClientHttpRequest.executeInternal(AbstractStreamingClientHttpRequest.java:71)
	at org.springframework.http.client.AbstractClientHttpRequest.execute(AbstractClientHttpRequest.java:81)
	at org.springframework.http.client.InterceptingClientHttpRequest$InterceptingRequestExecution.execute(InterceptingClientHttpRequest.java:117)
	at org.springframework.cloud.netflix.eureka.http.RestTemplateTransportClientFactory.lambda$restTemplate$2(RestTemplateTransportClientFactory.java:145)
	at org.springframework.http.client.InterceptingClientHttpRequest$InterceptingRequestExecution.execute(InterceptingClientHttpRequest.java:88)
	at org.springframework.http.client.InterceptingClientHttpRequest.executeInternal(InterceptingClientHttpRequest.java:72)
	at org.springframework.http.client.AbstractBufferingClientHttpRequest.executeInternal(AbstractBufferingClientHttpRequest.java:48)
	at org.springframework.http.client.AbstractClientHttpRequest.execute(AbstractClientHttpRequest.java:81)
	at org.springframework.web.client.RestTemplate.doExecute(RestTemplate.java:900)
	... 38 more

2025-10-29T16:35:24.758+01:00  WARN 6320 --- [product-service] [SpringApplicationShutdownHook] [                                                 ] c.n.d.s.t.d.RetryableEurekaHttpClient    : Request execution failed with message: I/O error on DELETE request for "http://localhost:8761/eureka/apps/PRODUCT-SERVICE/dominikPC:product-service:8083": Connect to http://localhost:8761 [localhost/127.0.0.1, localhost/0:0:0:0:0:0:0:1] failed: Connection refused: getsockopt
2025-10-29T16:35:24.758+01:00 ERROR 6320 --- [product-service] [SpringApplicationShutdownHook] [                                                 ] com.netflix.discovery.DiscoveryClient    : DiscoveryClient_PRODUCT-SERVICE/dominikPC:product-service:8083 - de-registration failedCannot execute request on any known server

com.netflix.discovery.shared.transport.TransportException: Cannot execute request on any known server
	at com.netflix.discovery.shared.transport.decorator.RetryableEurekaHttpClient.execute(RetryableEurekaHttpClient.java:112) ~[eureka-client-2.0.4.jar:2.0.4]
	at com.netflix.discovery.shared.transport.decorator.EurekaHttpClientDecorator.cancel(EurekaHttpClientDecorator.java:71) ~[eureka-client-2.0.4.jar:2.0.4]
	at com.netflix.discovery.shared.transport.decorator.EurekaHttpClientDecorator$2.execute(EurekaHttpClientDecorator.java:74) ~[eureka-client-2.0.4.jar:2.0.4]
	at com.netflix.discovery.shared.transport.decorator.SessionedEurekaHttpClient.execute(SessionedEurekaHttpClient.java:76) ~[eureka-client-2.0.4.jar:2.0.4]
	at com.netflix.discovery.shared.transport.decorator.EurekaHttpClientDecorator.cancel(EurekaHttpClientDecorator.java:71) ~[eureka-client-2.0.4.jar:2.0.4]
	at com.netflix.discovery.DiscoveryClient.unregister(DiscoveryClient.java:919) ~[eureka-client-2.0.4.jar:2.0.4]
	at com.netflix.discovery.DiscoveryClient.shutdown(DiscoveryClient.java:900) ~[eureka-client-2.0.4.jar:2.0.4]
	at java.base/jdk.internal.reflect.DirectMethodHandleAccessor.invoke(DirectMethodHandleAccessor.java:103) ~[na:na]
	at java.base/java.lang.reflect.Method.invoke(Method.java:580) ~[na:na]
	at org.springframework.beans.factory.annotation.InitDestroyAnnotationBeanPostProcessor$LifecycleMethod.invoke(InitDestroyAnnotationBeanPostProcessor.java:457) ~[spring-beans-6.2.7.jar:6.2.7]
	at org.springframework.beans.factory.annotation.InitDestroyAnnotationBeanPostProcessor$LifecycleMetadata.invokeDestroyMethods(InitDestroyAnnotationBeanPostProcessor.java:415) ~[spring-beans-6.2.7.jar:6.2.7]
	at org.springframework.beans.factory.annotation.InitDestroyAnnotationBeanPostProcessor.postProcessBeforeDestruction(InitDestroyAnnotationBeanPostProcessor.java:239) ~[spring-beans-6.2.7.jar:6.2.7]
	at org.springframework.beans.factory.support.DisposableBeanAdapter.destroy(DisposableBeanAdapter.java:202) ~[spring-beans-6.2.7.jar:6.2.7]
	at org.springframework.beans.factory.support.DisposableBeanAdapter.run(DisposableBeanAdapter.java:195) ~[spring-beans-6.2.7.jar:6.2.7]
	at org.springframework.cloud.context.scope.GenericScope$BeanLifecycleWrapper.destroy(GenericScope.java:387) ~[spring-cloud-context-4.3.0-RC1.jar:4.3.0-RC1]
	at org.springframework.cloud.context.scope.GenericScope.destroy(GenericScope.java:134) ~[spring-cloud-context-4.3.0-RC1.jar:4.3.0-RC1]
	at org.springframework.beans.factory.support.DisposableBeanAdapter.destroy(DisposableBeanAdapter.java:211) ~[spring-beans-6.2.7.jar:6.2.7]
	at org.springframework.beans.factory.support.DefaultSingletonBeanRegistry.destroyBean(DefaultSingletonBeanRegistry.java:798) ~[spring-beans-6.2.7.jar:6.2.7]
	at org.springframework.beans.factory.support.DefaultSingletonBeanRegistry.destroySingleton(DefaultSingletonBeanRegistry.java:748) ~[spring-beans-6.2.7.jar:6.2.7]
	at org.springframework.beans.factory.support.DefaultListableBeanFactory.destroySingleton(DefaultListableBeanFactory.java:1474) ~[spring-beans-6.2.7.jar:6.2.7]
	at org.springframework.beans.factory.support.DefaultSingletonBeanRegistry.destroySingletons(DefaultSingletonBeanRegistry.java:707) ~[spring-beans-6.2.7.jar:6.2.7]
	at org.springframework.beans.factory.support.DefaultListableBeanFactory.destroySingletons(DefaultListableBeanFactory.java:1467) ~[spring-beans-6.2.7.jar:6.2.7]
	at org.springframework.context.support.AbstractApplicationContext.destroyBeans(AbstractApplicationContext.java:1219) ~[spring-context-6.2.7.jar:6.2.7]
	at org.springframework.context.support.AbstractApplicationContext.doClose(AbstractApplicationContext.java:1180) ~[spring-context-6.2.7.jar:6.2.7]
	at org.springframework.boot.web.servlet.context.ServletWebServerApplicationContext.doClose(ServletWebServerApplicationContext.java:179) ~[spring-boot-3.5.0.jar:3.5.0]
	at org.springframework.context.support.AbstractApplicationContext.close(AbstractApplicationContext.java:1126) ~[spring-context-6.2.7.jar:6.2.7]
	at org.springframework.boot.SpringApplicationShutdownHook.closeAndWait(SpringApplicationShutdownHook.java:147) ~[spring-boot-3.5.0.jar:3.5.0]
	at java.base/java.lang.Iterable.forEach(Iterable.java:75) ~[na:na]
	at org.springframework.boot.SpringApplicationShutdownHook.run(SpringApplicationShutdownHook.java:116) ~[spring-boot-3.5.0.jar:3.5.0]
	at java.base/java.lang.Thread.run(Thread.java:1570) ~[na:na]

2025-10-29T16:35:24.760+01:00  INFO 6320 --- [product-service] [SpringApplicationShutdownHook] [                                                 ] com.netflix.discovery.DiscoveryClient    : Completed shut down of DiscoveryClient
